INFO - 2024-02-23 11:53:10 --> Session: Class initialized using 'CodeIgniter\Session\Handlers\FileHandler' driver.
ERROR - 2024-02-23 11:53:28 --> Error connecting to the database: mysqli_sql_exception: No connection could be made because the target machine actively refused it in D:\Udin\SMP 1\web\pengumuman_kelulusan\system\Database\MySQLi\Connection.php:185
Stack trace:
#0 D:\Udin\SMP 1\web\pengumuman_kelulusan\system\Database\MySQLi\Connection.php(185): mysqli->real_connect('localhost', 'root', '', 'login_db', 3306, '', 0)
#1 D:\Udin\SMP 1\web\pengumuman_kelulusan\system\Database\BaseConnection.php(392): CodeIgniter\Database\MySQLi\Connection->connect(false)
#2 D:\Udin\SMP 1\web\pengumuman_kelulusan\system\Database\BaseConnection.php(575): CodeIgniter\Database\BaseConnection->initialize()
#3 D:\Udin\SMP 1\web\pengumuman_kelulusan\system\Database\BaseBuilder.php(1615): CodeIgniter\Database\BaseConnection->query('SELECT *\nFROM `...', Array, false)
#4 D:\Udin\SMP 1\web\pengumuman_kelulusan\system\Model.php(264): CodeIgniter\Database\BaseBuilder->get()
#5 D:\Udin\SMP 1\web\pengumuman_kelulusan\system\BaseModel.php(662): CodeIgniter\Model->doFirst()
#6 D:\Udin\SMP 1\web\pengumuman_kelulusan\app\Controllers\Login.php(23): CodeIgniter\BaseModel->first()
#7 D:\Udin\SMP 1\web\pengumuman_kelulusan\system\CodeIgniter.php(942): App\Controllers\Login->index()
#8 D:\Udin\SMP 1\web\pengumuman_kelulusan\system\CodeIgniter.php(502): CodeIgniter\CodeIgniter->runController(Object(App\Controllers\Login))
#9 D:\Udin\SMP 1\web\pengumuman_kelulusan\system\CodeIgniter.php(361): CodeIgniter\CodeIgniter->handleRequest(NULL, Object(Config\Cache), false)
#10 D:\Udin\SMP 1\web\pengumuman_kelulusan\public\index.php(79): CodeIgniter\CodeIgniter->run()
#11 D:\Udin\SMP 1\web\pengumuman_kelulusan\system\Commands\Server\rewrite.php(47): require_once('D:\\Udin\\SMP 1\\w...')
#12 {main}

Next CodeIgniter\Database\Exceptions\DatabaseException: No connection could be made because the target machine actively refused it in D:\Udin\SMP 1\web\pengumuman_kelulusan\system\Database\MySQLi\Connection.php:229
Stack trace:
#0 D:\Udin\SMP 1\web\pengumuman_kelulusan\system\Database\BaseConnection.php(392): CodeIgniter\Database\MySQLi\Connection->connect(false)
#1 D:\Udin\SMP 1\web\pengumuman_kelulusan\system\Database\BaseConnection.php(575): CodeIgniter\Database\BaseConnection->initialize()
#2 D:\Udin\SMP 1\web\pengumuman_kelulusan\system\Database\BaseBuilder.php(1615): CodeIgniter\Database\BaseConnection->query('SELECT *\nFROM `...', Array, false)
#3 D:\Udin\SMP 1\web\pengumuman_kelulusan\system\Model.php(264): CodeIgniter\Database\BaseBuilder->get()
#4 D:\Udin\SMP 1\web\pengumuman_kelulusan\system\BaseModel.php(662): CodeIgniter\Model->doFirst()
#5 D:\Udin\SMP 1\web\pengumuman_kelulusan\app\Controllers\Login.php(23): CodeIgniter\BaseModel->first()
#6 D:\Udin\SMP 1\web\pengumuman_kelulusan\system\CodeIgniter.php(942): App\Controllers\Login->index()
#7 D:\Udin\SMP 1\web\pengumuman_kelulusan\system\CodeIgniter.php(502): CodeIgniter\CodeIgniter->runController(Object(App\Controllers\Login))
#8 D:\Udin\SMP 1\web\pengumuman_kelulusan\system\CodeIgniter.php(361): CodeIgniter\CodeIgniter->handleRequest(NULL, Object(Config\Cache), false)
#9 D:\Udin\SMP 1\web\pengumuman_kelulusan\public\index.php(79): CodeIgniter\CodeIgniter->run()
#10 D:\Udin\SMP 1\web\pengumuman_kelulusan\system\Commands\Server\rewrite.php(47): require_once('D:\\Udin\\SMP 1\\w...')
#11 {main}
CRITICAL - 2024-02-23 11:53:28 --> Unable to connect to the database.
Main connection [MySQLi]: No connection could be made because the target machine actively refused it
in SYSTEMPATH\Database\BaseConnection.php on line 428.
 1 SYSTEMPATH\Database\BaseConnection.php(575): CodeIgniter\Database\BaseConnection->initialize()
 2 SYSTEMPATH\Database\BaseBuilder.php(1615): CodeIgniter\Database\BaseConnection->query('SELECT *
FROM `user`
WHERE `nisn` = :nisn:
 LIMIT 1', [...], false)
 3 SYSTEMPATH\Model.php(264): CodeIgniter\Database\BaseBuilder->get()
 4 SYSTEMPATH\BaseModel.php(662): CodeIgniter\Model->doFirst()
 5 APPPATH\Controllers\Login.php(23): CodeIgniter\BaseModel->first()
 6 SYSTEMPATH\CodeIgniter.php(942): App\Controllers\Login->index()
 7 SYSTEMPATH\CodeIgniter.php(502): CodeIgniter\CodeIgniter->runController(Object(App\Controllers\Login))
 8 SYSTEMPATH\CodeIgniter.php(361): CodeIgniter\CodeIgniter->handleRequest(null, Object(Config\Cache), false)
 9 FCPATH\index.php(79): CodeIgniter\CodeIgniter->run()
10 SYSTEMPATH\Commands\Server\rewrite.php(47): require_once('D:\\Udin\\SMP 1\\web\\pengumuman_kelulusan\\public\\index.php')
INFO - 2024-02-23 11:53:42 --> Session: Class initialized using 'CodeIgniter\Session\Handlers\FileHandler' driver.
INFO - 2024-02-23 11:53:43 --> Session: Class initialized using 'CodeIgniter\Session\Handlers\FileHandler' driver.
CRITICAL - 2024-02-23 11:56:26 --> view(): Argument #1 ($name) must be of type string, array given, called in D:\Udin\SMP 1\web\pengumuman_kelulusan\app\Controllers\Login.php on line 87
in SYSTEMPATH\Common.php on line 1178.
 1 APPPATH\Controllers\Login.php(87): view([...])
 2 SYSTEMPATH\CodeIgniter.php(942): App\Controllers\Login->download()
 3 SYSTEMPATH\CodeIgniter.php(502): CodeIgniter\CodeIgniter->runController(Object(App\Controllers\Login))
 4 SYSTEMPATH\CodeIgniter.php(361): CodeIgniter\CodeIgniter->handleRequest(null, Object(Config\Cache), false)
 5 FCPATH\index.php(79): CodeIgniter\CodeIgniter->run()
 6 SYSTEMPATH\Commands\Server\rewrite.php(47): require_once('D:\\Udin\\SMP 1\\web\\pengumuman_kelulusan\\public\\index.php')
CRITICAL - 2024-02-23 11:56:50 --> Invalid file: "berkas.php"
in SYSTEMPATH\Exceptions\FrameworkException.php on line 39.
 1 SYSTEMPATH\View\View.php(216): CodeIgniter\Exceptions\FrameworkException::forInvalidFile('berkas.php')
 2 SYSTEMPATH\Common.php(1190): CodeIgniter\View\View->render('berkas', [], true)
 3 APPPATH\Controllers\Login.php(87): view('berkas')
 4 SYSTEMPATH\CodeIgniter.php(942): App\Controllers\Login->download()
 5 SYSTEMPATH\CodeIgniter.php(502): CodeIgniter\CodeIgniter->runController(Object(App\Controllers\Login))
 6 SYSTEMPATH\CodeIgniter.php(361): CodeIgniter\CodeIgniter->handleRequest(null, Object(Config\Cache), false)
 7 FCPATH\index.php(79): CodeIgniter\CodeIgniter->run()
 8 SYSTEMPATH\Commands\Server\rewrite.php(47): require_once('D:\\Udin\\SMP 1\\web\\pengumuman_kelulusan\\public\\index.php')
CRITICAL - 2024-02-23 12:20:15 --> Undefined variable $user
in APPPATH\Views\main_view.php on line 92.
 1 APPPATH\Views\main_view.php(92): CodeIgniter\Debug\Exceptions->errorHandler(2, 'Undefined variable $user', 'D:\\Udin\\SMP 1\\web\\pengumuman_kelulusan\\app\\Views\\main_view.php', 92)
 2 SYSTEMPATH\View\View.php(228): include('D:\\Udin\\SMP 1\\web\\pengumuman_kelulusan\\app\\Views\\main_view.php')
 3 SYSTEMPATH\View\View.php(231): CodeIgniter\View\View->CodeIgniter\View\{closure}()
 4 SYSTEMPATH\Common.php(1190): CodeIgniter\View\View->render('main_view', [], true)
 5 APPPATH\Controllers\Login.php(47): view('main_view', [...])
 6 SYSTEMPATH\CodeIgniter.php(942): App\Controllers\Login->index()
 7 SYSTEMPATH\CodeIgniter.php(502): CodeIgniter\CodeIgniter->runController(Object(App\Controllers\Login))
 8 SYSTEMPATH\CodeIgniter.php(361): CodeIgniter\CodeIgniter->handleRequest(null, Object(Config\Cache), false)
 9 FCPATH\index.php(79): CodeIgniter\CodeIgniter->run()
10 SYSTEMPATH\Commands\Server\rewrite.php(47): require_once('D:\\Udin\\SMP 1\\web\\pengumuman_kelulusan\\public\\index.php')
CRITICAL - 2024-02-23 12:21:40 --> Undefined variable $data
in APPPATH\Views\main_view.php on line 92.
 1 APPPATH\Views\main_view.php(92): CodeIgniter\Debug\Exceptions->errorHandler(2, 'Undefined variable $data', 'D:\\Udin\\SMP 1\\web\\pengumuman_kelulusan\\app\\Views\\main_view.php', 92)
 2 SYSTEMPATH\View\View.php(228): include('D:\\Udin\\SMP 1\\web\\pengumuman_kelulusan\\app\\Views\\main_view.php')
 3 SYSTEMPATH\View\View.php(231): CodeIgniter\View\View->CodeIgniter\View\{closure}()
 4 SYSTEMPATH\Common.php(1190): CodeIgniter\View\View->render('main_view', [], true)
 5 APPPATH\Controllers\Login.php(47): view('main_view', [...])
 6 SYSTEMPATH\CodeIgniter.php(942): App\Controllers\Login->index()
 7 SYSTEMPATH\CodeIgniter.php(502): CodeIgniter\CodeIgniter->runController(Object(App\Controllers\Login))
 8 SYSTEMPATH\CodeIgniter.php(361): CodeIgniter\CodeIgniter->handleRequest(null, Object(Config\Cache), false)
 9 FCPATH\index.php(79): CodeIgniter\CodeIgniter->run()
10 SYSTEMPATH\Commands\Server\rewrite.php(47): require_once('D:\\Udin\\SMP 1\\web\\pengumuman_kelulusan\\public\\index.php')
INFO - 2024-02-23 12:21:42 --> Session: Class initialized using 'CodeIgniter\Session\Handlers\FileHandler' driver.
CRITICAL - 2024-02-23 12:21:45 --> Undefined variable $data
in APPPATH\Views\main_view.php on line 92.
 1 APPPATH\Views\main_view.php(92): CodeIgniter\Debug\Exceptions->errorHandler(2, 'Undefined variable $data', 'D:\\Udin\\SMP 1\\web\\pengumuman_kelulusan\\app\\Views\\main_view.php', 92)
 2 SYSTEMPATH\View\View.php(228): include('D:\\Udin\\SMP 1\\web\\pengumuman_kelulusan\\app\\Views\\main_view.php')
 3 SYSTEMPATH\View\View.php(231): CodeIgniter\View\View->CodeIgniter\View\{closure}()
 4 SYSTEMPATH\Common.php(1190): CodeIgniter\View\View->render('main_view', [], true)
 5 APPPATH\Controllers\Login.php(47): view('main_view', [...])
 6 SYSTEMPATH\CodeIgniter.php(942): App\Controllers\Login->index()
 7 SYSTEMPATH\CodeIgniter.php(502): CodeIgniter\CodeIgniter->runController(Object(App\Controllers\Login))
 8 SYSTEMPATH\CodeIgniter.php(361): CodeIgniter\CodeIgniter->handleRequest(null, Object(Config\Cache), false)
 9 FCPATH\index.php(79): CodeIgniter\CodeIgniter->run()
10 SYSTEMPATH\Commands\Server\rewrite.php(47): require_once('D:\\Udin\\SMP 1\\web\\pengumuman_kelulusan\\public\\index.php')
INFO - 2024-02-23 12:27:16 --> Session: Class initialized using 'CodeIgniter\Session\Handlers\FileHandler' driver.
INFO - 2024-02-23 12:27:16 --> Session: Class initialized using 'CodeIgniter\Session\Handlers\FileHandler' driver.
INFO - 2024-02-23 12:27:30 --> Session: Class initialized using 'CodeIgniter\Session\Handlers\FileHandler' driver.
INFO - 2024-02-23 12:27:38 --> Session: Class initialized using 'CodeIgniter\Session\Handlers\FileHandler' driver.
INFO - 2024-02-23 12:27:38 --> Session: Class initialized using 'CodeIgniter\Session\Handlers\FileHandler' driver.
INFO - 2024-02-23 12:27:54 --> Session: Class initialized using 'CodeIgniter\Session\Handlers\FileHandler' driver.
INFO - 2024-02-23 12:28:04 --> Session: Class initialized using 'CodeIgniter\Session\Handlers\FileHandler' driver.
INFO - 2024-02-23 12:28:09 --> Session: Class initialized using 'CodeIgniter\Session\Handlers\FileHandler' driver.
INFO - 2024-02-23 12:28:10 --> Session: Class initialized using 'CodeIgniter\Session\Handlers\FileHandler' driver.
