INFO - 2024-04-21 03:15:58 --> Session: Class initialized using 'CodeIgniter\Session\Handlers\FileHandler' driver.
INFO - 2024-04-21 03:15:59 --> Session: Class initialized using 'CodeIgniter\Session\Handlers\FileHandler' driver.
INFO - 2024-04-21 03:16:02 --> Session: Class initialized using 'CodeIgniter\Session\Handlers\FileHandler' driver.
INFO - 2024-04-21 03:16:10 --> Session: Class initialized using 'CodeIgniter\Session\Handlers\FileHandler' driver.
INFO - 2024-04-21 03:16:10 --> Session: Class initialized using 'CodeIgniter\Session\Handlers\FileHandler' driver.
INFO - 2024-04-21 03:16:24 --> Session: Class initialized using 'CodeIgniter\Session\Handlers\FileHandler' driver.
ERROR - 2024-04-21 03:16:46 --> mysqli_sql_exception: Duplicate entry '1' for key 'PRIMARY' in D:\Udin\SMP 1\web\pengumuman_kelulusan\system\Database\MySQLi\Connection.php:306
Stack trace:
#0 D:\Udin\SMP 1\web\pengumuman_kelulusan\system\Database\MySQLi\Connection.php(306): mysqli->query('INSERT INTO `us...', 0)
#1 D:\Udin\SMP 1\web\pengumuman_kelulusan\system\Database\BaseConnection.php(693): CodeIgniter\Database\MySQLi\Connection->execute('INSERT INTO `us...')
#2 D:\Udin\SMP 1\web\pengumuman_kelulusan\system\Database\BaseConnection.php(607): CodeIgniter\Database\BaseConnection->simpleQuery('INSERT INTO `us...')
#3 D:\Udin\SMP 1\web\pengumuman_kelulusan\system\Database\BaseBuilder.php(2308): CodeIgniter\Database\BaseConnection->query('INSERT INTO `us...', Array, false)
#4 D:\Udin\SMP 1\web\pengumuman_kelulusan\system\Model.php(319): CodeIgniter\Database\BaseBuilder->insert()
#5 D:\Udin\SMP 1\web\pengumuman_kelulusan\system\BaseModel.php(788): CodeIgniter\Model->doInsert(Array)
#6 D:\Udin\SMP 1\web\pengumuman_kelulusan\system\Model.php(715): CodeIgniter\BaseModel->insert(Array, true)
#7 D:\Udin\SMP 1\web\pengumuman_kelulusan\app\Controllers\Admin.php(98): CodeIgniter\Model->insert(Array)
#8 D:\Udin\SMP 1\web\pengumuman_kelulusan\system\CodeIgniter.php(942): App\Controllers\Admin->simpan()
#9 D:\Udin\SMP 1\web\pengumuman_kelulusan\system\CodeIgniter.php(502): CodeIgniter\CodeIgniter->runController(Object(App\Controllers\Admin))
#10 D:\Udin\SMP 1\web\pengumuman_kelulusan\system\CodeIgniter.php(361): CodeIgniter\CodeIgniter->handleRequest(NULL, Object(Config\Cache), false)
#11 D:\Udin\SMP 1\web\pengumuman_kelulusan\public\index.php(79): CodeIgniter\CodeIgniter->run()
#12 D:\Udin\SMP 1\web\pengumuman_kelulusan\system\Commands\Server\rewrite.php(47): require_once('D:\\Udin\\SMP 1\\w...')
#13 {main}
CRITICAL - 2024-04-21 03:16:46 --> Duplicate entry '1' for key 'PRIMARY'
in SYSTEMPATH\Database\BaseConnection.php on line 647.
 1 SYSTEMPATH\Database\BaseBuilder.php(2308): CodeIgniter\Database\BaseConnection->query('INSERT INTO `user` (`nisn`, `nis`, `nama_lengkap`, `kelas`, `tempat_lahir`, `tanggal_lahir`, `berkas`) VALUES (:nisn:, :nis:, :nama_lengkap:, :kelas:, :tempat_lahir:, :tanggal_lahir:, :berkas:)', [...], false)
 2 SYSTEMPATH\Model.php(319): CodeIgniter\Database\BaseBuilder->insert()
 3 SYSTEMPATH\BaseModel.php(788): CodeIgniter\Model->doInsert([...])
 4 SYSTEMPATH\Model.php(715): CodeIgniter\BaseModel->insert([...], true)
 5 APPPATH\Controllers\Admin.php(98): CodeIgniter\Model->insert([...])
 6 SYSTEMPATH\CodeIgniter.php(942): App\Controllers\Admin->simpan()
 7 SYSTEMPATH\CodeIgniter.php(502): CodeIgniter\CodeIgniter->runController(Object(App\Controllers\Admin))
 8 SYSTEMPATH\CodeIgniter.php(361): CodeIgniter\CodeIgniter->handleRequest(null, Object(Config\Cache), false)
 9 FCPATH\index.php(79): CodeIgniter\CodeIgniter->run()
10 SYSTEMPATH\Commands\Server\rewrite.php(47): require_once('D:\\Udin\\SMP 1\\web\\pengumuman_kelulusan\\public\\index.php')
INFO - 2024-04-21 03:16:52 --> Session: Class initialized using 'CodeIgniter\Session\Handlers\FileHandler' driver.
INFO - 2024-04-21 03:16:54 --> Session: Class initialized using 'CodeIgniter\Session\Handlers\FileHandler' driver.
INFO - 2024-04-21 03:17:05 --> Session: Class initialized using 'CodeIgniter\Session\Handlers\FileHandler' driver.
INFO - 2024-04-21 03:17:19 --> Session: Class initialized using 'CodeIgniter\Session\Handlers\FileHandler' driver.
INFO - 2024-04-21 03:17:19 --> Session: Class initialized using 'CodeIgniter\Session\Handlers\FileHandler' driver.
CRITICAL - 2024-04-21 03:27:47 --> Attempt to read property "berkas" on array
in APPPATH\Controllers\Main2.php on line 32.
 1 APPPATH\Controllers\Main2.php(32): CodeIgniter\Debug\Exceptions->errorHandler(2, 'Attempt to read property "berkas" on array', 'D:\\Udin\\SMP 1\\web\\pengumuman_kelulusan\\app\\Controllers\\Main2.php', 32)
 2 SYSTEMPATH\CodeIgniter.php(942): App\Controllers\Main2->download('1')
 3 SYSTEMPATH\CodeIgniter.php(502): CodeIgniter\CodeIgniter->runController(Object(App\Controllers\Main2))
 4 SYSTEMPATH\CodeIgniter.php(361): CodeIgniter\CodeIgniter->handleRequest(null, Object(Config\Cache), false)
 5 FCPATH\index.php(79): CodeIgniter\CodeIgniter->run()
 6 SYSTEMPATH\Commands\Server\rewrite.php(47): require_once('D:\\Udin\\SMP 1\\web\\pengumuman_kelulusan\\public\\index.php')
CRITICAL - 2024-04-21 03:28:25 --> Attempt to read property "nisn" on array
in APPPATH\Controllers\Main2.php on line 32.
 1 APPPATH\Controllers\Main2.php(32): CodeIgniter\Debug\Exceptions->errorHandler(2, 'Attempt to read property "nisn" on array', 'D:\\Udin\\SMP 1\\web\\pengumuman_kelulusan\\app\\Controllers\\Main2.php', 32)
 2 SYSTEMPATH\CodeIgniter.php(942): App\Controllers\Main2->download('1')
 3 SYSTEMPATH\CodeIgniter.php(502): CodeIgniter\CodeIgniter->runController(Object(App\Controllers\Main2))
 4 SYSTEMPATH\CodeIgniter.php(361): CodeIgniter\CodeIgniter->handleRequest(null, Object(Config\Cache), false)
 5 FCPATH\index.php(79): CodeIgniter\CodeIgniter->run()
 6 SYSTEMPATH\Commands\Server\rewrite.php(47): require_once('D:\\Udin\\SMP 1\\web\\pengumuman_kelulusan\\public\\index.php')
CRITICAL - 2024-04-21 03:30:16 --> syntax error, unexpected integer "1", expecting identifier or variable or "{" or "$"
in APPPATH\Controllers\Main2.php on line 32.
 1 SYSTEMPATH\Router\Router.php(514): CodeIgniter\Router\AutoRouter->getRoute('main2/download/1', 'get')
 2 SYSTEMPATH\Router\Router.php(210): CodeIgniter\Router\Router->autoRoute('main2/download/1')
 3 SYSTEMPATH\CodeIgniter.php(823): CodeIgniter\Router\Router->handle('main2/download/1')
 4 SYSTEMPATH\CodeIgniter.php(450): CodeIgniter\CodeIgniter->tryToRouteIt(Object(CodeIgniter\Router\RouteCollection))
 5 SYSTEMPATH\CodeIgniter.php(361): CodeIgniter\CodeIgniter->handleRequest(null, Object(Config\Cache), false)
 6 FCPATH\index.php(79): CodeIgniter\CodeIgniter->run()
 7 SYSTEMPATH\Commands\Server\rewrite.php(47): require_once('D:\\Udin\\SMP 1\\web\\pengumuman_kelulusan\\public\\index.php')
CRITICAL - 2024-04-21 03:30:48 --> Attempt to read property "nama_lengkap" on array
in APPPATH\Controllers\Main2.php on line 32.
 1 APPPATH\Controllers\Main2.php(32): CodeIgniter\Debug\Exceptions->errorHandler(2, 'Attempt to read property "nama_lengkap" on array', 'D:\\Udin\\SMP 1\\web\\pengumuman_kelulusan\\app\\Controllers\\Main2.php', 32)
 2 SYSTEMPATH\CodeIgniter.php(942): App\Controllers\Main2->download('1')
 3 SYSTEMPATH\CodeIgniter.php(502): CodeIgniter\CodeIgniter->runController(Object(App\Controllers\Main2))
 4 SYSTEMPATH\CodeIgniter.php(361): CodeIgniter\CodeIgniter->handleRequest(null, Object(Config\Cache), false)
 5 FCPATH\index.php(79): CodeIgniter\CodeIgniter->run()
 6 SYSTEMPATH\Commands\Server\rewrite.php(47): require_once('D:\\Udin\\SMP 1\\web\\pengumuman_kelulusan\\public\\index.php')
CRITICAL - 2024-04-21 03:31:00 --> Attempt to read property "1" on array
in APPPATH\Controllers\Main2.php on line 32.
 1 APPPATH\Controllers\Main2.php(32): CodeIgniter\Debug\Exceptions->errorHandler(2, 'Attempt to read property "1" on array', 'D:\\Udin\\SMP 1\\web\\pengumuman_kelulusan\\app\\Controllers\\Main2.php', 32)
 2 SYSTEMPATH\CodeIgniter.php(942): App\Controllers\Main2->download('1')
 3 SYSTEMPATH\CodeIgniter.php(502): CodeIgniter\CodeIgniter->runController(Object(App\Controllers\Main2))
 4 SYSTEMPATH\CodeIgniter.php(361): CodeIgniter\CodeIgniter->handleRequest(null, Object(Config\Cache), false)
 5 FCPATH\index.php(79): CodeIgniter\CodeIgniter->run()
 6 SYSTEMPATH\Commands\Server\rewrite.php(47): require_once('D:\\Udin\\SMP 1\\web\\pengumuman_kelulusan\\public\\index.php')
CRITICAL - 2024-04-21 03:31:02 --> Attempt to read property "1" on array
in APPPATH\Controllers\Main2.php on line 32.
 1 APPPATH\Controllers\Main2.php(32): CodeIgniter\Debug\Exceptions->errorHandler(2, 'Attempt to read property "1" on array', 'D:\\Udin\\SMP 1\\web\\pengumuman_kelulusan\\app\\Controllers\\Main2.php', 32)
 2 SYSTEMPATH\CodeIgniter.php(942): App\Controllers\Main2->download('1')
 3 SYSTEMPATH\CodeIgniter.php(502): CodeIgniter\CodeIgniter->runController(Object(App\Controllers\Main2))
 4 SYSTEMPATH\CodeIgniter.php(361): CodeIgniter\CodeIgniter->handleRequest(null, Object(Config\Cache), false)
 5 FCPATH\index.php(79): CodeIgniter\CodeIgniter->run()
 6 SYSTEMPATH\Commands\Server\rewrite.php(47): require_once('D:\\Udin\\SMP 1\\web\\pengumuman_kelulusan\\public\\index.php')
CRITICAL - 2024-04-21 03:31:02 --> Attempt to read property "1" on array
in APPPATH\Controllers\Main2.php on line 32.
 1 APPPATH\Controllers\Main2.php(32): CodeIgniter\Debug\Exceptions->errorHandler(2, 'Attempt to read property "1" on array', 'D:\\Udin\\SMP 1\\web\\pengumuman_kelulusan\\app\\Controllers\\Main2.php', 32)
 2 SYSTEMPATH\CodeIgniter.php(942): App\Controllers\Main2->download('1')
 3 SYSTEMPATH\CodeIgniter.php(502): CodeIgniter\CodeIgniter->runController(Object(App\Controllers\Main2))
 4 SYSTEMPATH\CodeIgniter.php(361): CodeIgniter\CodeIgniter->handleRequest(null, Object(Config\Cache), false)
 5 FCPATH\index.php(79): CodeIgniter\CodeIgniter->run()
 6 SYSTEMPATH\Commands\Server\rewrite.php(47): require_once('D:\\Udin\\SMP 1\\web\\pengumuman_kelulusan\\public\\index.php')
CRITICAL - 2024-04-21 03:31:03 --> Attempt to read property "1" on array
in APPPATH\Controllers\Main2.php on line 32.
 1 APPPATH\Controllers\Main2.php(32): CodeIgniter\Debug\Exceptions->errorHandler(2, 'Attempt to read property "1" on array', 'D:\\Udin\\SMP 1\\web\\pengumuman_kelulusan\\app\\Controllers\\Main2.php', 32)
 2 SYSTEMPATH\CodeIgniter.php(942): App\Controllers\Main2->download('1')
 3 SYSTEMPATH\CodeIgniter.php(502): CodeIgniter\CodeIgniter->runController(Object(App\Controllers\Main2))
 4 SYSTEMPATH\CodeIgniter.php(361): CodeIgniter\CodeIgniter->handleRequest(null, Object(Config\Cache), false)
 5 FCPATH\index.php(79): CodeIgniter\CodeIgniter->run()
 6 SYSTEMPATH\Commands\Server\rewrite.php(47): require_once('D:\\Udin\\SMP 1\\web\\pengumuman_kelulusan\\public\\index.php')
CRITICAL - 2024-04-21 03:31:03 --> Attempt to read property "1" on array
in APPPATH\Controllers\Main2.php on line 32.
 1 APPPATH\Controllers\Main2.php(32): CodeIgniter\Debug\Exceptions->errorHandler(2, 'Attempt to read property "1" on array', 'D:\\Udin\\SMP 1\\web\\pengumuman_kelulusan\\app\\Controllers\\Main2.php', 32)
 2 SYSTEMPATH\CodeIgniter.php(942): App\Controllers\Main2->download('1')
 3 SYSTEMPATH\CodeIgniter.php(502): CodeIgniter\CodeIgniter->runController(Object(App\Controllers\Main2))
 4 SYSTEMPATH\CodeIgniter.php(361): CodeIgniter\CodeIgniter->handleRequest(null, Object(Config\Cache), false)
 5 FCPATH\index.php(79): CodeIgniter\CodeIgniter->run()
 6 SYSTEMPATH\Commands\Server\rewrite.php(47): require_once('D:\\Udin\\SMP 1\\web\\pengumuman_kelulusan\\public\\index.php')
CRITICAL - 2024-04-21 03:31:03 --> Attempt to read property "1" on array
in APPPATH\Controllers\Main2.php on line 32.
 1 APPPATH\Controllers\Main2.php(32): CodeIgniter\Debug\Exceptions->errorHandler(2, 'Attempt to read property "1" on array', 'D:\\Udin\\SMP 1\\web\\pengumuman_kelulusan\\app\\Controllers\\Main2.php', 32)
 2 SYSTEMPATH\CodeIgniter.php(942): App\Controllers\Main2->download('1')
 3 SYSTEMPATH\CodeIgniter.php(502): CodeIgniter\CodeIgniter->runController(Object(App\Controllers\Main2))
 4 SYSTEMPATH\CodeIgniter.php(361): CodeIgniter\CodeIgniter->handleRequest(null, Object(Config\Cache), false)
 5 FCPATH\index.php(79): CodeIgniter\CodeIgniter->run()
 6 SYSTEMPATH\Commands\Server\rewrite.php(47): require_once('D:\\Udin\\SMP 1\\web\\pengumuman_kelulusan\\public\\index.php')
CRITICAL - 2024-04-21 03:31:04 --> Attempt to read property "1" on array
in APPPATH\Controllers\Main2.php on line 32.
 1 APPPATH\Controllers\Main2.php(32): CodeIgniter\Debug\Exceptions->errorHandler(2, 'Attempt to read property "1" on array', 'D:\\Udin\\SMP 1\\web\\pengumuman_kelulusan\\app\\Controllers\\Main2.php', 32)
 2 SYSTEMPATH\CodeIgniter.php(942): App\Controllers\Main2->download('1')
 3 SYSTEMPATH\CodeIgniter.php(502): CodeIgniter\CodeIgniter->runController(Object(App\Controllers\Main2))
 4 SYSTEMPATH\CodeIgniter.php(361): CodeIgniter\CodeIgniter->handleRequest(null, Object(Config\Cache), false)
 5 FCPATH\index.php(79): CodeIgniter\CodeIgniter->run()
 6 SYSTEMPATH\Commands\Server\rewrite.php(47): require_once('D:\\Udin\\SMP 1\\web\\pengumuman_kelulusan\\public\\index.php')
CRITICAL - 2024-04-21 03:31:04 --> Attempt to read property "1" on array
in APPPATH\Controllers\Main2.php on line 32.
 1 APPPATH\Controllers\Main2.php(32): CodeIgniter\Debug\Exceptions->errorHandler(2, 'Attempt to read property "1" on array', 'D:\\Udin\\SMP 1\\web\\pengumuman_kelulusan\\app\\Controllers\\Main2.php', 32)
 2 SYSTEMPATH\CodeIgniter.php(942): App\Controllers\Main2->download('1')
 3 SYSTEMPATH\CodeIgniter.php(502): CodeIgniter\CodeIgniter->runController(Object(App\Controllers\Main2))
 4 SYSTEMPATH\CodeIgniter.php(361): CodeIgniter\CodeIgniter->handleRequest(null, Object(Config\Cache), false)
 5 FCPATH\index.php(79): CodeIgniter\CodeIgniter->run()
 6 SYSTEMPATH\Commands\Server\rewrite.php(47): require_once('D:\\Udin\\SMP 1\\web\\pengumuman_kelulusan\\public\\index.php')
CRITICAL - 2024-04-21 03:31:30 --> Attempt to read property "1" on array
in APPPATH\Controllers\Main2.php on line 32.
 1 APPPATH\Controllers\Main2.php(32): CodeIgniter\Debug\Exceptions->errorHandler(2, 'Attempt to read property "1" on array', 'D:\\Udin\\SMP 1\\web\\pengumuman_kelulusan\\app\\Controllers\\Main2.php', 32)
 2 SYSTEMPATH\CodeIgniter.php(942): App\Controllers\Main2->download('1')
 3 SYSTEMPATH\CodeIgniter.php(502): CodeIgniter\CodeIgniter->runController(Object(App\Controllers\Main2))
 4 SYSTEMPATH\CodeIgniter.php(361): CodeIgniter\CodeIgniter->handleRequest(null, Object(Config\Cache), false)
 5 FCPATH\index.php(79): CodeIgniter\CodeIgniter->run()
 6 SYSTEMPATH\Commands\Server\rewrite.php(47): require_once('D:\\Udin\\SMP 1\\web\\pengumuman_kelulusan\\public\\index.php')
CRITICAL - 2024-04-21 03:31:30 --> Undefined variable $nama_lengkap
in APPPATH\Controllers\Main2.php on line 32.
 1 APPPATH\Controllers\Main2.php(32): CodeIgniter\Debug\Exceptions->errorHandler(2, 'Undefined variable $nama_lengkap', 'D:\\Udin\\SMP 1\\web\\pengumuman_kelulusan\\app\\Controllers\\Main2.php', 32)
 2 SYSTEMPATH\CodeIgniter.php(942): App\Controllers\Main2->download('1')
 3 SYSTEMPATH\CodeIgniter.php(502): CodeIgniter\CodeIgniter->runController(Object(App\Controllers\Main2))
 4 SYSTEMPATH\CodeIgniter.php(361): CodeIgniter\CodeIgniter->handleRequest(null, Object(Config\Cache), false)
 5 FCPATH\index.php(79): CodeIgniter\CodeIgniter->run()
 6 SYSTEMPATH\Commands\Server\rewrite.php(47): require_once('D:\\Udin\\SMP 1\\web\\pengumuman_kelulusan\\public\\index.php')
CRITICAL - 2024-04-21 03:31:31 --> Undefined variable $nama_lengkap
in APPPATH\Controllers\Main2.php on line 32.
 1 APPPATH\Controllers\Main2.php(32): CodeIgniter\Debug\Exceptions->errorHandler(2, 'Undefined variable $nama_lengkap', 'D:\\Udin\\SMP 1\\web\\pengumuman_kelulusan\\app\\Controllers\\Main2.php', 32)
 2 SYSTEMPATH\CodeIgniter.php(942): App\Controllers\Main2->download('1')
 3 SYSTEMPATH\CodeIgniter.php(502): CodeIgniter\CodeIgniter->runController(Object(App\Controllers\Main2))
 4 SYSTEMPATH\CodeIgniter.php(361): CodeIgniter\CodeIgniter->handleRequest(null, Object(Config\Cache), false)
 5 FCPATH\index.php(79): CodeIgniter\CodeIgniter->run()
 6 SYSTEMPATH\Commands\Server\rewrite.php(47): require_once('D:\\Udin\\SMP 1\\web\\pengumuman_kelulusan\\public\\index.php')
CRITICAL - 2024-04-21 03:31:31 --> Undefined variable $nama_lengkap
in APPPATH\Controllers\Main2.php on line 32.
 1 APPPATH\Controllers\Main2.php(32): CodeIgniter\Debug\Exceptions->errorHandler(2, 'Undefined variable $nama_lengkap', 'D:\\Udin\\SMP 1\\web\\pengumuman_kelulusan\\app\\Controllers\\Main2.php', 32)
 2 SYSTEMPATH\CodeIgniter.php(942): App\Controllers\Main2->download('1')
 3 SYSTEMPATH\CodeIgniter.php(502): CodeIgniter\CodeIgniter->runController(Object(App\Controllers\Main2))
 4 SYSTEMPATH\CodeIgniter.php(361): CodeIgniter\CodeIgniter->handleRequest(null, Object(Config\Cache), false)
 5 FCPATH\index.php(79): CodeIgniter\CodeIgniter->run()
 6 SYSTEMPATH\Commands\Server\rewrite.php(47): require_once('D:\\Udin\\SMP 1\\web\\pengumuman_kelulusan\\public\\index.php')
CRITICAL - 2024-04-21 03:31:32 --> Undefined variable $nama_lengkap
in APPPATH\Controllers\Main2.php on line 32.
 1 APPPATH\Controllers\Main2.php(32): CodeIgniter\Debug\Exceptions->errorHandler(2, 'Undefined variable $nama_lengkap', 'D:\\Udin\\SMP 1\\web\\pengumuman_kelulusan\\app\\Controllers\\Main2.php', 32)
 2 SYSTEMPATH\CodeIgniter.php(942): App\Controllers\Main2->download('1')
 3 SYSTEMPATH\CodeIgniter.php(502): CodeIgniter\CodeIgniter->runController(Object(App\Controllers\Main2))
 4 SYSTEMPATH\CodeIgniter.php(361): CodeIgniter\CodeIgniter->handleRequest(null, Object(Config\Cache), false)
 5 FCPATH\index.php(79): CodeIgniter\CodeIgniter->run()
 6 SYSTEMPATH\Commands\Server\rewrite.php(47): require_once('D:\\Udin\\SMP 1\\web\\pengumuman_kelulusan\\public\\index.php')
CRITICAL - 2024-04-21 03:32:34 --> Attempt to read property "null" on array
in APPPATH\Controllers\Main2.php on line 32.
 1 APPPATH\Controllers\Main2.php(32): CodeIgniter\Debug\Exceptions->errorHandler(2, 'Attempt to read property "null" on array', 'D:\\Udin\\SMP 1\\web\\pengumuman_kelulusan\\app\\Controllers\\Main2.php', 32)
 2 SYSTEMPATH\CodeIgniter.php(942): App\Controllers\Main2->download('1')
 3 SYSTEMPATH\CodeIgniter.php(502): CodeIgniter\CodeIgniter->runController(Object(App\Controllers\Main2))
 4 SYSTEMPATH\CodeIgniter.php(361): CodeIgniter\CodeIgniter->handleRequest(null, Object(Config\Cache), false)
 5 FCPATH\index.php(79): CodeIgniter\CodeIgniter->run()
 6 SYSTEMPATH\Commands\Server\rewrite.php(47): require_once('D:\\Udin\\SMP 1\\web\\pengumuman_kelulusan\\public\\index.php')
CRITICAL - 2024-04-21 03:32:36 --> Attempt to read property "null" on array
in APPPATH\Controllers\Main2.php on line 32.
 1 APPPATH\Controllers\Main2.php(32): CodeIgniter\Debug\Exceptions->errorHandler(2, 'Attempt to read property "null" on array', 'D:\\Udin\\SMP 1\\web\\pengumuman_kelulusan\\app\\Controllers\\Main2.php', 32)
 2 SYSTEMPATH\CodeIgniter.php(942): App\Controllers\Main2->download('1')
 3 SYSTEMPATH\CodeIgniter.php(502): CodeIgniter\CodeIgniter->runController(Object(App\Controllers\Main2))
 4 SYSTEMPATH\CodeIgniter.php(361): CodeIgniter\CodeIgniter->handleRequest(null, Object(Config\Cache), false)
 5 FCPATH\index.php(79): CodeIgniter\CodeIgniter->run()
 6 SYSTEMPATH\Commands\Server\rewrite.php(47): require_once('D:\\Udin\\SMP 1\\web\\pengumuman_kelulusan\\public\\index.php')
CRITICAL - 2024-04-21 03:33:26 --> Attempt to read property "null" on array
in APPPATH\Controllers\Main2.php on line 33.
 1 APPPATH\Controllers\Main2.php(33): CodeIgniter\Debug\Exceptions->errorHandler(2, 'Attempt to read property "null" on array', 'D:\\Udin\\SMP 1\\web\\pengumuman_kelulusan\\app\\Controllers\\Main2.php', 33)
 2 SYSTEMPATH\CodeIgniter.php(942): App\Controllers\Main2->download('1')
 3 SYSTEMPATH\CodeIgniter.php(502): CodeIgniter\CodeIgniter->runController(Object(App\Controllers\Main2))
 4 SYSTEMPATH\CodeIgniter.php(361): CodeIgniter\CodeIgniter->handleRequest(null, Object(Config\Cache), false)
 5 FCPATH\index.php(79): CodeIgniter\CodeIgniter->run()
 6 SYSTEMPATH\Commands\Server\rewrite.php(47): require_once('D:\\Udin\\SMP 1\\web\\pengumuman_kelulusan\\public\\index.php')
CRITICAL - 2024-04-21 03:33:27 --> Attempt to read property "null" on array
in APPPATH\Controllers\Main2.php on line 33.
 1 APPPATH\Controllers\Main2.php(33): CodeIgniter\Debug\Exceptions->errorHandler(2, 'Attempt to read property "null" on array', 'D:\\Udin\\SMP 1\\web\\pengumuman_kelulusan\\app\\Controllers\\Main2.php', 33)
 2 SYSTEMPATH\CodeIgniter.php(942): App\Controllers\Main2->download('1')
 3 SYSTEMPATH\CodeIgniter.php(502): CodeIgniter\CodeIgniter->runController(Object(App\Controllers\Main2))
 4 SYSTEMPATH\CodeIgniter.php(361): CodeIgniter\CodeIgniter->handleRequest(null, Object(Config\Cache), false)
 5 FCPATH\index.php(79): CodeIgniter\CodeIgniter->run()
 6 SYSTEMPATH\Commands\Server\rewrite.php(47): require_once('D:\\Udin\\SMP 1\\web\\pengumuman_kelulusan\\public\\index.php')
CRITICAL - 2024-04-21 03:33:35 --> Attempt to read property "1" on array
in APPPATH\Controllers\Main2.php on line 33.
 1 APPPATH\Controllers\Main2.php(33): CodeIgniter\Debug\Exceptions->errorHandler(2, 'Attempt to read property "1" on array', 'D:\\Udin\\SMP 1\\web\\pengumuman_kelulusan\\app\\Controllers\\Main2.php', 33)
 2 SYSTEMPATH\CodeIgniter.php(942): App\Controllers\Main2->download('1')
 3 SYSTEMPATH\CodeIgniter.php(502): CodeIgniter\CodeIgniter->runController(Object(App\Controllers\Main2))
 4 SYSTEMPATH\CodeIgniter.php(361): CodeIgniter\CodeIgniter->handleRequest(null, Object(Config\Cache), false)
 5 FCPATH\index.php(79): CodeIgniter\CodeIgniter->run()
 6 SYSTEMPATH\Commands\Server\rewrite.php(47): require_once('D:\\Udin\\SMP 1\\web\\pengumuman_kelulusan\\public\\index.php')
CRITICAL - 2024-04-21 03:33:37 --> Attempt to read property "1" on array
in APPPATH\Controllers\Main2.php on line 33.
 1 APPPATH\Controllers\Main2.php(33): CodeIgniter\Debug\Exceptions->errorHandler(2, 'Attempt to read property "1" on array', 'D:\\Udin\\SMP 1\\web\\pengumuman_kelulusan\\app\\Controllers\\Main2.php', 33)
 2 SYSTEMPATH\CodeIgniter.php(942): App\Controllers\Main2->download('1')
 3 SYSTEMPATH\CodeIgniter.php(502): CodeIgniter\CodeIgniter->runController(Object(App\Controllers\Main2))
 4 SYSTEMPATH\CodeIgniter.php(361): CodeIgniter\CodeIgniter->handleRequest(null, Object(Config\Cache), false)
 5 FCPATH\index.php(79): CodeIgniter\CodeIgniter->run()
 6 SYSTEMPATH\Commands\Server\rewrite.php(47): require_once('D:\\Udin\\SMP 1\\web\\pengumuman_kelulusan\\public\\index.php')
CRITICAL - 2024-04-21 03:33:37 --> Attempt to read property "1" on array
in APPPATH\Controllers\Main2.php on line 33.
 1 APPPATH\Controllers\Main2.php(33): CodeIgniter\Debug\Exceptions->errorHandler(2, 'Attempt to read property "1" on array', 'D:\\Udin\\SMP 1\\web\\pengumuman_kelulusan\\app\\Controllers\\Main2.php', 33)
 2 SYSTEMPATH\CodeIgniter.php(942): App\Controllers\Main2->download('1')
 3 SYSTEMPATH\CodeIgniter.php(502): CodeIgniter\CodeIgniter->runController(Object(App\Controllers\Main2))
 4 SYSTEMPATH\CodeIgniter.php(361): CodeIgniter\CodeIgniter->handleRequest(null, Object(Config\Cache), false)
 5 FCPATH\index.php(79): CodeIgniter\CodeIgniter->run()
 6 SYSTEMPATH\Commands\Server\rewrite.php(47): require_once('D:\\Udin\\SMP 1\\web\\pengumuman_kelulusan\\public\\index.php')
CRITICAL - 2024-04-21 03:33:38 --> Attempt to read property "1" on array
in APPPATH\Controllers\Main2.php on line 33.
 1 APPPATH\Controllers\Main2.php(33): CodeIgniter\Debug\Exceptions->errorHandler(2, 'Attempt to read property "1" on array', 'D:\\Udin\\SMP 1\\web\\pengumuman_kelulusan\\app\\Controllers\\Main2.php', 33)
 2 SYSTEMPATH\CodeIgniter.php(942): App\Controllers\Main2->download('1')
 3 SYSTEMPATH\CodeIgniter.php(502): CodeIgniter\CodeIgniter->runController(Object(App\Controllers\Main2))
 4 SYSTEMPATH\CodeIgniter.php(361): CodeIgniter\CodeIgniter->handleRequest(null, Object(Config\Cache), false)
 5 FCPATH\index.php(79): CodeIgniter\CodeIgniter->run()
 6 SYSTEMPATH\Commands\Server\rewrite.php(47): require_once('D:\\Udin\\SMP 1\\web\\pengumuman_kelulusan\\public\\index.php')
CRITICAL - 2024-04-21 03:33:43 --> Attempt to read property "1" on array
in APPPATH\Controllers\Main2.php on line 33.
 1 APPPATH\Controllers\Main2.php(33): CodeIgniter\Debug\Exceptions->errorHandler(2, 'Attempt to read property "1" on array', 'D:\\Udin\\SMP 1\\web\\pengumuman_kelulusan\\app\\Controllers\\Main2.php', 33)
 2 SYSTEMPATH\CodeIgniter.php(942): App\Controllers\Main2->download('1')
 3 SYSTEMPATH\CodeIgniter.php(502): CodeIgniter\CodeIgniter->runController(Object(App\Controllers\Main2))
 4 SYSTEMPATH\CodeIgniter.php(361): CodeIgniter\CodeIgniter->handleRequest(null, Object(Config\Cache), false)
 5 FCPATH\index.php(79): CodeIgniter\CodeIgniter->run()
 6 SYSTEMPATH\Commands\Server\rewrite.php(47): require_once('D:\\Udin\\SMP 1\\web\\pengumuman_kelulusan\\public\\index.php')
CRITICAL - 2024-04-21 03:33:44 --> Attempt to read property "berkas" on array
in APPPATH\Controllers\Main2.php on line 33.
 1 APPPATH\Controllers\Main2.php(33): CodeIgniter\Debug\Exceptions->errorHandler(2, 'Attempt to read property "berkas" on array', 'D:\\Udin\\SMP 1\\web\\pengumuman_kelulusan\\app\\Controllers\\Main2.php', 33)
 2 SYSTEMPATH\CodeIgniter.php(942): App\Controllers\Main2->download('1')
 3 SYSTEMPATH\CodeIgniter.php(502): CodeIgniter\CodeIgniter->runController(Object(App\Controllers\Main2))
 4 SYSTEMPATH\CodeIgniter.php(361): CodeIgniter\CodeIgniter->handleRequest(null, Object(Config\Cache), false)
 5 FCPATH\index.php(79): CodeIgniter\CodeIgniter->run()
 6 SYSTEMPATH\Commands\Server\rewrite.php(47): require_once('D:\\Udin\\SMP 1\\web\\pengumuman_kelulusan\\public\\index.php')
CRITICAL - 2024-04-21 03:33:44 --> Attempt to read property "berkas" on array
in APPPATH\Controllers\Main2.php on line 33.
 1 APPPATH\Controllers\Main2.php(33): CodeIgniter\Debug\Exceptions->errorHandler(2, 'Attempt to read property "berkas" on array', 'D:\\Udin\\SMP 1\\web\\pengumuman_kelulusan\\app\\Controllers\\Main2.php', 33)
 2 SYSTEMPATH\CodeIgniter.php(942): App\Controllers\Main2->download('1')
 3 SYSTEMPATH\CodeIgniter.php(502): CodeIgniter\CodeIgniter->runController(Object(App\Controllers\Main2))
 4 SYSTEMPATH\CodeIgniter.php(361): CodeIgniter\CodeIgniter->handleRequest(null, Object(Config\Cache), false)
 5 FCPATH\index.php(79): CodeIgniter\CodeIgniter->run()
 6 SYSTEMPATH\Commands\Server\rewrite.php(47): require_once('D:\\Udin\\SMP 1\\web\\pengumuman_kelulusan\\public\\index.php')
CRITICAL - 2024-04-21 03:33:44 --> Attempt to read property "berkas" on array
in APPPATH\Controllers\Main2.php on line 33.
 1 APPPATH\Controllers\Main2.php(33): CodeIgniter\Debug\Exceptions->errorHandler(2, 'Attempt to read property "berkas" on array', 'D:\\Udin\\SMP 1\\web\\pengumuman_kelulusan\\app\\Controllers\\Main2.php', 33)
 2 SYSTEMPATH\CodeIgniter.php(942): App\Controllers\Main2->download('1')
 3 SYSTEMPATH\CodeIgniter.php(502): CodeIgniter\CodeIgniter->runController(Object(App\Controllers\Main2))
 4 SYSTEMPATH\CodeIgniter.php(361): CodeIgniter\CodeIgniter->handleRequest(null, Object(Config\Cache), false)
 5 FCPATH\index.php(79): CodeIgniter\CodeIgniter->run()
 6 SYSTEMPATH\Commands\Server\rewrite.php(47): require_once('D:\\Udin\\SMP 1\\web\\pengumuman_kelulusan\\public\\index.php')
CRITICAL - 2024-04-21 03:33:45 --> Attempt to read property "berkas" on array
in APPPATH\Controllers\Main2.php on line 33.
 1 APPPATH\Controllers\Main2.php(33): CodeIgniter\Debug\Exceptions->errorHandler(2, 'Attempt to read property "berkas" on array', 'D:\\Udin\\SMP 1\\web\\pengumuman_kelulusan\\app\\Controllers\\Main2.php', 33)
 2 SYSTEMPATH\CodeIgniter.php(942): App\Controllers\Main2->download('1')
 3 SYSTEMPATH\CodeIgniter.php(502): CodeIgniter\CodeIgniter->runController(Object(App\Controllers\Main2))
 4 SYSTEMPATH\CodeIgniter.php(361): CodeIgniter\CodeIgniter->handleRequest(null, Object(Config\Cache), false)
 5 FCPATH\index.php(79): CodeIgniter\CodeIgniter->run()
 6 SYSTEMPATH\Commands\Server\rewrite.php(47): require_once('D:\\Udin\\SMP 1\\web\\pengumuman_kelulusan\\public\\index.php')
CRITICAL - 2024-04-21 03:33:45 --> Attempt to read property "berkas" on array
in APPPATH\Controllers\Main2.php on line 33.
 1 APPPATH\Controllers\Main2.php(33): CodeIgniter\Debug\Exceptions->errorHandler(2, 'Attempt to read property "berkas" on array', 'D:\\Udin\\SMP 1\\web\\pengumuman_kelulusan\\app\\Controllers\\Main2.php', 33)
 2 SYSTEMPATH\CodeIgniter.php(942): App\Controllers\Main2->download('1')
 3 SYSTEMPATH\CodeIgniter.php(502): CodeIgniter\CodeIgniter->runController(Object(App\Controllers\Main2))
 4 SYSTEMPATH\CodeIgniter.php(361): CodeIgniter\CodeIgniter->handleRequest(null, Object(Config\Cache), false)
 5 FCPATH\index.php(79): CodeIgniter\CodeIgniter->run()
 6 SYSTEMPATH\Commands\Server\rewrite.php(47): require_once('D:\\Udin\\SMP 1\\web\\pengumuman_kelulusan\\public\\index.php')
CRITICAL - 2024-04-21 03:33:45 --> Attempt to read property "berkas" on array
in APPPATH\Controllers\Main2.php on line 33.
 1 APPPATH\Controllers\Main2.php(33): CodeIgniter\Debug\Exceptions->errorHandler(2, 'Attempt to read property "berkas" on array', 'D:\\Udin\\SMP 1\\web\\pengumuman_kelulusan\\app\\Controllers\\Main2.php', 33)
 2 SYSTEMPATH\CodeIgniter.php(942): App\Controllers\Main2->download('1')
 3 SYSTEMPATH\CodeIgniter.php(502): CodeIgniter\CodeIgniter->runController(Object(App\Controllers\Main2))
 4 SYSTEMPATH\CodeIgniter.php(361): CodeIgniter\CodeIgniter->handleRequest(null, Object(Config\Cache), false)
 5 FCPATH\index.php(79): CodeIgniter\CodeIgniter->run()
 6 SYSTEMPATH\Commands\Server\rewrite.php(47): require_once('D:\\Udin\\SMP 1\\web\\pengumuman_kelulusan\\public\\index.php')
CRITICAL - 2024-04-21 03:33:45 --> Attempt to read property "berkas" on array
in APPPATH\Controllers\Main2.php on line 33.
 1 APPPATH\Controllers\Main2.php(33): CodeIgniter\Debug\Exceptions->errorHandler(2, 'Attempt to read property "berkas" on array', 'D:\\Udin\\SMP 1\\web\\pengumuman_kelulusan\\app\\Controllers\\Main2.php', 33)
 2 SYSTEMPATH\CodeIgniter.php(942): App\Controllers\Main2->download('1')
 3 SYSTEMPATH\CodeIgniter.php(502): CodeIgniter\CodeIgniter->runController(Object(App\Controllers\Main2))
 4 SYSTEMPATH\CodeIgniter.php(361): CodeIgniter\CodeIgniter->handleRequest(null, Object(Config\Cache), false)
 5 FCPATH\index.php(79): CodeIgniter\CodeIgniter->run()
 6 SYSTEMPATH\Commands\Server\rewrite.php(47): require_once('D:\\Udin\\SMP 1\\web\\pengumuman_kelulusan\\public\\index.php')
CRITICAL - 2024-04-21 03:33:45 --> Attempt to read property "berkas" on array
in APPPATH\Controllers\Main2.php on line 33.
 1 APPPATH\Controllers\Main2.php(33): CodeIgniter\Debug\Exceptions->errorHandler(2, 'Attempt to read property "berkas" on array', 'D:\\Udin\\SMP 1\\web\\pengumuman_kelulusan\\app\\Controllers\\Main2.php', 33)
 2 SYSTEMPATH\CodeIgniter.php(942): App\Controllers\Main2->download('1')
 3 SYSTEMPATH\CodeIgniter.php(502): CodeIgniter\CodeIgniter->runController(Object(App\Controllers\Main2))
 4 SYSTEMPATH\CodeIgniter.php(361): CodeIgniter\CodeIgniter->handleRequest(null, Object(Config\Cache), false)
 5 FCPATH\index.php(79): CodeIgniter\CodeIgniter->run()
 6 SYSTEMPATH\Commands\Server\rewrite.php(47): require_once('D:\\Udin\\SMP 1\\web\\pengumuman_kelulusan\\public\\index.php')
CRITICAL - 2024-04-21 03:33:54 --> Attempt to read property "1" on array
in APPPATH\Controllers\Main2.php on line 33.
 1 APPPATH\Controllers\Main2.php(33): CodeIgniter\Debug\Exceptions->errorHandler(2, 'Attempt to read property "1" on array', 'D:\\Udin\\SMP 1\\web\\pengumuman_kelulusan\\app\\Controllers\\Main2.php', 33)
 2 SYSTEMPATH\CodeIgniter.php(942): App\Controllers\Main2->download('1')
 3 SYSTEMPATH\CodeIgniter.php(502): CodeIgniter\CodeIgniter->runController(Object(App\Controllers\Main2))
 4 SYSTEMPATH\CodeIgniter.php(361): CodeIgniter\CodeIgniter->handleRequest(null, Object(Config\Cache), false)
 5 FCPATH\index.php(79): CodeIgniter\CodeIgniter->run()
 6 SYSTEMPATH\Commands\Server\rewrite.php(47): require_once('D:\\Udin\\SMP 1\\web\\pengumuman_kelulusan\\public\\index.php')
CRITICAL - 2024-04-21 03:33:54 --> Attempt to read property "1" on array
in APPPATH\Controllers\Main2.php on line 33.
 1 APPPATH\Controllers\Main2.php(33): CodeIgniter\Debug\Exceptions->errorHandler(2, 'Attempt to read property "1" on array', 'D:\\Udin\\SMP 1\\web\\pengumuman_kelulusan\\app\\Controllers\\Main2.php', 33)
 2 SYSTEMPATH\CodeIgniter.php(942): App\Controllers\Main2->download('1')
 3 SYSTEMPATH\CodeIgniter.php(502): CodeIgniter\CodeIgniter->runController(Object(App\Controllers\Main2))
 4 SYSTEMPATH\CodeIgniter.php(361): CodeIgniter\CodeIgniter->handleRequest(null, Object(Config\Cache), false)
 5 FCPATH\index.php(79): CodeIgniter\CodeIgniter->run()
 6 SYSTEMPATH\Commands\Server\rewrite.php(47): require_once('D:\\Udin\\SMP 1\\web\\pengumuman_kelulusan\\public\\index.php')
CRITICAL - 2024-04-21 03:33:55 --> Attempt to read property "1" on array
in APPPATH\Controllers\Main2.php on line 33.
 1 APPPATH\Controllers\Main2.php(33): CodeIgniter\Debug\Exceptions->errorHandler(2, 'Attempt to read property "1" on array', 'D:\\Udin\\SMP 1\\web\\pengumuman_kelulusan\\app\\Controllers\\Main2.php', 33)
 2 SYSTEMPATH\CodeIgniter.php(942): App\Controllers\Main2->download('1')
 3 SYSTEMPATH\CodeIgniter.php(502): CodeIgniter\CodeIgniter->runController(Object(App\Controllers\Main2))
 4 SYSTEMPATH\CodeIgniter.php(361): CodeIgniter\CodeIgniter->handleRequest(null, Object(Config\Cache), false)
 5 FCPATH\index.php(79): CodeIgniter\CodeIgniter->run()
 6 SYSTEMPATH\Commands\Server\rewrite.php(47): require_once('D:\\Udin\\SMP 1\\web\\pengumuman_kelulusan\\public\\index.php')
CRITICAL - 2024-04-21 03:33:55 --> Attempt to read property "1" on array
in APPPATH\Controllers\Main2.php on line 33.
 1 APPPATH\Controllers\Main2.php(33): CodeIgniter\Debug\Exceptions->errorHandler(2, 'Attempt to read property "1" on array', 'D:\\Udin\\SMP 1\\web\\pengumuman_kelulusan\\app\\Controllers\\Main2.php', 33)
 2 SYSTEMPATH\CodeIgniter.php(942): App\Controllers\Main2->download('1')
 3 SYSTEMPATH\CodeIgniter.php(502): CodeIgniter\CodeIgniter->runController(Object(App\Controllers\Main2))
 4 SYSTEMPATH\CodeIgniter.php(361): CodeIgniter\CodeIgniter->handleRequest(null, Object(Config\Cache), false)
 5 FCPATH\index.php(79): CodeIgniter\CodeIgniter->run()
 6 SYSTEMPATH\Commands\Server\rewrite.php(47): require_once('D:\\Udin\\SMP 1\\web\\pengumuman_kelulusan\\public\\index.php')
CRITICAL - 2024-04-21 03:34:22 --> Array to string conversion
in APPPATH\Controllers\Main2.php on line 33.
 1 APPPATH\Controllers\Main2.php(33): CodeIgniter\Debug\Exceptions->errorHandler(2, 'Array to string conversion', 'D:\\Udin\\SMP 1\\web\\pengumuman_kelulusan\\app\\Controllers\\Main2.php', 33)
 2 SYSTEMPATH\CodeIgniter.php(942): App\Controllers\Main2->download('1')
 3 SYSTEMPATH\CodeIgniter.php(502): CodeIgniter\CodeIgniter->runController(Object(App\Controllers\Main2))
 4 SYSTEMPATH\CodeIgniter.php(361): CodeIgniter\CodeIgniter->handleRequest(null, Object(Config\Cache), false)
 5 FCPATH\index.php(79): CodeIgniter\CodeIgniter->run()
 6 SYSTEMPATH\Commands\Server\rewrite.php(47): require_once('D:\\Udin\\SMP 1\\web\\pengumuman_kelulusan\\public\\index.php')
CRITICAL - 2024-04-21 03:34:23 --> Array to string conversion
in APPPATH\Controllers\Main2.php on line 33.
 1 APPPATH\Controllers\Main2.php(33): CodeIgniter\Debug\Exceptions->errorHandler(2, 'Array to string conversion', 'D:\\Udin\\SMP 1\\web\\pengumuman_kelulusan\\app\\Controllers\\Main2.php', 33)
 2 SYSTEMPATH\CodeIgniter.php(942): App\Controllers\Main2->download('1')
 3 SYSTEMPATH\CodeIgniter.php(502): CodeIgniter\CodeIgniter->runController(Object(App\Controllers\Main2))
 4 SYSTEMPATH\CodeIgniter.php(361): CodeIgniter\CodeIgniter->handleRequest(null, Object(Config\Cache), false)
 5 FCPATH\index.php(79): CodeIgniter\CodeIgniter->run()
 6 SYSTEMPATH\Commands\Server\rewrite.php(47): require_once('D:\\Udin\\SMP 1\\web\\pengumuman_kelulusan\\public\\index.php')
CRITICAL - 2024-04-21 03:34:23 --> Array to string conversion
in APPPATH\Controllers\Main2.php on line 33.
 1 APPPATH\Controllers\Main2.php(33): CodeIgniter\Debug\Exceptions->errorHandler(2, 'Array to string conversion', 'D:\\Udin\\SMP 1\\web\\pengumuman_kelulusan\\app\\Controllers\\Main2.php', 33)
 2 SYSTEMPATH\CodeIgniter.php(942): App\Controllers\Main2->download('1')
 3 SYSTEMPATH\CodeIgniter.php(502): CodeIgniter\CodeIgniter->runController(Object(App\Controllers\Main2))
 4 SYSTEMPATH\CodeIgniter.php(361): CodeIgniter\CodeIgniter->handleRequest(null, Object(Config\Cache), false)
 5 FCPATH\index.php(79): CodeIgniter\CodeIgniter->run()
 6 SYSTEMPATH\Commands\Server\rewrite.php(47): require_once('D:\\Udin\\SMP 1\\web\\pengumuman_kelulusan\\public\\index.php')
CRITICAL - 2024-04-21 03:34:23 --> Array to string conversion
in APPPATH\Controllers\Main2.php on line 33.
 1 APPPATH\Controllers\Main2.php(33): CodeIgniter\Debug\Exceptions->errorHandler(2, 'Array to string conversion', 'D:\\Udin\\SMP 1\\web\\pengumuman_kelulusan\\app\\Controllers\\Main2.php', 33)
 2 SYSTEMPATH\CodeIgniter.php(942): App\Controllers\Main2->download('1')
 3 SYSTEMPATH\CodeIgniter.php(502): CodeIgniter\CodeIgniter->runController(Object(App\Controllers\Main2))
 4 SYSTEMPATH\CodeIgniter.php(361): CodeIgniter\CodeIgniter->handleRequest(null, Object(Config\Cache), false)
 5 FCPATH\index.php(79): CodeIgniter\CodeIgniter->run()
 6 SYSTEMPATH\Commands\Server\rewrite.php(47): require_once('D:\\Udin\\SMP 1\\web\\pengumuman_kelulusan\\public\\index.php')
INFO - 2024-04-21 03:34:29 --> Session: Class initialized using 'CodeIgniter\Session\Handlers\FileHandler' driver.
INFO - 2024-04-21 03:34:36 --> Session: Class initialized using 'CodeIgniter\Session\Handlers\FileHandler' driver.
INFO - 2024-04-21 03:34:48 --> Session: Class initialized using 'CodeIgniter\Session\Handlers\FileHandler' driver.
INFO - 2024-04-21 03:34:48 --> Session: Class initialized using 'CodeIgniter\Session\Handlers\FileHandler' driver.
INFO - 2024-04-21 03:34:48 --> Session: Class initialized using 'CodeIgniter\Session\Handlers\FileHandler' driver.
INFO - 2024-04-21 03:34:53 --> Session: Class initialized using 'CodeIgniter\Session\Handlers\FileHandler' driver.
INFO - 2024-04-21 03:34:54 --> Session: Class initialized using 'CodeIgniter\Session\Handlers\FileHandler' driver.
INFO - 2024-04-21 03:35:00 --> Session: Class initialized using 'CodeIgniter\Session\Handlers\FileHandler' driver.
INFO - 2024-04-21 03:35:10 --> Session: Class initialized using 'CodeIgniter\Session\Handlers\FileHandler' driver.
CRITICAL - 2024-04-21 03:35:15 --> Array to string conversion
in APPPATH\Controllers\Main2.php on line 33.
 1 APPPATH\Controllers\Main2.php(33): CodeIgniter\Debug\Exceptions->errorHandler(2, 'Array to string conversion', 'D:\\Udin\\SMP 1\\web\\pengumuman_kelulusan\\app\\Controllers\\Main2.php', 33)
 2 SYSTEMPATH\CodeIgniter.php(942): App\Controllers\Main2->download('1')
 3 SYSTEMPATH\CodeIgniter.php(502): CodeIgniter\CodeIgniter->runController(Object(App\Controllers\Main2))
 4 SYSTEMPATH\CodeIgniter.php(361): CodeIgniter\CodeIgniter->handleRequest(null, Object(Config\Cache), false)
 5 FCPATH\index.php(79): CodeIgniter\CodeIgniter->run()
 6 SYSTEMPATH\Commands\Server\rewrite.php(47): require_once('D:\\Udin\\SMP 1\\web\\pengumuman_kelulusan\\public\\index.php')
CRITICAL - 2024-04-21 03:35:26 --> Array to string conversion
in APPPATH\Controllers\Main2.php on line 33.
 1 APPPATH\Controllers\Main2.php(33): CodeIgniter\Debug\Exceptions->errorHandler(2, 'Array to string conversion', 'D:\\Udin\\SMP 1\\web\\pengumuman_kelulusan\\app\\Controllers\\Main2.php', 33)
 2 SYSTEMPATH\CodeIgniter.php(942): App\Controllers\Main2->download('1')
 3 SYSTEMPATH\CodeIgniter.php(502): CodeIgniter\CodeIgniter->runController(Object(App\Controllers\Main2))
 4 SYSTEMPATH\CodeIgniter.php(361): CodeIgniter\CodeIgniter->handleRequest(null, Object(Config\Cache), false)
 5 FCPATH\index.php(79): CodeIgniter\CodeIgniter->run()
 6 SYSTEMPATH\Commands\Server\rewrite.php(47): require_once('D:\\Udin\\SMP 1\\web\\pengumuman_kelulusan\\public\\index.php')
CRITICAL - 2024-04-21 03:35:48 --> Attempt to read property "berkas" on array
in APPPATH\Controllers\Main2.php on line 33.
 1 APPPATH\Controllers\Main2.php(33): CodeIgniter\Debug\Exceptions->errorHandler(2, 'Attempt to read property "berkas" on array', 'D:\\Udin\\SMP 1\\web\\pengumuman_kelulusan\\app\\Controllers\\Main2.php', 33)
 2 SYSTEMPATH\CodeIgniter.php(942): App\Controllers\Main2->download('1')
 3 SYSTEMPATH\CodeIgniter.php(502): CodeIgniter\CodeIgniter->runController(Object(App\Controllers\Main2))
 4 SYSTEMPATH\CodeIgniter.php(361): CodeIgniter\CodeIgniter->handleRequest(null, Object(Config\Cache), false)
 5 FCPATH\index.php(79): CodeIgniter\CodeIgniter->run()
 6 SYSTEMPATH\Commands\Server\rewrite.php(47): require_once('D:\\Udin\\SMP 1\\web\\pengumuman_kelulusan\\public\\index.php')
CRITICAL - 2024-04-21 03:35:49 --> Attempt to read property "berkas" on array
in APPPATH\Controllers\Main2.php on line 33.
 1 APPPATH\Controllers\Main2.php(33): CodeIgniter\Debug\Exceptions->errorHandler(2, 'Attempt to read property "berkas" on array', 'D:\\Udin\\SMP 1\\web\\pengumuman_kelulusan\\app\\Controllers\\Main2.php', 33)
 2 SYSTEMPATH\CodeIgniter.php(942): App\Controllers\Main2->download('1')
 3 SYSTEMPATH\CodeIgniter.php(502): CodeIgniter\CodeIgniter->runController(Object(App\Controllers\Main2))
 4 SYSTEMPATH\CodeIgniter.php(361): CodeIgniter\CodeIgniter->handleRequest(null, Object(Config\Cache), false)
 5 FCPATH\index.php(79): CodeIgniter\CodeIgniter->run()
 6 SYSTEMPATH\Commands\Server\rewrite.php(47): require_once('D:\\Udin\\SMP 1\\web\\pengumuman_kelulusan\\public\\index.php')
CRITICAL - 2024-04-21 03:35:54 --> syntax error, unexpected integer "1", expecting identifier or variable or "{" or "$"
in APPPATH\Controllers\Main2.php on line 33.
 1 SYSTEMPATH\Router\Router.php(514): CodeIgniter\Router\AutoRouter->getRoute('main2/download/1', 'get')
 2 SYSTEMPATH\Router\Router.php(210): CodeIgniter\Router\Router->autoRoute('main2/download/1')
 3 SYSTEMPATH\CodeIgniter.php(823): CodeIgniter\Router\Router->handle('main2/download/1')
 4 SYSTEMPATH\CodeIgniter.php(450): CodeIgniter\CodeIgniter->tryToRouteIt(Object(CodeIgniter\Router\RouteCollection))
 5 SYSTEMPATH\CodeIgniter.php(361): CodeIgniter\CodeIgniter->handleRequest(null, Object(Config\Cache), false)
 6 FCPATH\index.php(79): CodeIgniter\CodeIgniter->run()
 7 SYSTEMPATH\Commands\Server\rewrite.php(47): require_once('D:\\Udin\\SMP 1\\web\\pengumuman_kelulusan\\public\\index.php')
CRITICAL - 2024-04-21 03:35:58 --> Attempt to read property "1" on array
in APPPATH\Controllers\Main2.php on line 33.
 1 APPPATH\Controllers\Main2.php(33): CodeIgniter\Debug\Exceptions->errorHandler(2, 'Attempt to read property "1" on array', 'D:\\Udin\\SMP 1\\web\\pengumuman_kelulusan\\app\\Controllers\\Main2.php', 33)
 2 SYSTEMPATH\CodeIgniter.php(942): App\Controllers\Main2->download('1')
 3 SYSTEMPATH\CodeIgniter.php(502): CodeIgniter\CodeIgniter->runController(Object(App\Controllers\Main2))
 4 SYSTEMPATH\CodeIgniter.php(361): CodeIgniter\CodeIgniter->handleRequest(null, Object(Config\Cache), false)
 5 FCPATH\index.php(79): CodeIgniter\CodeIgniter->run()
 6 SYSTEMPATH\Commands\Server\rewrite.php(47): require_once('D:\\Udin\\SMP 1\\web\\pengumuman_kelulusan\\public\\index.php')
CRITICAL - 2024-04-21 03:35:59 --> Attempt to read property "1" on array
in APPPATH\Controllers\Main2.php on line 33.
 1 APPPATH\Controllers\Main2.php(33): CodeIgniter\Debug\Exceptions->errorHandler(2, 'Attempt to read property "1" on array', 'D:\\Udin\\SMP 1\\web\\pengumuman_kelulusan\\app\\Controllers\\Main2.php', 33)
 2 SYSTEMPATH\CodeIgniter.php(942): App\Controllers\Main2->download('1')
 3 SYSTEMPATH\CodeIgniter.php(502): CodeIgniter\CodeIgniter->runController(Object(App\Controllers\Main2))
 4 SYSTEMPATH\CodeIgniter.php(361): CodeIgniter\CodeIgniter->handleRequest(null, Object(Config\Cache), false)
 5 FCPATH\index.php(79): CodeIgniter\CodeIgniter->run()
 6 SYSTEMPATH\Commands\Server\rewrite.php(47): require_once('D:\\Udin\\SMP 1\\web\\pengumuman_kelulusan\\public\\index.php')
CRITICAL - 2024-04-21 03:35:59 --> Attempt to read property "1" on array
in APPPATH\Controllers\Main2.php on line 33.
 1 APPPATH\Controllers\Main2.php(33): CodeIgniter\Debug\Exceptions->errorHandler(2, 'Attempt to read property "1" on array', 'D:\\Udin\\SMP 1\\web\\pengumuman_kelulusan\\app\\Controllers\\Main2.php', 33)
 2 SYSTEMPATH\CodeIgniter.php(942): App\Controllers\Main2->download('1')
 3 SYSTEMPATH\CodeIgniter.php(502): CodeIgniter\CodeIgniter->runController(Object(App\Controllers\Main2))
 4 SYSTEMPATH\CodeIgniter.php(361): CodeIgniter\CodeIgniter->handleRequest(null, Object(Config\Cache), false)
 5 FCPATH\index.php(79): CodeIgniter\CodeIgniter->run()
 6 SYSTEMPATH\Commands\Server\rewrite.php(47): require_once('D:\\Udin\\SMP 1\\web\\pengumuman_kelulusan\\public\\index.php')
CRITICAL - 2024-04-21 03:35:59 --> Attempt to read property "1" on array
in APPPATH\Controllers\Main2.php on line 33.
 1 APPPATH\Controllers\Main2.php(33): CodeIgniter\Debug\Exceptions->errorHandler(2, 'Attempt to read property "1" on array', 'D:\\Udin\\SMP 1\\web\\pengumuman_kelulusan\\app\\Controllers\\Main2.php', 33)
 2 SYSTEMPATH\CodeIgniter.php(942): App\Controllers\Main2->download('1')
 3 SYSTEMPATH\CodeIgniter.php(502): CodeIgniter\CodeIgniter->runController(Object(App\Controllers\Main2))
 4 SYSTEMPATH\CodeIgniter.php(361): CodeIgniter\CodeIgniter->handleRequest(null, Object(Config\Cache), false)
 5 FCPATH\index.php(79): CodeIgniter\CodeIgniter->run()
 6 SYSTEMPATH\Commands\Server\rewrite.php(47): require_once('D:\\Udin\\SMP 1\\web\\pengumuman_kelulusan\\public\\index.php')
CRITICAL - 2024-04-21 03:36:03 --> syntax error, unexpected token "[", expecting identifier or variable or "{" or "$"
in APPPATH\Controllers\Main2.php on line 33.
 1 SYSTEMPATH\Router\Router.php(514): CodeIgniter\Router\AutoRouter->getRoute('main2/download/1', 'get')
 2 SYSTEMPATH\Router\Router.php(210): CodeIgniter\Router\Router->autoRoute('main2/download/1')
 3 SYSTEMPATH\CodeIgniter.php(823): CodeIgniter\Router\Router->handle('main2/download/1')
 4 SYSTEMPATH\CodeIgniter.php(450): CodeIgniter\CodeIgniter->tryToRouteIt(Object(CodeIgniter\Router\RouteCollection))
 5 SYSTEMPATH\CodeIgniter.php(361): CodeIgniter\CodeIgniter->handleRequest(null, Object(Config\Cache), false)
 6 FCPATH\index.php(79): CodeIgniter\CodeIgniter->run()
 7 SYSTEMPATH\Commands\Server\rewrite.php(47): require_once('D:\\Udin\\SMP 1\\web\\pengumuman_kelulusan\\public\\index.php')
CRITICAL - 2024-04-21 03:36:04 --> syntax error, unexpected token "[", expecting identifier or variable or "{" or "$"
in APPPATH\Controllers\Main2.php on line 33.
 1 SYSTEMPATH\Router\Router.php(514): CodeIgniter\Router\AutoRouter->getRoute('main2/download/1', 'get')
 2 SYSTEMPATH\Router\Router.php(210): CodeIgniter\Router\Router->autoRoute('main2/download/1')
 3 SYSTEMPATH\CodeIgniter.php(823): CodeIgniter\Router\Router->handle('main2/download/1')
 4 SYSTEMPATH\CodeIgniter.php(450): CodeIgniter\CodeIgniter->tryToRouteIt(Object(CodeIgniter\Router\RouteCollection))
 5 SYSTEMPATH\CodeIgniter.php(361): CodeIgniter\CodeIgniter->handleRequest(null, Object(Config\Cache), false)
 6 FCPATH\index.php(79): CodeIgniter\CodeIgniter->run()
 7 SYSTEMPATH\Commands\Server\rewrite.php(47): require_once('D:\\Udin\\SMP 1\\web\\pengumuman_kelulusan\\public\\index.php')
CRITICAL - 2024-04-21 03:36:04 --> syntax error, unexpected token "[", expecting identifier or variable or "{" or "$"
in APPPATH\Controllers\Main2.php on line 33.
 1 SYSTEMPATH\Router\Router.php(514): CodeIgniter\Router\AutoRouter->getRoute('main2/download/1', 'get')
 2 SYSTEMPATH\Router\Router.php(210): CodeIgniter\Router\Router->autoRoute('main2/download/1')
 3 SYSTEMPATH\CodeIgniter.php(823): CodeIgniter\Router\Router->handle('main2/download/1')
 4 SYSTEMPATH\CodeIgniter.php(450): CodeIgniter\CodeIgniter->tryToRouteIt(Object(CodeIgniter\Router\RouteCollection))
 5 SYSTEMPATH\CodeIgniter.php(361): CodeIgniter\CodeIgniter->handleRequest(null, Object(Config\Cache), false)
 6 FCPATH\index.php(79): CodeIgniter\CodeIgniter->run()
 7 SYSTEMPATH\Commands\Server\rewrite.php(47): require_once('D:\\Udin\\SMP 1\\web\\pengumuman_kelulusan\\public\\index.php')
CRITICAL - 2024-04-21 03:36:04 --> syntax error, unexpected token "[", expecting identifier or variable or "{" or "$"
in APPPATH\Controllers\Main2.php on line 33.
 1 SYSTEMPATH\Router\Router.php(514): CodeIgniter\Router\AutoRouter->getRoute('main2/download/1', 'get')
 2 SYSTEMPATH\Router\Router.php(210): CodeIgniter\Router\Router->autoRoute('main2/download/1')
 3 SYSTEMPATH\CodeIgniter.php(823): CodeIgniter\Router\Router->handle('main2/download/1')
 4 SYSTEMPATH\CodeIgniter.php(450): CodeIgniter\CodeIgniter->tryToRouteIt(Object(CodeIgniter\Router\RouteCollection))
 5 SYSTEMPATH\CodeIgniter.php(361): CodeIgniter\CodeIgniter->handleRequest(null, Object(Config\Cache), false)
 6 FCPATH\index.php(79): CodeIgniter\CodeIgniter->run()
 7 SYSTEMPATH\Commands\Server\rewrite.php(47): require_once('D:\\Udin\\SMP 1\\web\\pengumuman_kelulusan\\public\\index.php')
CRITICAL - 2024-04-21 03:36:15 --> syntax error, unexpected token "}"
in APPPATH\Controllers\Main2.php on line 33.
 1 SYSTEMPATH\Router\Router.php(514): CodeIgniter\Router\AutoRouter->getRoute('main2/download/1', 'get')
 2 SYSTEMPATH\Router\Router.php(210): CodeIgniter\Router\Router->autoRoute('main2/download/1')
 3 SYSTEMPATH\CodeIgniter.php(823): CodeIgniter\Router\Router->handle('main2/download/1')
 4 SYSTEMPATH\CodeIgniter.php(450): CodeIgniter\CodeIgniter->tryToRouteIt(Object(CodeIgniter\Router\RouteCollection))
 5 SYSTEMPATH\CodeIgniter.php(361): CodeIgniter\CodeIgniter->handleRequest(null, Object(Config\Cache), false)
 6 FCPATH\index.php(79): CodeIgniter\CodeIgniter->run()
 7 SYSTEMPATH\Commands\Server\rewrite.php(47): require_once('D:\\Udin\\SMP 1\\web\\pengumuman_kelulusan\\public\\index.php')
CRITICAL - 2024-04-21 03:36:16 --> Attempt to read property "1.pdf" on array
in APPPATH\Controllers\Main2.php on line 33.
 1 APPPATH\Controllers\Main2.php(33): CodeIgniter\Debug\Exceptions->errorHandler(2, 'Attempt to read property "1.pdf" on array', 'D:\\Udin\\SMP 1\\web\\pengumuman_kelulusan\\app\\Controllers\\Main2.php', 33)
 2 SYSTEMPATH\CodeIgniter.php(942): App\Controllers\Main2->download('1')
 3 SYSTEMPATH\CodeIgniter.php(502): CodeIgniter\CodeIgniter->runController(Object(App\Controllers\Main2))
 4 SYSTEMPATH\CodeIgniter.php(361): CodeIgniter\CodeIgniter->handleRequest(null, Object(Config\Cache), false)
 5 FCPATH\index.php(79): CodeIgniter\CodeIgniter->run()
 6 SYSTEMPATH\Commands\Server\rewrite.php(47): require_once('D:\\Udin\\SMP 1\\web\\pengumuman_kelulusan\\public\\index.php')
CRITICAL - 2024-04-21 03:36:17 --> Attempt to read property "1.pdf" on array
in APPPATH\Controllers\Main2.php on line 33.
 1 APPPATH\Controllers\Main2.php(33): CodeIgniter\Debug\Exceptions->errorHandler(2, 'Attempt to read property "1.pdf" on array', 'D:\\Udin\\SMP 1\\web\\pengumuman_kelulusan\\app\\Controllers\\Main2.php', 33)
 2 SYSTEMPATH\CodeIgniter.php(942): App\Controllers\Main2->download('1')
 3 SYSTEMPATH\CodeIgniter.php(502): CodeIgniter\CodeIgniter->runController(Object(App\Controllers\Main2))
 4 SYSTEMPATH\CodeIgniter.php(361): CodeIgniter\CodeIgniter->handleRequest(null, Object(Config\Cache), false)
 5 FCPATH\index.php(79): CodeIgniter\CodeIgniter->run()
 6 SYSTEMPATH\Commands\Server\rewrite.php(47): require_once('D:\\Udin\\SMP 1\\web\\pengumuman_kelulusan\\public\\index.php')
CRITICAL - 2024-04-21 03:51:40 --> Cannot use object of type App\Models\LoginModel as array
in APPPATH\Controllers\Main2.php on line 32.
 1 SYSTEMPATH\CodeIgniter.php(942): App\Controllers\Main2->download('1')
 2 SYSTEMPATH\CodeIgniter.php(502): CodeIgniter\CodeIgniter->runController(Object(App\Controllers\Main2))
 3 SYSTEMPATH\CodeIgniter.php(361): CodeIgniter\CodeIgniter->handleRequest(null, Object(Config\Cache), false)
 4 FCPATH\index.php(79): CodeIgniter\CodeIgniter->run()
 5 SYSTEMPATH\Commands\Server\rewrite.php(47): require_once('D:\\Udin\\SMP 1\\web\\pengumuman_kelulusan\\public\\index.php')
CRITICAL - 2024-04-21 03:52:10 --> Cannot use object of type App\Models\LoginModel as array
in APPPATH\Controllers\Main2.php on line 32.
 1 SYSTEMPATH\CodeIgniter.php(942): App\Controllers\Main2->download('1')
 2 SYSTEMPATH\CodeIgniter.php(502): CodeIgniter\CodeIgniter->runController(Object(App\Controllers\Main2))
 3 SYSTEMPATH\CodeIgniter.php(361): CodeIgniter\CodeIgniter->handleRequest(null, Object(Config\Cache), false)
 4 FCPATH\index.php(79): CodeIgniter\CodeIgniter->run()
 5 SYSTEMPATH\Commands\Server\rewrite.php(47): require_once('D:\\Udin\\SMP 1\\web\\pengumuman_kelulusan\\public\\index.php')
CRITICAL - 2024-04-21 03:52:11 --> Cannot use object of type App\Models\LoginModel as array
in APPPATH\Controllers\Main2.php on line 32.
 1 SYSTEMPATH\CodeIgniter.php(942): App\Controllers\Main2->download('1')
 2 SYSTEMPATH\CodeIgniter.php(502): CodeIgniter\CodeIgniter->runController(Object(App\Controllers\Main2))
 3 SYSTEMPATH\CodeIgniter.php(361): CodeIgniter\CodeIgniter->handleRequest(null, Object(Config\Cache), false)
 4 FCPATH\index.php(79): CodeIgniter\CodeIgniter->run()
 5 SYSTEMPATH\Commands\Server\rewrite.php(47): require_once('D:\\Udin\\SMP 1\\web\\pengumuman_kelulusan\\public\\index.php')
CRITICAL - 2024-04-21 03:52:12 --> Cannot use object of type App\Models\LoginModel as array
in APPPATH\Controllers\Main2.php on line 32.
 1 SYSTEMPATH\CodeIgniter.php(942): App\Controllers\Main2->download('1')
 2 SYSTEMPATH\CodeIgniter.php(502): CodeIgniter\CodeIgniter->runController(Object(App\Controllers\Main2))
 3 SYSTEMPATH\CodeIgniter.php(361): CodeIgniter\CodeIgniter->handleRequest(null, Object(Config\Cache), false)
 4 FCPATH\index.php(79): CodeIgniter\CodeIgniter->run()
 5 SYSTEMPATH\Commands\Server\rewrite.php(47): require_once('D:\\Udin\\SMP 1\\web\\pengumuman_kelulusan\\public\\index.php')
CRITICAL - 2024-04-21 03:55:00 --> Array to string conversion
in APPPATH\Controllers\Main2.php on line 36.
 1 APPPATH\Controllers\Main2.php(36): CodeIgniter\Debug\Exceptions->errorHandler(2, 'Array to string conversion', 'D:\\Udin\\SMP 1\\web\\pengumuman_kelulusan\\app\\Controllers\\Main2.php', 36)
 2 SYSTEMPATH\CodeIgniter.php(942): App\Controllers\Main2->download('1')
 3 SYSTEMPATH\CodeIgniter.php(502): CodeIgniter\CodeIgniter->runController(Object(App\Controllers\Main2))
 4 SYSTEMPATH\CodeIgniter.php(361): CodeIgniter\CodeIgniter->handleRequest(null, Object(Config\Cache), false)
 5 FCPATH\index.php(79): CodeIgniter\CodeIgniter->run()
 6 SYSTEMPATH\Commands\Server\rewrite.php(47): require_once('D:\\Udin\\SMP 1\\web\\pengumuman_kelulusan\\public\\index.php')
INFO - 2024-04-21 03:56:20 --> Session: Class initialized using 'CodeIgniter\Session\Handlers\FileHandler' driver.
INFO - 2024-04-21 03:56:22 --> Session: Class initialized using 'CodeIgniter\Session\Handlers\FileHandler' driver.
CRITICAL - 2024-04-21 03:56:23 --> Undefined variable $url_unduh
in APPPATH\Views\main_view.php on line 94.
 1 APPPATH\Views\main_view.php(94): CodeIgniter\Debug\Exceptions->errorHandler(2, 'Undefined variable $url_unduh', 'D:\\Udin\\SMP 1\\web\\pengumuman_kelulusan\\app\\Views\\main_view.php', 94)
 2 SYSTEMPATH\View\View.php(228): include('D:\\Udin\\SMP 1\\web\\pengumuman_kelulusan\\app\\Views\\main_view.php')
 3 SYSTEMPATH\View\View.php(231): CodeIgniter\View\View->CodeIgniter\View\{closure}()
 4 SYSTEMPATH\Common.php(1190): CodeIgniter\View\View->render('main_view', [], true)
 5 APPPATH\Controllers\Login.php(48): view('main_view', [...])
 6 SYSTEMPATH\CodeIgniter.php(942): App\Controllers\Login->index()
 7 SYSTEMPATH\CodeIgniter.php(502): CodeIgniter\CodeIgniter->runController(Object(App\Controllers\Login))
 8 SYSTEMPATH\CodeIgniter.php(361): CodeIgniter\CodeIgniter->handleRequest(null, Object(Config\Cache), false)
 9 FCPATH\index.php(79): CodeIgniter\CodeIgniter->run()
10 SYSTEMPATH\Commands\Server\rewrite.php(47): require_once('D:\\Udin\\SMP 1\\web\\pengumuman_kelulusan\\public\\index.php')
INFO - 2024-04-21 03:56:43 --> Session: Class initialized using 'CodeIgniter\Session\Handlers\FileHandler' driver.
INFO - 2024-04-21 03:56:54 --> Session: Class initialized using 'CodeIgniter\Session\Handlers\FileHandler' driver.
INFO - 2024-04-21 03:59:29 --> Session: Class initialized using 'CodeIgniter\Session\Handlers\FileHandler' driver.
INFO - 2024-04-21 03:59:39 --> Session: Class initialized using 'CodeIgniter\Session\Handlers\FileHandler' driver.
INFO - 2024-04-21 03:59:51 --> Session: Class initialized using 'CodeIgniter\Session\Handlers\FileHandler' driver.
CRITICAL - 2024-04-21 03:59:51 --> Undefined variable $url_unduh
in APPPATH\Views\main_view.php on line 94.
 1 APPPATH\Views\main_view.php(94): CodeIgniter\Debug\Exceptions->errorHandler(2, 'Undefined variable $url_unduh', 'D:\\Udin\\SMP 1\\web\\pengumuman_kelulusan\\app\\Views\\main_view.php', 94)
 2 SYSTEMPATH\View\View.php(228): include('D:\\Udin\\SMP 1\\web\\pengumuman_kelulusan\\app\\Views\\main_view.php')
 3 SYSTEMPATH\View\View.php(231): CodeIgniter\View\View->CodeIgniter\View\{closure}()
 4 SYSTEMPATH\Common.php(1190): CodeIgniter\View\View->render('main_view', [], true)
 5 APPPATH\Controllers\Login.php(48): view('main_view', [...])
 6 SYSTEMPATH\CodeIgniter.php(942): App\Controllers\Login->index()
 7 SYSTEMPATH\CodeIgniter.php(502): CodeIgniter\CodeIgniter->runController(Object(App\Controllers\Login))
 8 SYSTEMPATH\CodeIgniter.php(361): CodeIgniter\CodeIgniter->handleRequest(null, Object(Config\Cache), false)
 9 FCPATH\index.php(79): CodeIgniter\CodeIgniter->run()
10 SYSTEMPATH\Commands\Server\rewrite.php(47): require_once('D:\\Udin\\SMP 1\\web\\pengumuman_kelulusan\\public\\index.php')
INFO - 2024-04-21 04:00:18 --> Session: Class initialized using 'CodeIgniter\Session\Handlers\FileHandler' driver.
INFO - 2024-04-21 04:00:29 --> Session: Class initialized using 'CodeIgniter\Session\Handlers\FileHandler' driver.
INFO - 2024-04-21 04:00:32 --> Session: Class initialized using 'CodeIgniter\Session\Handlers\FileHandler' driver.
INFO - 2024-04-21 04:00:44 --> Session: Class initialized using 'CodeIgniter\Session\Handlers\FileHandler' driver.
INFO - 2024-04-21 04:00:46 --> Session: Class initialized using 'CodeIgniter\Session\Handlers\FileHandler' driver.
INFO - 2024-04-21 04:02:38 --> Session: Class initialized using 'CodeIgniter\Session\Handlers\FileHandler' driver.
INFO - 2024-04-21 04:03:13 --> Session: Class initialized using 'CodeIgniter\Session\Handlers\FileHandler' driver.
CRITICAL - 2024-04-21 04:03:13 --> Attempt to read property "berkas" on string
in APPPATH\Controllers\Main2.php on line 39.
 1 APPPATH\Controllers\Main2.php(39): CodeIgniter\Debug\Exceptions->errorHandler(2, 'Attempt to read property "berkas" on string', 'D:\\Udin\\SMP 1\\web\\pengumuman_kelulusan\\app\\Controllers\\Main2.php', 39)
 2 SYSTEMPATH\CodeIgniter.php(942): App\Controllers\Main2->download('1.pdf')
 3 SYSTEMPATH\CodeIgniter.php(502): CodeIgniter\CodeIgniter->runController(Object(App\Controllers\Main2))
 4 SYSTEMPATH\CodeIgniter.php(361): CodeIgniter\CodeIgniter->handleRequest(null, Object(Config\Cache), false)
 5 FCPATH\index.php(79): CodeIgniter\CodeIgniter->run()
 6 SYSTEMPATH\Commands\Server\rewrite.php(47): require_once('D:\\Udin\\SMP 1\\web\\pengumuman_kelulusan\\public\\index.php')
INFO - 2024-04-21 04:03:35 --> Session: Class initialized using 'CodeIgniter\Session\Handlers\FileHandler' driver.
CRITICAL - 2024-04-21 04:03:35 --> File not found: "1pdf"
in SYSTEMPATH\Files\File.php on line 49.
 1 SYSTEMPATH\Files\File.php(49): CodeIgniter\Files\Exceptions\FileNotFoundException::forFileNotFound('1pdf')
 2 SYSTEMPATH\HTTP\DownloadResponse.php(104): CodeIgniter\Files\File->__construct('1pdf', true)
 3 SYSTEMPATH\HTTP\ResponseTrait.php(806): CodeIgniter\HTTP\DownloadResponse->setFilePath('1pdf')
 4 APPPATH\Controllers\Main2.php(39): CodeIgniter\HTTP\Response->download('1pdf', null)
 5 SYSTEMPATH\CodeIgniter.php(942): App\Controllers\Main2->download('1.pdf')
 6 SYSTEMPATH\CodeIgniter.php(502): CodeIgniter\CodeIgniter->runController(Object(App\Controllers\Main2))
 7 SYSTEMPATH\CodeIgniter.php(361): CodeIgniter\CodeIgniter->handleRequest(null, Object(Config\Cache), false)
 8 FCPATH\index.php(79): CodeIgniter\CodeIgniter->run()
 9 SYSTEMPATH\Commands\Server\rewrite.php(47): require_once('D:\\Udin\\SMP 1\\web\\pengumuman_kelulusan\\public\\index.php')
INFO - 2024-04-21 04:03:49 --> Session: Class initialized using 'CodeIgniter\Session\Handlers\FileHandler' driver.
CRITICAL - 2024-04-21 04:03:49 --> File not found: "1.pdf"
in SYSTEMPATH\Files\File.php on line 49.
 1 SYSTEMPATH\Files\File.php(49): CodeIgniter\Files\Exceptions\FileNotFoundException::forFileNotFound('1.pdf')
 2 SYSTEMPATH\HTTP\DownloadResponse.php(104): CodeIgniter\Files\File->__construct('1.pdf', true)
 3 SYSTEMPATH\HTTP\ResponseTrait.php(806): CodeIgniter\HTTP\DownloadResponse->setFilePath('1.pdf')
 4 APPPATH\Controllers\Main2.php(39): CodeIgniter\HTTP\Response->download('1.pdf', null)
 5 SYSTEMPATH\CodeIgniter.php(942): App\Controllers\Main2->download('1.pdf')
 6 SYSTEMPATH\CodeIgniter.php(502): CodeIgniter\CodeIgniter->runController(Object(App\Controllers\Main2))
 7 SYSTEMPATH\CodeIgniter.php(361): CodeIgniter\CodeIgniter->handleRequest(null, Object(Config\Cache), false)
 8 FCPATH\index.php(79): CodeIgniter\CodeIgniter->run()
 9 SYSTEMPATH\Commands\Server\rewrite.php(47): require_once('D:\\Udin\\SMP 1\\web\\pengumuman_kelulusan\\public\\index.php')
INFO - 2024-04-21 04:03:50 --> Session: Class initialized using 'CodeIgniter\Session\Handlers\FileHandler' driver.
CRITICAL - 2024-04-21 04:03:50 --> File not found: "1.pdf"
in SYSTEMPATH\Files\File.php on line 49.
 1 SYSTEMPATH\Files\File.php(49): CodeIgniter\Files\Exceptions\FileNotFoundException::forFileNotFound('1.pdf')
 2 SYSTEMPATH\HTTP\DownloadResponse.php(104): CodeIgniter\Files\File->__construct('1.pdf', true)
 3 SYSTEMPATH\HTTP\ResponseTrait.php(806): CodeIgniter\HTTP\DownloadResponse->setFilePath('1.pdf')
 4 APPPATH\Controllers\Main2.php(39): CodeIgniter\HTTP\Response->download('1.pdf', null)
 5 SYSTEMPATH\CodeIgniter.php(942): App\Controllers\Main2->download('1.pdf')
 6 SYSTEMPATH\CodeIgniter.php(502): CodeIgniter\CodeIgniter->runController(Object(App\Controllers\Main2))
 7 SYSTEMPATH\CodeIgniter.php(361): CodeIgniter\CodeIgniter->handleRequest(null, Object(Config\Cache), false)
 8 FCPATH\index.php(79): CodeIgniter\CodeIgniter->run()
 9 SYSTEMPATH\Commands\Server\rewrite.php(47): require_once('D:\\Udin\\SMP 1\\web\\pengumuman_kelulusan\\public\\index.php')
INFO - 2024-04-21 04:03:51 --> Session: Class initialized using 'CodeIgniter\Session\Handlers\FileHandler' driver.
CRITICAL - 2024-04-21 04:03:51 --> File not found: "1.pdf"
in SYSTEMPATH\Files\File.php on line 49.
 1 SYSTEMPATH\Files\File.php(49): CodeIgniter\Files\Exceptions\FileNotFoundException::forFileNotFound('1.pdf')
 2 SYSTEMPATH\HTTP\DownloadResponse.php(104): CodeIgniter\Files\File->__construct('1.pdf', true)
 3 SYSTEMPATH\HTTP\ResponseTrait.php(806): CodeIgniter\HTTP\DownloadResponse->setFilePath('1.pdf')
 4 APPPATH\Controllers\Main2.php(39): CodeIgniter\HTTP\Response->download('1.pdf', null)
 5 SYSTEMPATH\CodeIgniter.php(942): App\Controllers\Main2->download('1.pdf')
 6 SYSTEMPATH\CodeIgniter.php(502): CodeIgniter\CodeIgniter->runController(Object(App\Controllers\Main2))
 7 SYSTEMPATH\CodeIgniter.php(361): CodeIgniter\CodeIgniter->handleRequest(null, Object(Config\Cache), false)
 8 FCPATH\index.php(79): CodeIgniter\CodeIgniter->run()
 9 SYSTEMPATH\Commands\Server\rewrite.php(47): require_once('D:\\Udin\\SMP 1\\web\\pengumuman_kelulusan\\public\\index.php')
INFO - 2024-04-21 04:05:11 --> Session: Class initialized using 'CodeIgniter\Session\Handlers\FileHandler' driver.
INFO - 2024-04-21 04:05:20 --> Session: Class initialized using 'CodeIgniter\Session\Handlers\FileHandler' driver.
INFO - 2024-04-21 04:05:35 --> Session: Class initialized using 'CodeIgniter\Session\Handlers\FileHandler' driver.
INFO - 2024-04-21 04:05:38 --> Session: Class initialized using 'CodeIgniter\Session\Handlers\FileHandler' driver.
INFO - 2024-04-21 04:05:47 --> Session: Class initialized using 'CodeIgniter\Session\Handlers\FileHandler' driver.
INFO - 2024-04-21 04:05:48 --> Session: Class initialized using 'CodeIgniter\Session\Handlers\FileHandler' driver.
INFO - 2024-04-21 04:06:04 --> Session: Class initialized using 'CodeIgniter\Session\Handlers\FileHandler' driver.
INFO - 2024-04-21 04:06:10 --> Session: Class initialized using 'CodeIgniter\Session\Handlers\FileHandler' driver.
INFO - 2024-04-21 04:06:11 --> Session: Class initialized using 'CodeIgniter\Session\Handlers\FileHandler' driver.
INFO - 2024-04-21 04:06:16 --> Session: Class initialized using 'CodeIgniter\Session\Handlers\FileHandler' driver.
INFO - 2024-04-21 04:06:16 --> Session: Class initialized using 'CodeIgniter\Session\Handlers\FileHandler' driver.
INFO - 2024-04-21 04:07:12 --> Session: Class initialized using 'CodeIgniter\Session\Handlers\FileHandler' driver.
INFO - 2024-04-21 04:07:16 --> Session: Class initialized using 'CodeIgniter\Session\Handlers\FileHandler' driver.
INFO - 2024-04-21 04:08:20 --> Session: Class initialized using 'CodeIgniter\Session\Handlers\FileHandler' driver.
INFO - 2024-04-21 04:08:20 --> Session: Class initialized using 'CodeIgniter\Session\Handlers\FileHandler' driver.
INFO - 2024-04-21 04:12:36 --> Session: Class initialized using 'CodeIgniter\Session\Handlers\FileHandler' driver.
INFO - 2024-04-21 04:12:43 --> Session: Class initialized using 'CodeIgniter\Session\Handlers\FileHandler' driver.
INFO - 2024-04-21 04:12:48 --> Session: Class initialized using 'CodeIgniter\Session\Handlers\FileHandler' driver.
INFO - 2024-04-21 04:13:32 --> Session: Class initialized using 'CodeIgniter\Session\Handlers\FileHandler' driver.
INFO - 2024-04-21 04:13:34 --> Session: Class initialized using 'CodeIgniter\Session\Handlers\FileHandler' driver.
INFO - 2024-04-21 04:17:55 --> Session: Class initialized using 'CodeIgniter\Session\Handlers\FileHandler' driver.
INFO - 2024-04-21 04:17:58 --> Session: Class initialized using 'CodeIgniter\Session\Handlers\FileHandler' driver.
INFO - 2024-04-21 04:18:23 --> Session: Class initialized using 'CodeIgniter\Session\Handlers\FileHandler' driver.
INFO - 2024-04-21 04:18:57 --> Session: Class initialized using 'CodeIgniter\Session\Handlers\FileHandler' driver.
INFO - 2024-04-21 04:19:00 --> Session: Class initialized using 'CodeIgniter\Session\Handlers\FileHandler' driver.
INFO - 2024-04-21 04:19:02 --> Session: Class initialized using 'CodeIgniter\Session\Handlers\FileHandler' driver.
INFO - 2024-04-21 04:25:03 --> Session: Class initialized using 'CodeIgniter\Session\Handlers\FileHandler' driver.
INFO - 2024-04-21 04:25:05 --> Session: Class initialized using 'CodeIgniter\Session\Handlers\FileHandler' driver.
INFO - 2024-04-21 04:26:14 --> Session: Class initialized using 'CodeIgniter\Session\Handlers\FileHandler' driver.
INFO - 2024-04-21 04:26:16 --> Session: Class initialized using 'CodeIgniter\Session\Handlers\FileHandler' driver.
INFO - 2024-04-21 04:26:56 --> Session: Class initialized using 'CodeIgniter\Session\Handlers\FileHandler' driver.
INFO - 2024-04-21 04:26:58 --> Session: Class initialized using 'CodeIgniter\Session\Handlers\FileHandler' driver.
INFO - 2024-04-21 04:27:33 --> Session: Class initialized using 'CodeIgniter\Session\Handlers\FileHandler' driver.
INFO - 2024-04-21 04:29:12 --> Session: Class initialized using 'CodeIgniter\Session\Handlers\FileHandler' driver.
INFO - 2024-04-21 04:29:14 --> Session: Class initialized using 'CodeIgniter\Session\Handlers\FileHandler' driver.
INFO - 2024-04-21 04:29:16 --> Session: Class initialized using 'CodeIgniter\Session\Handlers\FileHandler' driver.
INFO - 2024-04-21 04:29:24 --> Session: Class initialized using 'CodeIgniter\Session\Handlers\FileHandler' driver.
INFO - 2024-04-21 04:29:26 --> Session: Class initialized using 'CodeIgniter\Session\Handlers\FileHandler' driver.
INFO - 2024-04-21 04:30:40 --> Session: Class initialized using 'CodeIgniter\Session\Handlers\FileHandler' driver.
INFO - 2024-04-21 04:30:52 --> Session: Class initialized using 'CodeIgniter\Session\Handlers\FileHandler' driver.
INFO - 2024-04-21 04:31:08 --> Session: Class initialized using 'CodeIgniter\Session\Handlers\FileHandler' driver.
INFO - 2024-04-21 04:31:08 --> Session: Class initialized using 'CodeIgniter\Session\Handlers\FileHandler' driver.
INFO - 2024-04-21 04:31:12 --> Session: Class initialized using 'CodeIgniter\Session\Handlers\FileHandler' driver.
INFO - 2024-04-21 04:31:12 --> Session: Class initialized using 'CodeIgniter\Session\Handlers\FileHandler' driver.
INFO - 2024-04-21 04:36:07 --> Session: Class initialized using 'CodeIgniter\Session\Handlers\FileHandler' driver.
