INFO - 2024-01-03 01:38:41 --> Session: Class initialized using 'CodeIgniter\Session\Handlers\FileHandler' driver.
INFO - 2024-01-03 01:38:44 --> Session: Class initialized using 'CodeIgniter\Session\Handlers\FileHandler' driver.
INFO - 2024-01-03 01:38:45 --> Session: Class initialized using 'CodeIgniter\Session\Handlers\FileHandler' driver.
CRITICAL - 2024-01-03 01:38:51 --> Trying to access array offset on value of type null
in APPPATH\Controllers\Login.php on line 22.
 1 APPPATH\Controllers\Login.php(22): CodeIgniter\Debug\Exceptions->errorHandler(2, 'Trying to access array offset on value of type null', 'D:\\Udin\\SMP 1\\web\\pengumuman_kelulusan\\app\\Controllers\\Login.php', 22)
 2 SYSTEMPATH\CodeIgniter.php(942): App\Controllers\Login->index()
 3 SYSTEMPATH\CodeIgniter.php(502): CodeIgniter\CodeIgniter->runController(Object(App\Controllers\Login))
 4 SYSTEMPATH\CodeIgniter.php(361): CodeIgniter\CodeIgniter->handleRequest(null, Object(Config\Cache), false)
 5 FCPATH\index.php(79): CodeIgniter\CodeIgniter->run()
 6 SYSTEMPATH\Commands\Server\rewrite.php(47): require_once('D:\\Udin\\SMP 1\\web\\pengumuman_kelulusan\\public\\index.php')
INFO - 2024-01-03 01:39:01 --> Session: Class initialized using 'CodeIgniter\Session\Handlers\FileHandler' driver.
CRITICAL - 2024-01-03 01:39:07 --> Trying to access array offset on value of type null
in APPPATH\Controllers\Login.php on line 22.
 1 APPPATH\Controllers\Login.php(22): CodeIgniter\Debug\Exceptions->errorHandler(2, 'Trying to access array offset on value of type null', 'D:\\Udin\\SMP 1\\web\\pengumuman_kelulusan\\app\\Controllers\\Login.php', 22)
 2 SYSTEMPATH\CodeIgniter.php(942): App\Controllers\Login->index()
 3 SYSTEMPATH\CodeIgniter.php(502): CodeIgniter\CodeIgniter->runController(Object(App\Controllers\Login))
 4 SYSTEMPATH\CodeIgniter.php(361): CodeIgniter\CodeIgniter->handleRequest(null, Object(Config\Cache), false)
 5 FCPATH\index.php(79): CodeIgniter\CodeIgniter->run()
 6 SYSTEMPATH\Commands\Server\rewrite.php(47): require_once('D:\\Udin\\SMP 1\\web\\pengumuman_kelulusan\\public\\index.php')
INFO - 2024-01-03 01:40:21 --> Session: Class initialized using 'CodeIgniter\Session\Handlers\FileHandler' driver.
INFO - 2024-01-03 01:40:26 --> Session: Class initialized using 'CodeIgniter\Session\Handlers\FileHandler' driver.
INFO - 2024-01-03 01:40:26 --> Session: Class initialized using 'CodeIgniter\Session\Handlers\FileHandler' driver.
INFO - 2024-01-03 01:40:30 --> Session: Class initialized using 'CodeIgniter\Session\Handlers\FileHandler' driver.
INFO - 2024-01-03 01:40:30 --> Session: Class initialized using 'CodeIgniter\Session\Handlers\FileHandler' driver.
INFO - 2024-01-03 01:40:32 --> Session: Class initialized using 'CodeIgniter\Session\Handlers\FileHandler' driver.
INFO - 2024-01-03 01:40:33 --> Session: Class initialized using 'CodeIgniter\Session\Handlers\FileHandler' driver.
INFO - 2024-01-03 01:40:36 --> Session: Class initialized using 'CodeIgniter\Session\Handlers\FileHandler' driver.
INFO - 2024-01-03 01:40:36 --> Session: Class initialized using 'CodeIgniter\Session\Handlers\FileHandler' driver.
CRITICAL - 2024-01-03 01:40:51 --> Trying to access array offset on value of type null
in APPPATH\Controllers\Login.php on line 22.
 1 APPPATH\Controllers\Login.php(22): CodeIgniter\Debug\Exceptions->errorHandler(2, 'Trying to access array offset on value of type null', 'D:\\Udin\\SMP 1\\web\\pengumuman_kelulusan\\app\\Controllers\\Login.php', 22)
 2 SYSTEMPATH\CodeIgniter.php(942): App\Controllers\Login->index()
 3 SYSTEMPATH\CodeIgniter.php(502): CodeIgniter\CodeIgniter->runController(Object(App\Controllers\Login))
 4 SYSTEMPATH\CodeIgniter.php(361): CodeIgniter\CodeIgniter->handleRequest(null, Object(Config\Cache), false)
 5 FCPATH\index.php(79): CodeIgniter\CodeIgniter->run()
 6 SYSTEMPATH\Commands\Server\rewrite.php(47): require_once('D:\\Udin\\SMP 1\\web\\pengumuman_kelulusan\\public\\index.php')
CRITICAL - 2024-01-03 01:41:27 --> Trying to access array offset on value of type null
in APPPATH\Controllers\Login.php on line 22.
 1 APPPATH\Controllers\Login.php(22): CodeIgniter\Debug\Exceptions->errorHandler(2, 'Trying to access array offset on value of type null', 'D:\\Udin\\SMP 1\\web\\pengumuman_kelulusan\\app\\Controllers\\Login.php', 22)
 2 SYSTEMPATH\CodeIgniter.php(942): App\Controllers\Login->index()
 3 SYSTEMPATH\CodeIgniter.php(502): CodeIgniter\CodeIgniter->runController(Object(App\Controllers\Login))
 4 SYSTEMPATH\CodeIgniter.php(361): CodeIgniter\CodeIgniter->handleRequest(null, Object(Config\Cache), false)
 5 FCPATH\index.php(79): CodeIgniter\CodeIgniter->run()
 6 SYSTEMPATH\Commands\Server\rewrite.php(47): require_once('D:\\Udin\\SMP 1\\web\\pengumuman_kelulusan\\public\\index.php')
INFO - 2024-01-03 01:41:31 --> Session: Class initialized using 'CodeIgniter\Session\Handlers\FileHandler' driver.
INFO - 2024-01-03 01:41:33 --> Session: Class initialized using 'CodeIgniter\Session\Handlers\FileHandler' driver.
INFO - 2024-01-03 01:41:38 --> Session: Class initialized using 'CodeIgniter\Session\Handlers\FileHandler' driver.
CRITICAL - 2024-01-03 01:41:42 --> Trying to access array offset on value of type null
in APPPATH\Controllers\Login.php on line 22.
 1 APPPATH\Controllers\Login.php(22): CodeIgniter\Debug\Exceptions->errorHandler(2, 'Trying to access array offset on value of type null', 'D:\\Udin\\SMP 1\\web\\pengumuman_kelulusan\\app\\Controllers\\Login.php', 22)
 2 SYSTEMPATH\CodeIgniter.php(942): App\Controllers\Login->index()
 3 SYSTEMPATH\CodeIgniter.php(502): CodeIgniter\CodeIgniter->runController(Object(App\Controllers\Login))
 4 SYSTEMPATH\CodeIgniter.php(361): CodeIgniter\CodeIgniter->handleRequest(null, Object(Config\Cache), false)
 5 FCPATH\index.php(79): CodeIgniter\CodeIgniter->run()
 6 SYSTEMPATH\Commands\Server\rewrite.php(47): require_once('D:\\Udin\\SMP 1\\web\\pengumuman_kelulusan\\public\\index.php')
INFO - 2024-01-03 01:42:56 --> Session: Class initialized using 'CodeIgniter\Session\Handlers\FileHandler' driver.
INFO - 2024-01-03 01:43:02 --> Session: Class initialized using 'CodeIgniter\Session\Handlers\FileHandler' driver.
INFO - 2024-01-03 01:43:02 --> Session: Class initialized using 'CodeIgniter\Session\Handlers\FileHandler' driver.
INFO - 2024-01-03 01:43:08 --> Session: Class initialized using 'CodeIgniter\Session\Handlers\FileHandler' driver.
INFO - 2024-01-03 01:43:08 --> Session: Class initialized using 'CodeIgniter\Session\Handlers\FileHandler' driver.
CRITICAL - 2024-01-03 01:43:12 --> Trying to access array offset on value of type null
in APPPATH\Controllers\Login.php on line 22.
 1 APPPATH\Controllers\Login.php(22): CodeIgniter\Debug\Exceptions->errorHandler(2, 'Trying to access array offset on value of type null', 'D:\\Udin\\SMP 1\\web\\pengumuman_kelulusan\\app\\Controllers\\Login.php', 22)
 2 SYSTEMPATH\CodeIgniter.php(942): App\Controllers\Login->index()
 3 SYSTEMPATH\CodeIgniter.php(502): CodeIgniter\CodeIgniter->runController(Object(App\Controllers\Login))
 4 SYSTEMPATH\CodeIgniter.php(361): CodeIgniter\CodeIgniter->handleRequest(null, Object(Config\Cache), false)
 5 FCPATH\index.php(79): CodeIgniter\CodeIgniter->run()
 6 SYSTEMPATH\Commands\Server\rewrite.php(47): require_once('D:\\Udin\\SMP 1\\web\\pengumuman_kelulusan\\public\\index.php')
INFO - 2024-01-03 01:43:37 --> Session: Class initialized using 'CodeIgniter\Session\Handlers\FileHandler' driver.
INFO - 2024-01-03 01:43:40 --> Session: Class initialized using 'CodeIgniter\Session\Handlers\FileHandler' driver.
INFO - 2024-01-03 01:43:40 --> Session: Class initialized using 'CodeIgniter\Session\Handlers\FileHandler' driver.
CRITICAL - 2024-01-03 01:43:59 --> Attempt to read property "berkas" on null
in APPPATH\Controllers\Download.php on line 15.
 1 APPPATH\Controllers\Download.php(15): CodeIgniter\Debug\Exceptions->errorHandler(2, 'Attempt to read property "berkas" on null', 'D:\\Udin\\SMP 1\\web\\pengumuman_kelulusan\\app\\Controllers\\Download.php', 15)
 2 SYSTEMPATH\CodeIgniter.php(942): App\Controllers\Download->download()
 3 SYSTEMPATH\CodeIgniter.php(502): CodeIgniter\CodeIgniter->runController(Object(App\Controllers\Download))
 4 SYSTEMPATH\CodeIgniter.php(361): CodeIgniter\CodeIgniter->handleRequest(null, Object(Config\Cache), false)
 5 FCPATH\index.php(79): CodeIgniter\CodeIgniter->run()
 6 SYSTEMPATH\Commands\Server\rewrite.php(47): require_once('D:\\Udin\\SMP 1\\web\\pengumuman_kelulusan\\public\\index.php')
INFO - 2024-01-03 01:44:06 --> Session: Class initialized using 'CodeIgniter\Session\Handlers\FileHandler' driver.
INFO - 2024-01-03 01:45:45 --> Session: Class initialized using 'CodeIgniter\Session\Handlers\FileHandler' driver.
CRITICAL - 2024-01-03 01:45:45 --> Undefined variable $berkas
in APPPATH\Views\main_view.php on line 58.
 1 APPPATH\Views\main_view.php(58): CodeIgniter\Debug\Exceptions->errorHandler(2, 'Undefined variable $berkas', 'D:\\Udin\\SMP 1\\web\\pengumuman_kelulusan\\app\\Views\\main_view.php', 58)
 2 SYSTEMPATH\View\View.php(228): include('D:\\Udin\\SMP 1\\web\\pengumuman_kelulusan\\app\\Views\\main_view.php')
 3 SYSTEMPATH\View\View.php(231): CodeIgniter\View\View->CodeIgniter\View\{closure}()
 4 SYSTEMPATH\Common.php(1190): CodeIgniter\View\View->render('main_view', [], true)
 5 APPPATH\Controllers\Main.php(11): view('main_view')
 6 SYSTEMPATH\CodeIgniter.php(942): App\Controllers\Main->index()
 7 SYSTEMPATH\CodeIgniter.php(502): CodeIgniter\CodeIgniter->runController(Object(App\Controllers\Main))
 8 SYSTEMPATH\CodeIgniter.php(361): CodeIgniter\CodeIgniter->handleRequest(null, Object(Config\Cache), false)
 9 FCPATH\index.php(79): CodeIgniter\CodeIgniter->run()
10 SYSTEMPATH\Commands\Server\rewrite.php(47): require_once('D:\\Udin\\SMP 1\\web\\pengumuman_kelulusan\\public\\index.php')
INFO - 2024-01-03 01:46:42 --> Session: Class initialized using 'CodeIgniter\Session\Handlers\FileHandler' driver.
INFO - 2024-01-03 01:46:42 --> Session: Class initialized using 'CodeIgniter\Session\Handlers\FileHandler' driver.
CRITICAL - 2024-01-03 01:46:42 --> Undefined variable $berkas
in APPPATH\Views\main_view.php on line 58.
 1 APPPATH\Views\main_view.php(58): CodeIgniter\Debug\Exceptions->errorHandler(2, 'Undefined variable $berkas', 'D:\\Udin\\SMP 1\\web\\pengumuman_kelulusan\\app\\Views\\main_view.php', 58)
 2 SYSTEMPATH\View\View.php(228): include('D:\\Udin\\SMP 1\\web\\pengumuman_kelulusan\\app\\Views\\main_view.php')
 3 SYSTEMPATH\View\View.php(231): CodeIgniter\View\View->CodeIgniter\View\{closure}()
 4 SYSTEMPATH\Common.php(1190): CodeIgniter\View\View->render('main_view', [], true)
 5 APPPATH\Controllers\Main.php(11): view('main_view')
 6 SYSTEMPATH\CodeIgniter.php(942): App\Controllers\Main->index()
 7 SYSTEMPATH\CodeIgniter.php(502): CodeIgniter\CodeIgniter->runController(Object(App\Controllers\Main))
 8 SYSTEMPATH\CodeIgniter.php(361): CodeIgniter\CodeIgniter->handleRequest(null, Object(Config\Cache), false)
 9 FCPATH\index.php(79): CodeIgniter\CodeIgniter->run()
10 SYSTEMPATH\Commands\Server\rewrite.php(47): require_once('D:\\Udin\\SMP 1\\web\\pengumuman_kelulusan\\public\\index.php')
INFO - 2024-01-03 01:46:58 --> Session: Class initialized using 'CodeIgniter\Session\Handlers\FileHandler' driver.
CRITICAL - 2024-01-03 01:46:58 --> Undefined variable $berkas
in APPPATH\Views\main_view.php on line 58.
 1 APPPATH\Views\main_view.php(58): CodeIgniter\Debug\Exceptions->errorHandler(2, 'Undefined variable $berkas', 'D:\\Udin\\SMP 1\\web\\pengumuman_kelulusan\\app\\Views\\main_view.php', 58)
 2 SYSTEMPATH\View\View.php(228): include('D:\\Udin\\SMP 1\\web\\pengumuman_kelulusan\\app\\Views\\main_view.php')
 3 SYSTEMPATH\View\View.php(231): CodeIgniter\View\View->CodeIgniter\View\{closure}()
 4 SYSTEMPATH\Common.php(1190): CodeIgniter\View\View->render('main_view', [], true)
 5 APPPATH\Controllers\Main.php(11): view('main_view')
 6 SYSTEMPATH\CodeIgniter.php(942): App\Controllers\Main->index()
 7 SYSTEMPATH\CodeIgniter.php(502): CodeIgniter\CodeIgniter->runController(Object(App\Controllers\Main))
 8 SYSTEMPATH\CodeIgniter.php(361): CodeIgniter\CodeIgniter->handleRequest(null, Object(Config\Cache), false)
 9 FCPATH\index.php(79): CodeIgniter\CodeIgniter->run()
10 SYSTEMPATH\Commands\Server\rewrite.php(47): require_once('D:\\Udin\\SMP 1\\web\\pengumuman_kelulusan\\public\\index.php')
INFO - 2024-01-03 01:48:46 --> Session: Class initialized using 'CodeIgniter\Session\Handlers\FileHandler' driver.
CRITICAL - 2024-01-03 01:48:49 --> Attempt to read property "berkas" on null
in APPPATH\Controllers\Download.php on line 15.
 1 APPPATH\Controllers\Download.php(15): CodeIgniter\Debug\Exceptions->errorHandler(2, 'Attempt to read property "berkas" on null', 'D:\\Udin\\SMP 1\\web\\pengumuman_kelulusan\\app\\Controllers\\Download.php', 15)
 2 SYSTEMPATH\CodeIgniter.php(942): App\Controllers\Download->download()
 3 SYSTEMPATH\CodeIgniter.php(502): CodeIgniter\CodeIgniter->runController(Object(App\Controllers\Download))
 4 SYSTEMPATH\CodeIgniter.php(361): CodeIgniter\CodeIgniter->handleRequest(null, Object(Config\Cache), false)
 5 FCPATH\index.php(79): CodeIgniter\CodeIgniter->run()
 6 SYSTEMPATH\Commands\Server\rewrite.php(47): require_once('D:\\Udin\\SMP 1\\web\\pengumuman_kelulusan\\public\\index.php')
CRITICAL - 2024-01-03 01:49:20 --> Attempt to read property "berkas" on null
in APPPATH\Controllers\Download.php on line 15.
 1 APPPATH\Controllers\Download.php(15): CodeIgniter\Debug\Exceptions->errorHandler(2, 'Attempt to read property "berkas" on null', 'D:\\Udin\\SMP 1\\web\\pengumuman_kelulusan\\app\\Controllers\\Download.php', 15)
 2 SYSTEMPATH\CodeIgniter.php(942): App\Controllers\Download->download()
 3 SYSTEMPATH\CodeIgniter.php(502): CodeIgniter\CodeIgniter->runController(Object(App\Controllers\Download))
 4 SYSTEMPATH\CodeIgniter.php(361): CodeIgniter\CodeIgniter->handleRequest(null, Object(Config\Cache), false)
 5 FCPATH\index.php(79): CodeIgniter\CodeIgniter->run()
 6 SYSTEMPATH\Commands\Server\rewrite.php(47): require_once('D:\\Udin\\SMP 1\\web\\pengumuman_kelulusan\\public\\index.php')
CRITICAL - 2024-01-03 01:50:14 --> Attempt to read property "berkas" on null
in APPPATH\Controllers\Download.php on line 15.
 1 APPPATH\Controllers\Download.php(15): CodeIgniter\Debug\Exceptions->errorHandler(2, 'Attempt to read property "berkas" on null', 'D:\\Udin\\SMP 1\\web\\pengumuman_kelulusan\\app\\Controllers\\Download.php', 15)
 2 SYSTEMPATH\CodeIgniter.php(942): App\Controllers\Download->download()
 3 SYSTEMPATH\CodeIgniter.php(502): CodeIgniter\CodeIgniter->runController(Object(App\Controllers\Download))
 4 SYSTEMPATH\CodeIgniter.php(361): CodeIgniter\CodeIgniter->handleRequest(null, Object(Config\Cache), false)
 5 FCPATH\index.php(79): CodeIgniter\CodeIgniter->run()
 6 SYSTEMPATH\Commands\Server\rewrite.php(47): require_once('D:\\Udin\\SMP 1\\web\\pengumuman_kelulusan\\public\\index.php')
CRITICAL - 2024-01-03 01:50:15 --> Attempt to read property "berkas" on null
in APPPATH\Controllers\Download.php on line 15.
 1 APPPATH\Controllers\Download.php(15): CodeIgniter\Debug\Exceptions->errorHandler(2, 'Attempt to read property "berkas" on null', 'D:\\Udin\\SMP 1\\web\\pengumuman_kelulusan\\app\\Controllers\\Download.php', 15)
 2 SYSTEMPATH\CodeIgniter.php(942): App\Controllers\Download->download()
 3 SYSTEMPATH\CodeIgniter.php(502): CodeIgniter\CodeIgniter->runController(Object(App\Controllers\Download))
 4 SYSTEMPATH\CodeIgniter.php(361): CodeIgniter\CodeIgniter->handleRequest(null, Object(Config\Cache), false)
 5 FCPATH\index.php(79): CodeIgniter\CodeIgniter->run()
 6 SYSTEMPATH\Commands\Server\rewrite.php(47): require_once('D:\\Udin\\SMP 1\\web\\pengumuman_kelulusan\\public\\index.php')
INFO - 2024-01-03 01:50:16 --> Session: Class initialized using 'CodeIgniter\Session\Handlers\FileHandler' driver.
CRITICAL - 2024-01-03 01:50:18 --> Attempt to read property "berkas" on array
in APPPATH\Controllers\Login.php on line 56.
 1 APPPATH\Controllers\Login.php(56): CodeIgniter\Debug\Exceptions->errorHandler(2, 'Attempt to read property "berkas" on array', 'D:\\Udin\\SMP 1\\web\\pengumuman_kelulusan\\app\\Controllers\\Login.php', 56)
 2 SYSTEMPATH\CodeIgniter.php(942): App\Controllers\Login->download()
 3 SYSTEMPATH\CodeIgniter.php(502): CodeIgniter\CodeIgniter->runController(Object(App\Controllers\Login))
 4 SYSTEMPATH\CodeIgniter.php(361): CodeIgniter\CodeIgniter->handleRequest(null, Object(Config\Cache), false)
 5 FCPATH\index.php(79): CodeIgniter\CodeIgniter->run()
 6 SYSTEMPATH\Commands\Server\rewrite.php(47): require_once('D:\\Udin\\SMP 1\\web\\pengumuman_kelulusan\\public\\index.php')
CRITICAL - 2024-01-03 02:04:18 --> Attempt to read property "berkas" on array
in APPPATH\Controllers\Login.php on line 56.
 1 APPPATH\Controllers\Login.php(56): CodeIgniter\Debug\Exceptions->errorHandler(2, 'Attempt to read property "berkas" on array', 'D:\\Udin\\SMP 1\\web\\pengumuman_kelulusan\\app\\Controllers\\Login.php', 56)
 2 SYSTEMPATH\CodeIgniter.php(942): App\Controllers\Login->download()
 3 SYSTEMPATH\CodeIgniter.php(502): CodeIgniter\CodeIgniter->runController(Object(App\Controllers\Login))
 4 SYSTEMPATH\CodeIgniter.php(361): CodeIgniter\CodeIgniter->handleRequest(null, Object(Config\Cache), false)
 5 FCPATH\index.php(79): CodeIgniter\CodeIgniter->run()
 6 SYSTEMPATH\Commands\Server\rewrite.php(47): require_once('D:\\Udin\\SMP 1\\web\\pengumuman_kelulusan\\public\\index.php')
INFO - 2024-01-03 02:04:37 --> Session: Class initialized using 'CodeIgniter\Session\Handlers\FileHandler' driver.
CRITICAL - 2024-01-03 02:04:40 --> Attempt to read property "" on null
in APPPATH\Controllers\Download.php on line 15.
 1 APPPATH\Controllers\Download.php(15): CodeIgniter\Debug\Exceptions->errorHandler(2, 'Attempt to read property "" on null', 'D:\\Udin\\SMP 1\\web\\pengumuman_kelulusan\\app\\Controllers\\Download.php', 15)
 2 SYSTEMPATH\CodeIgniter.php(942): App\Controllers\Download->download()
 3 SYSTEMPATH\CodeIgniter.php(502): CodeIgniter\CodeIgniter->runController(Object(App\Controllers\Download))
 4 SYSTEMPATH\CodeIgniter.php(361): CodeIgniter\CodeIgniter->handleRequest(null, Object(Config\Cache), false)
 5 FCPATH\index.php(79): CodeIgniter\CodeIgniter->run()
 6 SYSTEMPATH\Commands\Server\rewrite.php(47): require_once('D:\\Udin\\SMP 1\\web\\pengumuman_kelulusan\\public\\index.php')
CRITICAL - 2024-01-03 02:05:25 --> File not found: "berkas/skl/"
in SYSTEMPATH\Files\File.php on line 49.
 1 SYSTEMPATH\Files\File.php(49): CodeIgniter\Files\Exceptions\FileNotFoundException::forFileNotFound('berkas/skl/')
 2 SYSTEMPATH\HTTP\DownloadResponse.php(104): CodeIgniter\Files\File->__construct('berkas/skl/', true)
 3 SYSTEMPATH\HTTP\ResponseTrait.php(806): CodeIgniter\HTTP\DownloadResponse->setFilePath('berkas/skl/')
 4 APPPATH\Controllers\Download.php(15): CodeIgniter\HTTP\Response->download('', null)
 5 SYSTEMPATH\CodeIgniter.php(942): App\Controllers\Download->download()
 6 SYSTEMPATH\CodeIgniter.php(502): CodeIgniter\CodeIgniter->runController(Object(App\Controllers\Download))
 7 SYSTEMPATH\CodeIgniter.php(361): CodeIgniter\CodeIgniter->handleRequest(null, Object(Config\Cache), false)
 8 FCPATH\index.php(79): CodeIgniter\CodeIgniter->run()
 9 SYSTEMPATH\Commands\Server\rewrite.php(47): require_once('D:\\Udin\\SMP 1\\web\\pengumuman_kelulusan\\public\\index.php')
CRITICAL - 2024-01-03 02:05:38 --> File not found: "/berkas/skl/"
in SYSTEMPATH\Files\File.php on line 49.
 1 SYSTEMPATH\Files\File.php(49): CodeIgniter\Files\Exceptions\FileNotFoundException::forFileNotFound('/berkas/skl/')
 2 SYSTEMPATH\HTTP\DownloadResponse.php(104): CodeIgniter\Files\File->__construct('/berkas/skl/', true)
 3 SYSTEMPATH\HTTP\ResponseTrait.php(806): CodeIgniter\HTTP\DownloadResponse->setFilePath('/berkas/skl/')
 4 APPPATH\Controllers\Download.php(15): CodeIgniter\HTTP\Response->download('', null)
 5 SYSTEMPATH\CodeIgniter.php(942): App\Controllers\Download->download()
 6 SYSTEMPATH\CodeIgniter.php(502): CodeIgniter\CodeIgniter->runController(Object(App\Controllers\Download))
 7 SYSTEMPATH\CodeIgniter.php(361): CodeIgniter\CodeIgniter->handleRequest(null, Object(Config\Cache), false)
 8 FCPATH\index.php(79): CodeIgniter\CodeIgniter->run()
 9 SYSTEMPATH\Commands\Server\rewrite.php(47): require_once('D:\\Udin\\SMP 1\\web\\pengumuman_kelulusan\\public\\index.php')
CRITICAL - 2024-01-03 02:05:45 --> Attempt to read property "" on null
in APPPATH\Controllers\Download.php on line 15.
 1 APPPATH\Controllers\Download.php(15): CodeIgniter\Debug\Exceptions->errorHandler(2, 'Attempt to read property "" on null', 'D:\\Udin\\SMP 1\\web\\pengumuman_kelulusan\\app\\Controllers\\Download.php', 15)
 2 SYSTEMPATH\CodeIgniter.php(942): App\Controllers\Download->download()
 3 SYSTEMPATH\CodeIgniter.php(502): CodeIgniter\CodeIgniter->runController(Object(App\Controllers\Download))
 4 SYSTEMPATH\CodeIgniter.php(361): CodeIgniter\CodeIgniter->handleRequest(null, Object(Config\Cache), false)
 5 FCPATH\index.php(79): CodeIgniter\CodeIgniter->run()
 6 SYSTEMPATH\Commands\Server\rewrite.php(47): require_once('D:\\Udin\\SMP 1\\web\\pengumuman_kelulusan\\public\\index.php')
CRITICAL - 2024-01-03 02:05:51 --> Attempt to read property "data" on null
in APPPATH\Controllers\Download.php on line 15.
 1 APPPATH\Controllers\Download.php(15): CodeIgniter\Debug\Exceptions->errorHandler(2, 'Attempt to read property "data" on null', 'D:\\Udin\\SMP 1\\web\\pengumuman_kelulusan\\app\\Controllers\\Download.php', 15)
 2 SYSTEMPATH\CodeIgniter.php(942): App\Controllers\Download->download()
 3 SYSTEMPATH\CodeIgniter.php(502): CodeIgniter\CodeIgniter->runController(Object(App\Controllers\Download))
 4 SYSTEMPATH\CodeIgniter.php(361): CodeIgniter\CodeIgniter->handleRequest(null, Object(Config\Cache), false)
 5 FCPATH\index.php(79): CodeIgniter\CodeIgniter->run()
 6 SYSTEMPATH\Commands\Server\rewrite.php(47): require_once('D:\\Udin\\SMP 1\\web\\pengumuman_kelulusan\\public\\index.php')
CRITICAL - 2024-01-03 02:07:11 --> syntax error, unexpected integer "1", expecting identifier or variable or "{" or "$"
in APPPATH\Controllers\Download.php on line 15.
 1 SYSTEMPATH\Router\Router.php(514): CodeIgniter\Router\AutoRouter->getRoute('download/download', 'get')
 2 SYSTEMPATH\Router\Router.php(210): CodeIgniter\Router\Router->autoRoute('download/download')
 3 SYSTEMPATH\CodeIgniter.php(823): CodeIgniter\Router\Router->handle('download/download')
 4 SYSTEMPATH\CodeIgniter.php(450): CodeIgniter\CodeIgniter->tryToRouteIt(Object(CodeIgniter\Router\RouteCollection))
 5 SYSTEMPATH\CodeIgniter.php(361): CodeIgniter\CodeIgniter->handleRequest(null, Object(Config\Cache), false)
 6 FCPATH\index.php(79): CodeIgniter\CodeIgniter->run()
 7 SYSTEMPATH\Commands\Server\rewrite.php(47): require_once('D:\\Udin\\SMP 1\\web\\pengumuman_kelulusan\\public\\index.php')
INFO - 2024-01-03 02:30:59 --> Session: Class initialized using 'CodeIgniter\Session\Handlers\FileHandler' driver.
INFO - 2024-01-03 16:48:32 --> Session: Class initialized using 'CodeIgniter\Session\Handlers\FileHandler' driver.
INFO - 2024-01-03 16:48:39 --> Session: Class initialized using 'CodeIgniter\Session\Handlers\FileHandler' driver.
INFO - 2024-01-03 16:48:39 --> Session: Class initialized using 'CodeIgniter\Session\Handlers\FileHandler' driver.
CRITICAL - 2024-01-03 16:48:49 --> Attempt to read property "berkas" on null
in APPPATH\Controllers\Download.php on line 15.
 1 APPPATH\Controllers\Download.php(15): CodeIgniter\Debug\Exceptions->errorHandler(2, 'Attempt to read property "berkas" on null', 'D:\\Udin\\SMP 1\\web\\pengumuman_kelulusan\\app\\Controllers\\Download.php', 15)
 2 SYSTEMPATH\CodeIgniter.php(942): App\Controllers\Download->download()
 3 SYSTEMPATH\CodeIgniter.php(502): CodeIgniter\CodeIgniter->runController(Object(App\Controllers\Download))
 4 SYSTEMPATH\CodeIgniter.php(361): CodeIgniter\CodeIgniter->handleRequest(null, Object(Config\Cache), false)
 5 FCPATH\index.php(79): CodeIgniter\CodeIgniter->run()
 6 SYSTEMPATH\Commands\Server\rewrite.php(47): require_once('D:\\Udin\\SMP 1\\web\\pengumuman_kelulusan\\public\\index.php')
INFO - 2024-01-03 16:48:54 --> Session: Class initialized using 'CodeIgniter\Session\Handlers\FileHandler' driver.
INFO - 2024-01-03 16:49:01 --> Session: Class initialized using 'CodeIgniter\Session\Handlers\FileHandler' driver.
INFO - 2024-01-03 16:49:01 --> Session: Class initialized using 'CodeIgniter\Session\Handlers\FileHandler' driver.
INFO - 2024-01-03 16:49:22 --> Session: Class initialized using 'CodeIgniter\Session\Handlers\FileHandler' driver.
INFO - 2024-01-03 16:49:22 --> Session: Class initialized using 'CodeIgniter\Session\Handlers\FileHandler' driver.
INFO - 2024-01-03 16:49:30 --> Session: Class initialized using 'CodeIgniter\Session\Handlers\FileHandler' driver.
INFO - 2024-01-03 16:49:30 --> Session: Class initialized using 'CodeIgniter\Session\Handlers\FileHandler' driver.
INFO - 2024-01-03 16:49:30 --> Session: Class initialized using 'CodeIgniter\Session\Handlers\FileHandler' driver.
INFO - 2024-01-03 16:49:30 --> Session: Class initialized using 'CodeIgniter\Session\Handlers\FileHandler' driver.
CRITICAL - 2024-01-03 16:49:40 --> Trying to access array offset on value of type null
in APPPATH\Controllers\Login.php on line 22.
 1 APPPATH\Controllers\Login.php(22): CodeIgniter\Debug\Exceptions->errorHandler(2, 'Trying to access array offset on value of type null', 'D:\\Udin\\SMP 1\\web\\pengumuman_kelulusan\\app\\Controllers\\Login.php', 22)
 2 SYSTEMPATH\CodeIgniter.php(942): App\Controllers\Login->index()
 3 SYSTEMPATH\CodeIgniter.php(502): CodeIgniter\CodeIgniter->runController(Object(App\Controllers\Login))
 4 SYSTEMPATH\CodeIgniter.php(361): CodeIgniter\CodeIgniter->handleRequest(null, Object(Config\Cache), false)
 5 FCPATH\index.php(79): CodeIgniter\CodeIgniter->run()
 6 SYSTEMPATH\Commands\Server\rewrite.php(47): require_once('D:\\Udin\\SMP 1\\web\\pengumuman_kelulusan\\public\\index.php')
INFO - 2024-01-03 16:49:44 --> Session: Class initialized using 'CodeIgniter\Session\Handlers\FileHandler' driver.
