INFO - 2024-02-17 07:16:06 --> Session: Class initialized using 'CodeIgniter\Session\Handlers\FileHandler' driver.
INFO - 2024-02-17 07:18:06 --> Session: Class initialized using 'CodeIgniter\Session\Handlers\FileHandler' driver.
CRITICAL - 2024-02-17 07:29:52 --> foreach() argument must be of type array|object, string given
in APPPATH\Views\admin_view.php on line 20.
 1 APPPATH\Views\admin_view.php(20): CodeIgniter\Debug\Exceptions->errorHandler(2, 'foreach() argument must be of type array|object, string given', 'D:\\Udin\\SMP 1\\web\\pengumuman_kelulusan\\app\\Views\\admin_view.php', 20)
 2 SYSTEMPATH\View\View.php(228): include('D:\\Udin\\SMP 1\\web\\pengumuman_kelulusan\\app\\Views\\admin_view.php')
 3 SYSTEMPATH\View\View.php(231): CodeIgniter\View\View->CodeIgniter\View\{closure}()
 4 SYSTEMPATH\Common.php(1190): CodeIgniter\View\View->render('admin_view', [], true)
 5 APPPATH\Controllers\Admin.php(18): view('admin_view', [...])
 6 SYSTEMPATH\CodeIgniter.php(942): App\Controllers\Admin->index()
 7 SYSTEMPATH\CodeIgniter.php(502): CodeIgniter\CodeIgniter->runController(Object(App\Controllers\Admin))
 8 SYSTEMPATH\CodeIgniter.php(361): CodeIgniter\CodeIgniter->handleRequest(null, Object(Config\Cache), false)
 9 FCPATH\index.php(79): CodeIgniter\CodeIgniter->run()
10 SYSTEMPATH\Commands\Server\rewrite.php(47): require_once('D:\\Udin\\SMP 1\\web\\pengumuman_kelulusan\\public\\index.php')
CRITICAL - 2024-02-17 07:30:39 --> foreach() argument must be of type array|object, string given
in APPPATH\Views\admin_view.php on line 20.
 1 APPPATH\Views\admin_view.php(20): CodeIgniter\Debug\Exceptions->errorHandler(2, 'foreach() argument must be of type array|object, string given', 'D:\\Udin\\SMP 1\\web\\pengumuman_kelulusan\\app\\Views\\admin_view.php', 20)
 2 SYSTEMPATH\View\View.php(228): include('D:\\Udin\\SMP 1\\web\\pengumuman_kelulusan\\app\\Views\\admin_view.php')
 3 SYSTEMPATH\View\View.php(231): CodeIgniter\View\View->CodeIgniter\View\{closure}()
 4 SYSTEMPATH\Common.php(1190): CodeIgniter\View\View->render('admin_view', [], true)
 5 APPPATH\Controllers\Admin.php(18): view('admin_view', [...])
 6 SYSTEMPATH\CodeIgniter.php(942): App\Controllers\Admin->index()
 7 SYSTEMPATH\CodeIgniter.php(502): CodeIgniter\CodeIgniter->runController(Object(App\Controllers\Admin))
 8 SYSTEMPATH\CodeIgniter.php(361): CodeIgniter\CodeIgniter->handleRequest(null, Object(Config\Cache), false)
 9 FCPATH\index.php(79): CodeIgniter\CodeIgniter->run()
10 SYSTEMPATH\Commands\Server\rewrite.php(47): require_once('D:\\Udin\\SMP 1\\web\\pengumuman_kelulusan\\public\\index.php')
CRITICAL - 2024-02-17 07:31:56 --> foreach() argument must be of type array|object, string given
in APPPATH\Views\admin_view.php on line 20.
 1 APPPATH\Views\admin_view.php(20): CodeIgniter\Debug\Exceptions->errorHandler(2, 'foreach() argument must be of type array|object, string given', 'D:\\Udin\\SMP 1\\web\\pengumuman_kelulusan\\app\\Views\\admin_view.php', 20)
 2 SYSTEMPATH\View\View.php(228): include('D:\\Udin\\SMP 1\\web\\pengumuman_kelulusan\\app\\Views\\admin_view.php')
 3 SYSTEMPATH\View\View.php(231): CodeIgniter\View\View->CodeIgniter\View\{closure}()
 4 SYSTEMPATH\Common.php(1190): CodeIgniter\View\View->render('admin_view', [], true)
 5 APPPATH\Controllers\Admin.php(18): view('admin_view', [...])
 6 SYSTEMPATH\CodeIgniter.php(942): App\Controllers\Admin->index()
 7 SYSTEMPATH\CodeIgniter.php(502): CodeIgniter\CodeIgniter->runController(Object(App\Controllers\Admin))
 8 SYSTEMPATH\CodeIgniter.php(361): CodeIgniter\CodeIgniter->handleRequest(null, Object(Config\Cache), false)
 9 FCPATH\index.php(79): CodeIgniter\CodeIgniter->run()
10 SYSTEMPATH\Commands\Server\rewrite.php(47): require_once('D:\\Udin\\SMP 1\\web\\pengumuman_kelulusan\\public\\index.php')
CRITICAL - 2024-02-17 07:31:58 --> foreach() argument must be of type array|object, string given
in APPPATH\Views\admin_view.php on line 20.
 1 APPPATH\Views\admin_view.php(20): CodeIgniter\Debug\Exceptions->errorHandler(2, 'foreach() argument must be of type array|object, string given', 'D:\\Udin\\SMP 1\\web\\pengumuman_kelulusan\\app\\Views\\admin_view.php', 20)
 2 SYSTEMPATH\View\View.php(228): include('D:\\Udin\\SMP 1\\web\\pengumuman_kelulusan\\app\\Views\\admin_view.php')
 3 SYSTEMPATH\View\View.php(231): CodeIgniter\View\View->CodeIgniter\View\{closure}()
 4 SYSTEMPATH\Common.php(1190): CodeIgniter\View\View->render('admin_view', [], true)
 5 APPPATH\Controllers\Admin.php(18): view('admin_view', [...])
 6 SYSTEMPATH\CodeIgniter.php(942): App\Controllers\Admin->index()
 7 SYSTEMPATH\CodeIgniter.php(502): CodeIgniter\CodeIgniter->runController(Object(App\Controllers\Admin))
 8 SYSTEMPATH\CodeIgniter.php(361): CodeIgniter\CodeIgniter->handleRequest(null, Object(Config\Cache), false)
 9 FCPATH\index.php(79): CodeIgniter\CodeIgniter->run()
10 SYSTEMPATH\Commands\Server\rewrite.php(47): require_once('D:\\Udin\\SMP 1\\web\\pengumuman_kelulusan\\public\\index.php')
CRITICAL - 2024-02-17 07:32:14 --> Undefined array key "nisn"
in APPPATH\Views\admin_view.php on line 22.
 1 APPPATH\Views\admin_view.php(22): CodeIgniter\Debug\Exceptions->errorHandler(2, 'Undefined array key "nisn"', 'D:\\Udin\\SMP 1\\web\\pengumuman_kelulusan\\app\\Views\\admin_view.php', 22)
 2 SYSTEMPATH\View\View.php(228): include('D:\\Udin\\SMP 1\\web\\pengumuman_kelulusan\\app\\Views\\admin_view.php')
 3 SYSTEMPATH\View\View.php(231): CodeIgniter\View\View->CodeIgniter\View\{closure}()
 4 SYSTEMPATH\Common.php(1190): CodeIgniter\View\View->render('admin_view', [], true)
 5 APPPATH\Controllers\Admin.php(18): view('admin_view', [...])
 6 SYSTEMPATH\CodeIgniter.php(942): App\Controllers\Admin->index()
 7 SYSTEMPATH\CodeIgniter.php(502): CodeIgniter\CodeIgniter->runController(Object(App\Controllers\Admin))
 8 SYSTEMPATH\CodeIgniter.php(361): CodeIgniter\CodeIgniter->handleRequest(null, Object(Config\Cache), false)
 9 FCPATH\index.php(79): CodeIgniter\CodeIgniter->run()
10 SYSTEMPATH\Commands\Server\rewrite.php(47): require_once('D:\\Udin\\SMP 1\\web\\pengumuman_kelulusan\\public\\index.php')
CRITICAL - 2024-02-17 07:32:45 --> Undefined array key "nis"
in APPPATH\Views\admin_view.php on line 22.
 1 APPPATH\Views\admin_view.php(22): CodeIgniter\Debug\Exceptions->errorHandler(2, 'Undefined array key "nis"', 'D:\\Udin\\SMP 1\\web\\pengumuman_kelulusan\\app\\Views\\admin_view.php', 22)
 2 SYSTEMPATH\View\View.php(228): include('D:\\Udin\\SMP 1\\web\\pengumuman_kelulusan\\app\\Views\\admin_view.php')
 3 SYSTEMPATH\View\View.php(231): CodeIgniter\View\View->CodeIgniter\View\{closure}()
 4 SYSTEMPATH\Common.php(1190): CodeIgniter\View\View->render('admin_view', [], true)
 5 APPPATH\Controllers\Admin.php(18): view('admin_view', [...])
 6 SYSTEMPATH\CodeIgniter.php(942): App\Controllers\Admin->index()
 7 SYSTEMPATH\CodeIgniter.php(502): CodeIgniter\CodeIgniter->runController(Object(App\Controllers\Admin))
 8 SYSTEMPATH\CodeIgniter.php(361): CodeIgniter\CodeIgniter->handleRequest(null, Object(Config\Cache), false)
 9 FCPATH\index.php(79): CodeIgniter\CodeIgniter->run()
10 SYSTEMPATH\Commands\Server\rewrite.php(47): require_once('D:\\Udin\\SMP 1\\web\\pengumuman_kelulusan\\public\\index.php')
CRITICAL - 2024-02-17 07:32:51 --> Undefined array key "nisn"
in APPPATH\Views\admin_view.php on line 22.
 1 APPPATH\Views\admin_view.php(22): CodeIgniter\Debug\Exceptions->errorHandler(2, 'Undefined array key "nisn"', 'D:\\Udin\\SMP 1\\web\\pengumuman_kelulusan\\app\\Views\\admin_view.php', 22)
 2 SYSTEMPATH\View\View.php(228): include('D:\\Udin\\SMP 1\\web\\pengumuman_kelulusan\\app\\Views\\admin_view.php')
 3 SYSTEMPATH\View\View.php(231): CodeIgniter\View\View->CodeIgniter\View\{closure}()
 4 SYSTEMPATH\Common.php(1190): CodeIgniter\View\View->render('admin_view', [], true)
 5 APPPATH\Controllers\Admin.php(18): view('admin_view', [...])
 6 SYSTEMPATH\CodeIgniter.php(942): App\Controllers\Admin->index()
 7 SYSTEMPATH\CodeIgniter.php(502): CodeIgniter\CodeIgniter->runController(Object(App\Controllers\Admin))
 8 SYSTEMPATH\CodeIgniter.php(361): CodeIgniter\CodeIgniter->handleRequest(null, Object(Config\Cache), false)
 9 FCPATH\index.php(79): CodeIgniter\CodeIgniter->run()
10 SYSTEMPATH\Commands\Server\rewrite.php(47): require_once('D:\\Udin\\SMP 1\\web\\pengumuman_kelulusan\\public\\index.php')
CRITICAL - 2024-02-17 07:33:07 --> Undefined array key "nisn"
in APPPATH\Views\admin_view.php on line 22.
 1 APPPATH\Views\admin_view.php(22): CodeIgniter\Debug\Exceptions->errorHandler(2, 'Undefined array key "nisn"', 'D:\\Udin\\SMP 1\\web\\pengumuman_kelulusan\\app\\Views\\admin_view.php', 22)
 2 SYSTEMPATH\View\View.php(228): include('D:\\Udin\\SMP 1\\web\\pengumuman_kelulusan\\app\\Views\\admin_view.php')
 3 SYSTEMPATH\View\View.php(231): CodeIgniter\View\View->CodeIgniter\View\{closure}()
 4 SYSTEMPATH\Common.php(1190): CodeIgniter\View\View->render('admin_view', [], true)
 5 APPPATH\Controllers\Admin.php(18): view('admin_view', [...])
 6 SYSTEMPATH\CodeIgniter.php(942): App\Controllers\Admin->index()
 7 SYSTEMPATH\CodeIgniter.php(502): CodeIgniter\CodeIgniter->runController(Object(App\Controllers\Admin))
 8 SYSTEMPATH\CodeIgniter.php(361): CodeIgniter\CodeIgniter->handleRequest(null, Object(Config\Cache), false)
 9 FCPATH\index.php(79): CodeIgniter\CodeIgniter->run()
10 SYSTEMPATH\Commands\Server\rewrite.php(47): require_once('D:\\Udin\\SMP 1\\web\\pengumuman_kelulusan\\public\\index.php')
CRITICAL - 2024-02-17 07:33:13 --> Undefined array key "nis"
in APPPATH\Views\admin_view.php on line 22.
 1 APPPATH\Views\admin_view.php(22): CodeIgniter\Debug\Exceptions->errorHandler(2, 'Undefined array key "nis"', 'D:\\Udin\\SMP 1\\web\\pengumuman_kelulusan\\app\\Views\\admin_view.php', 22)
 2 SYSTEMPATH\View\View.php(228): include('D:\\Udin\\SMP 1\\web\\pengumuman_kelulusan\\app\\Views\\admin_view.php')
 3 SYSTEMPATH\View\View.php(231): CodeIgniter\View\View->CodeIgniter\View\{closure}()
 4 SYSTEMPATH\Common.php(1190): CodeIgniter\View\View->render('admin_view', [], true)
 5 APPPATH\Controllers\Admin.php(18): view('admin_view', [...])
 6 SYSTEMPATH\CodeIgniter.php(942): App\Controllers\Admin->index()
 7 SYSTEMPATH\CodeIgniter.php(502): CodeIgniter\CodeIgniter->runController(Object(App\Controllers\Admin))
 8 SYSTEMPATH\CodeIgniter.php(361): CodeIgniter\CodeIgniter->handleRequest(null, Object(Config\Cache), false)
 9 FCPATH\index.php(79): CodeIgniter\CodeIgniter->run()
10 SYSTEMPATH\Commands\Server\rewrite.php(47): require_once('D:\\Udin\\SMP 1\\web\\pengumuman_kelulusan\\public\\index.php')
CRITICAL - 2024-02-17 08:20:02 --> Invalid file: "admin_view.php"
in SYSTEMPATH\Exceptions\FrameworkException.php on line 39.
 1 SYSTEMPATH\View\View.php(216): CodeIgniter\Exceptions\FrameworkException::forInvalidFile('admin_view.php')
 2 SYSTEMPATH\Common.php(1190): CodeIgniter\View\View->render('admin_view', [], true)
 3 APPPATH\Controllers\Admin.php(18): view('admin_view', [...])
 4 SYSTEMPATH\CodeIgniter.php(942): App\Controllers\Admin->index()
 5 SYSTEMPATH\CodeIgniter.php(502): CodeIgniter\CodeIgniter->runController(Object(App\Controllers\Admin))
 6 SYSTEMPATH\CodeIgniter.php(361): CodeIgniter\CodeIgniter->handleRequest(null, Object(Config\Cache), false)
 7 FCPATH\index.php(79): CodeIgniter\CodeIgniter->run()
 8 SYSTEMPATH\Commands\Server\rewrite.php(47): require_once('D:\\Udin\\SMP 1\\web\\pengumuman_kelulusan\\public\\index.php')
CRITICAL - 2024-02-17 08:26:25 --> Undefined variable $pengguna
in APPPATH\Views\layout\navbar.php on line 3.
 1 APPPATH\Views\layout\navbar.php(3): CodeIgniter\Debug\Exceptions->errorHandler(2, 'Undefined variable $pengguna', 'D:\\Udin\\SMP 1\\web\\pengumuman_kelulusan\\app\\Views\\layout\\navbar.php', 3)
 2 SYSTEMPATH\View\View.php(228): include('D:\\Udin\\SMP 1\\web\\pengumuman_kelulusan\\app\\Views\\layout\\navbar.php')
 3 SYSTEMPATH\View\View.php(231): CodeIgniter\View\View->CodeIgniter\View\{closure}()
 4 SYSTEMPATH\View\View.php(469): CodeIgniter\View\View->render('layout/navbar', null, true)
 5 APPPATH\Views\layout\template.php(20): CodeIgniter\View\View->include('layout/navbar')
 6 SYSTEMPATH\View\View.php(228): include('D:\\Udin\\SMP 1\\web\\pengumuman_kelulusan\\app\\Views\\layout\\template.php')
 7 SYSTEMPATH\View\View.php(231): CodeIgniter\View\View->CodeIgniter\View\{closure}()
 8 SYSTEMPATH\View\View.php(244): CodeIgniter\View\View->render('layout/template', [], true)
 9 SYSTEMPATH\Common.php(1190): CodeIgniter\View\View->render('dashboard_admin_view', [], true)
10 APPPATH\Controllers\Admin.php(29): view('dashboard_admin_view', [...])
11 SYSTEMPATH\CodeIgniter.php(942): App\Controllers\Admin->dashboard()
12 SYSTEMPATH\CodeIgniter.php(502): CodeIgniter\CodeIgniter->runController(Object(App\Controllers\Admin))
13 SYSTEMPATH\CodeIgniter.php(361): CodeIgniter\CodeIgniter->handleRequest(null, Object(Config\Cache), false)
14 FCPATH\index.php(79): CodeIgniter\CodeIgniter->run()
15 SYSTEMPATH\Commands\Server\rewrite.php(47): require_once('D:\\Udin\\SMP 1\\web\\pengumuman_kelulusan\\public\\index.php')
CRITICAL - 2024-02-17 08:26:39 --> Undefined variable $admin
in APPPATH\Views\layout\navbar.php on line 3.
 1 APPPATH\Views\layout\navbar.php(3): CodeIgniter\Debug\Exceptions->errorHandler(2, 'Undefined variable $admin', 'D:\\Udin\\SMP 1\\web\\pengumuman_kelulusan\\app\\Views\\layout\\navbar.php', 3)
 2 SYSTEMPATH\View\View.php(228): include('D:\\Udin\\SMP 1\\web\\pengumuman_kelulusan\\app\\Views\\layout\\navbar.php')
 3 SYSTEMPATH\View\View.php(231): CodeIgniter\View\View->CodeIgniter\View\{closure}()
 4 SYSTEMPATH\View\View.php(469): CodeIgniter\View\View->render('layout/navbar', null, true)
 5 APPPATH\Views\layout\template.php(20): CodeIgniter\View\View->include('layout/navbar')
 6 SYSTEMPATH\View\View.php(228): include('D:\\Udin\\SMP 1\\web\\pengumuman_kelulusan\\app\\Views\\layout\\template.php')
 7 SYSTEMPATH\View\View.php(231): CodeIgniter\View\View->CodeIgniter\View\{closure}()
 8 SYSTEMPATH\View\View.php(244): CodeIgniter\View\View->render('layout/template', [], true)
 9 SYSTEMPATH\Common.php(1190): CodeIgniter\View\View->render('dashboard_admin_view', [], true)
10 APPPATH\Controllers\Admin.php(29): view('dashboard_admin_view', [...])
11 SYSTEMPATH\CodeIgniter.php(942): App\Controllers\Admin->dashboard()
12 SYSTEMPATH\CodeIgniter.php(502): CodeIgniter\CodeIgniter->runController(Object(App\Controllers\Admin))
13 SYSTEMPATH\CodeIgniter.php(361): CodeIgniter\CodeIgniter->handleRequest(null, Object(Config\Cache), false)
14 FCPATH\index.php(79): CodeIgniter\CodeIgniter->run()
15 SYSTEMPATH\Commands\Server\rewrite.php(47): require_once('D:\\Udin\\SMP 1\\web\\pengumuman_kelulusan\\public\\index.php')
CRITICAL - 2024-02-17 08:27:13 --> syntax error, unexpected token "}", expecting ";"
in APPPATH\Controllers\Admin.php on line 19.
 1 SYSTEMPATH\Router\Router.php(514): CodeIgniter\Router\AutoRouter->getRoute('admin/dashboard', 'get')
 2 SYSTEMPATH\Router\Router.php(210): CodeIgniter\Router\Router->autoRoute('admin/dashboard')
 3 SYSTEMPATH\CodeIgniter.php(823): CodeIgniter\Router\Router->handle('admin/dashboard')
 4 SYSTEMPATH\CodeIgniter.php(450): CodeIgniter\CodeIgniter->tryToRouteIt(Object(CodeIgniter\Router\RouteCollection))
 5 SYSTEMPATH\CodeIgniter.php(361): CodeIgniter\CodeIgniter->handleRequest(null, Object(Config\Cache), false)
 6 FCPATH\index.php(79): CodeIgniter\CodeIgniter->run()
 7 SYSTEMPATH\Commands\Server\rewrite.php(47): require_once('D:\\Udin\\SMP 1\\web\\pengumuman_kelulusan\\public\\index.php')
CRITICAL - 2024-02-17 08:27:19 --> Undefined variable $admin
in APPPATH\Views\layout\navbar.php on line 3.
 1 APPPATH\Views\layout\navbar.php(3): CodeIgniter\Debug\Exceptions->errorHandler(2, 'Undefined variable $admin', 'D:\\Udin\\SMP 1\\web\\pengumuman_kelulusan\\app\\Views\\layout\\navbar.php', 3)
 2 SYSTEMPATH\View\View.php(228): include('D:\\Udin\\SMP 1\\web\\pengumuman_kelulusan\\app\\Views\\layout\\navbar.php')
 3 SYSTEMPATH\View\View.php(231): CodeIgniter\View\View->CodeIgniter\View\{closure}()
 4 SYSTEMPATH\View\View.php(469): CodeIgniter\View\View->render('layout/navbar', null, true)
 5 APPPATH\Views\layout\template.php(20): CodeIgniter\View\View->include('layout/navbar')
 6 SYSTEMPATH\View\View.php(228): include('D:\\Udin\\SMP 1\\web\\pengumuman_kelulusan\\app\\Views\\layout\\template.php')
 7 SYSTEMPATH\View\View.php(231): CodeIgniter\View\View->CodeIgniter\View\{closure}()
 8 SYSTEMPATH\View\View.php(244): CodeIgniter\View\View->render('layout/template', [], true)
 9 SYSTEMPATH\Common.php(1190): CodeIgniter\View\View->render('dashboard_admin_view', [], true)
10 APPPATH\Controllers\Admin.php(30): view('dashboard_admin_view', [...])
11 SYSTEMPATH\CodeIgniter.php(942): App\Controllers\Admin->dashboard()
12 SYSTEMPATH\CodeIgniter.php(502): CodeIgniter\CodeIgniter->runController(Object(App\Controllers\Admin))
13 SYSTEMPATH\CodeIgniter.php(361): CodeIgniter\CodeIgniter->handleRequest(null, Object(Config\Cache), false)
14 FCPATH\index.php(79): CodeIgniter\CodeIgniter->run()
15 SYSTEMPATH\Commands\Server\rewrite.php(47): require_once('D:\\Udin\\SMP 1\\web\\pengumuman_kelulusan\\public\\index.php')
CRITICAL - 2024-02-17 08:29:12 --> Invalid file: "input_admin_view.php"
in SYSTEMPATH\Exceptions\FrameworkException.php on line 39.
 1 SYSTEMPATH\View\View.php(216): CodeIgniter\Exceptions\FrameworkException::forInvalidFile('input_admin_view.php')
 2 SYSTEMPATH\Common.php(1190): CodeIgniter\View\View->render('input_admin_view', [], true)
 3 APPPATH\Controllers\Admin.php(22): view('input_admin_view')
 4 SYSTEMPATH\CodeIgniter.php(942): App\Controllers\Admin->input()
 5 SYSTEMPATH\CodeIgniter.php(502): CodeIgniter\CodeIgniter->runController(Object(App\Controllers\Admin))
 6 SYSTEMPATH\CodeIgniter.php(361): CodeIgniter\CodeIgniter->handleRequest(null, Object(Config\Cache), false)
 7 FCPATH\index.php(79): CodeIgniter\CodeIgniter->run()
 8 SYSTEMPATH\Commands\Server\rewrite.php(47): require_once('D:\\Udin\\SMP 1\\web\\pengumuman_kelulusan\\public\\index.php')
CRITICAL - 2024-02-17 08:34:02 --> Undefined variable $title
in APPPATH\Views\layout\template.php on line 15.
 1 APPPATH\Views\layout\template.php(15): CodeIgniter\Debug\Exceptions->errorHandler(2, 'Undefined variable $title', 'D:\\Udin\\SMP 1\\web\\pengumuman_kelulusan\\app\\Views\\layout\\template.php', 15)
 2 SYSTEMPATH\View\View.php(228): include('D:\\Udin\\SMP 1\\web\\pengumuman_kelulusan\\app\\Views\\layout\\template.php')
 3 SYSTEMPATH\View\View.php(231): CodeIgniter\View\View->CodeIgniter\View\{closure}()
 4 SYSTEMPATH\View\View.php(244): CodeIgniter\View\View->render('layout/template', [], true)
 5 SYSTEMPATH\Common.php(1190): CodeIgniter\View\View->render('input_admin_view', [], true)
 6 APPPATH\Controllers\Admin.php(22): view('input_admin_view')
 7 SYSTEMPATH\CodeIgniter.php(942): App\Controllers\Admin->input()
 8 SYSTEMPATH\CodeIgniter.php(502): CodeIgniter\CodeIgniter->runController(Object(App\Controllers\Admin))
 9 SYSTEMPATH\CodeIgniter.php(361): CodeIgniter\CodeIgniter->handleRequest(null, Object(Config\Cache), false)
10 FCPATH\index.php(79): CodeIgniter\CodeIgniter->run()
11 SYSTEMPATH\Commands\Server\rewrite.php(47): require_once('D:\\Udin\\SMP 1\\web\\pengumuman_kelulusan\\public\\index.php')
CRITICAL - 2024-02-17 08:34:48 --> Undefined variable $title
in APPPATH\Views\layout\template.php on line 15.
 1 APPPATH\Views\layout\template.php(15): CodeIgniter\Debug\Exceptions->errorHandler(2, 'Undefined variable $title', 'D:\\Udin\\SMP 1\\web\\pengumuman_kelulusan\\app\\Views\\layout\\template.php', 15)
 2 SYSTEMPATH\View\View.php(228): include('D:\\Udin\\SMP 1\\web\\pengumuman_kelulusan\\app\\Views\\layout\\template.php')
 3 SYSTEMPATH\View\View.php(231): CodeIgniter\View\View->CodeIgniter\View\{closure}()
 4 SYSTEMPATH\View\View.php(244): CodeIgniter\View\View->render('layout/template', [], true)
 5 SYSTEMPATH\Common.php(1190): CodeIgniter\View\View->render('input_admin_view', [], true)
 6 APPPATH\Controllers\Admin.php(26): view('input_admin_view')
 7 SYSTEMPATH\CodeIgniter.php(942): App\Controllers\Admin->input()
 8 SYSTEMPATH\CodeIgniter.php(502): CodeIgniter\CodeIgniter->runController(Object(App\Controllers\Admin))
 9 SYSTEMPATH\CodeIgniter.php(361): CodeIgniter\CodeIgniter->handleRequest(null, Object(Config\Cache), false)
10 FCPATH\index.php(79): CodeIgniter\CodeIgniter->run()
11 SYSTEMPATH\Commands\Server\rewrite.php(47): require_once('D:\\Udin\\SMP 1\\web\\pengumuman_kelulusan\\public\\index.php')
CRITICAL - 2024-02-17 08:34:51 --> Undefined variable $title
in APPPATH\Views\layout\template.php on line 15.
 1 APPPATH\Views\layout\template.php(15): CodeIgniter\Debug\Exceptions->errorHandler(2, 'Undefined variable $title', 'D:\\Udin\\SMP 1\\web\\pengumuman_kelulusan\\app\\Views\\layout\\template.php', 15)
 2 SYSTEMPATH\View\View.php(228): include('D:\\Udin\\SMP 1\\web\\pengumuman_kelulusan\\app\\Views\\layout\\template.php')
 3 SYSTEMPATH\View\View.php(231): CodeIgniter\View\View->CodeIgniter\View\{closure}()
 4 SYSTEMPATH\View\View.php(244): CodeIgniter\View\View->render('layout/template', [], true)
 5 SYSTEMPATH\Common.php(1190): CodeIgniter\View\View->render('input_admin_view', [], true)
 6 APPPATH\Controllers\Admin.php(26): view('input_admin_view')
 7 SYSTEMPATH\CodeIgniter.php(942): App\Controllers\Admin->input()
 8 SYSTEMPATH\CodeIgniter.php(502): CodeIgniter\CodeIgniter->runController(Object(App\Controllers\Admin))
 9 SYSTEMPATH\CodeIgniter.php(361): CodeIgniter\CodeIgniter->handleRequest(null, Object(Config\Cache), false)
10 FCPATH\index.php(79): CodeIgniter\CodeIgniter->run()
11 SYSTEMPATH\Commands\Server\rewrite.php(47): require_once('D:\\Udin\\SMP 1\\web\\pengumuman_kelulusan\\public\\index.php')
ERROR - 2024-02-17 09:12:09 --> mysqli_sql_exception: Column 'nisn' cannot be null in D:\Udin\SMP 1\web\pengumuman_kelulusan\system\Database\MySQLi\Connection.php:306
Stack trace:
#0 D:\Udin\SMP 1\web\pengumuman_kelulusan\system\Database\MySQLi\Connection.php(306): mysqli->query('INSERT INTO `us...', 0)
#1 D:\Udin\SMP 1\web\pengumuman_kelulusan\system\Database\BaseConnection.php(693): CodeIgniter\Database\MySQLi\Connection->execute('INSERT INTO `us...')
#2 D:\Udin\SMP 1\web\pengumuman_kelulusan\system\Database\BaseConnection.php(607): CodeIgniter\Database\BaseConnection->simpleQuery('INSERT INTO `us...')
#3 D:\Udin\SMP 1\web\pengumuman_kelulusan\system\Database\BaseBuilder.php(2308): CodeIgniter\Database\BaseConnection->query('INSERT INTO `us...', Array, false)
#4 D:\Udin\SMP 1\web\pengumuman_kelulusan\system\Model.php(319): CodeIgniter\Database\BaseBuilder->insert()
#5 D:\Udin\SMP 1\web\pengumuman_kelulusan\system\BaseModel.php(788): CodeIgniter\Model->doInsert(Array)
#6 D:\Udin\SMP 1\web\pengumuman_kelulusan\system\Model.php(715): CodeIgniter\BaseModel->insert(Array, true)
#7 D:\Udin\SMP 1\web\pengumuman_kelulusan\app\Controllers\Admin.php(33): CodeIgniter\Model->insert(Array)
#8 D:\Udin\SMP 1\web\pengumuman_kelulusan\system\CodeIgniter.php(942): App\Controllers\Admin->input()
#9 D:\Udin\SMP 1\web\pengumuman_kelulusan\system\CodeIgniter.php(502): CodeIgniter\CodeIgniter->runController(Object(App\Controllers\Admin))
#10 D:\Udin\SMP 1\web\pengumuman_kelulusan\system\CodeIgniter.php(361): CodeIgniter\CodeIgniter->handleRequest(NULL, Object(Config\Cache), false)
#11 D:\Udin\SMP 1\web\pengumuman_kelulusan\public\index.php(79): CodeIgniter\CodeIgniter->run()
#12 D:\Udin\SMP 1\web\pengumuman_kelulusan\system\Commands\Server\rewrite.php(47): require_once('D:\\Udin\\SMP 1\\w...')
#13 {main}
CRITICAL - 2024-02-17 09:12:09 --> Column 'nisn' cannot be null
in SYSTEMPATH\Database\BaseConnection.php on line 647.
 1 SYSTEMPATH\Database\BaseBuilder.php(2308): CodeIgniter\Database\BaseConnection->query('INSERT INTO `user` (`nisn`, `nis`, `nama_lengkap`, `kelas`, `tempat_lahir`, `tanggal_lahir`, `berkas`) VALUES (:nisn:, :nis:, :nama_lengkap:, :kelas:, :tempat_lahir:, :tanggal_lahir:, :berkas:)', [...], false)
 2 SYSTEMPATH\Model.php(319): CodeIgniter\Database\BaseBuilder->insert()
 3 SYSTEMPATH\BaseModel.php(788): CodeIgniter\Model->doInsert([...])
 4 SYSTEMPATH\Model.php(715): CodeIgniter\BaseModel->insert([...], true)
 5 APPPATH\Controllers\Admin.php(33): CodeIgniter\Model->insert([...])
 6 SYSTEMPATH\CodeIgniter.php(942): App\Controllers\Admin->input()
 7 SYSTEMPATH\CodeIgniter.php(502): CodeIgniter\CodeIgniter->runController(Object(App\Controllers\Admin))
 8 SYSTEMPATH\CodeIgniter.php(361): CodeIgniter\CodeIgniter->handleRequest(null, Object(Config\Cache), false)
 9 FCPATH\index.php(79): CodeIgniter\CodeIgniter->run()
10 SYSTEMPATH\Commands\Server\rewrite.php(47): require_once('D:\\Udin\\SMP 1\\web\\pengumuman_kelulusan\\public\\index.php')
ERROR - 2024-02-17 09:12:24 --> mysqli_sql_exception: Column 'nisn' cannot be null in D:\Udin\SMP 1\web\pengumuman_kelulusan\system\Database\MySQLi\Connection.php:306
Stack trace:
#0 D:\Udin\SMP 1\web\pengumuman_kelulusan\system\Database\MySQLi\Connection.php(306): mysqli->query('INSERT INTO `us...', 0)
#1 D:\Udin\SMP 1\web\pengumuman_kelulusan\system\Database\BaseConnection.php(693): CodeIgniter\Database\MySQLi\Connection->execute('INSERT INTO `us...')
#2 D:\Udin\SMP 1\web\pengumuman_kelulusan\system\Database\BaseConnection.php(607): CodeIgniter\Database\BaseConnection->simpleQuery('INSERT INTO `us...')
#3 D:\Udin\SMP 1\web\pengumuman_kelulusan\system\Database\BaseBuilder.php(2308): CodeIgniter\Database\BaseConnection->query('INSERT INTO `us...', Array, false)
#4 D:\Udin\SMP 1\web\pengumuman_kelulusan\system\Model.php(319): CodeIgniter\Database\BaseBuilder->insert()
#5 D:\Udin\SMP 1\web\pengumuman_kelulusan\system\BaseModel.php(788): CodeIgniter\Model->doInsert(Array)
#6 D:\Udin\SMP 1\web\pengumuman_kelulusan\system\Model.php(715): CodeIgniter\BaseModel->insert(Array, true)
#7 D:\Udin\SMP 1\web\pengumuman_kelulusan\app\Controllers\Admin.php(33): CodeIgniter\Model->insert(Array)
#8 D:\Udin\SMP 1\web\pengumuman_kelulusan\system\CodeIgniter.php(942): App\Controllers\Admin->input()
#9 D:\Udin\SMP 1\web\pengumuman_kelulusan\system\CodeIgniter.php(502): CodeIgniter\CodeIgniter->runController(Object(App\Controllers\Admin))
#10 D:\Udin\SMP 1\web\pengumuman_kelulusan\system\CodeIgniter.php(361): CodeIgniter\CodeIgniter->handleRequest(NULL, Object(Config\Cache), false)
#11 D:\Udin\SMP 1\web\pengumuman_kelulusan\public\index.php(79): CodeIgniter\CodeIgniter->run()
#12 D:\Udin\SMP 1\web\pengumuman_kelulusan\system\Commands\Server\rewrite.php(47): require_once('D:\\Udin\\SMP 1\\w...')
#13 {main}
CRITICAL - 2024-02-17 09:12:24 --> Column 'nisn' cannot be null
in SYSTEMPATH\Database\BaseConnection.php on line 647.
 1 SYSTEMPATH\Database\BaseBuilder.php(2308): CodeIgniter\Database\BaseConnection->query('INSERT INTO `user` (`nisn`, `nis`, `nama_lengkap`, `kelas`, `tempat_lahir`, `tanggal_lahir`, `berkas`) VALUES (:nisn:, :nis:, :nama_lengkap:, :kelas:, :tempat_lahir:, :tanggal_lahir:, :berkas:)', [...], false)
 2 SYSTEMPATH\Model.php(319): CodeIgniter\Database\BaseBuilder->insert()
 3 SYSTEMPATH\BaseModel.php(788): CodeIgniter\Model->doInsert([...])
 4 SYSTEMPATH\Model.php(715): CodeIgniter\BaseModel->insert([...], true)
 5 APPPATH\Controllers\Admin.php(33): CodeIgniter\Model->insert([...])
 6 SYSTEMPATH\CodeIgniter.php(942): App\Controllers\Admin->input()
 7 SYSTEMPATH\CodeIgniter.php(502): CodeIgniter\CodeIgniter->runController(Object(App\Controllers\Admin))
 8 SYSTEMPATH\CodeIgniter.php(361): CodeIgniter\CodeIgniter->handleRequest(null, Object(Config\Cache), false)
 9 FCPATH\index.php(79): CodeIgniter\CodeIgniter->run()
10 SYSTEMPATH\Commands\Server\rewrite.php(47): require_once('D:\\Udin\\SMP 1\\web\\pengumuman_kelulusan\\public\\index.php')
CRITICAL - 2024-02-17 09:15:01 --> Undefined variable $title
in APPPATH\Views\layout\template.php on line 15.
 1 APPPATH\Views\layout\template.php(15): CodeIgniter\Debug\Exceptions->errorHandler(2, 'Undefined variable $title', 'D:\\Udin\\SMP 1\\web\\pengumuman_kelulusan\\app\\Views\\layout\\template.php', 15)
 2 SYSTEMPATH\View\View.php(228): include('D:\\Udin\\SMP 1\\web\\pengumuman_kelulusan\\app\\Views\\layout\\template.php')
 3 SYSTEMPATH\View\View.php(231): CodeIgniter\View\View->CodeIgniter\View\{closure}()
 4 SYSTEMPATH\View\View.php(244): CodeIgniter\View\View->render('layout/template', [], true)
 5 SYSTEMPATH\Common.php(1190): CodeIgniter\View\View->render('input_admin_view', [], true)
 6 APPPATH\Controllers\Admin.php(23): view('input_admin_view')
 7 SYSTEMPATH\CodeIgniter.php(942): App\Controllers\Admin->input()
 8 SYSTEMPATH\CodeIgniter.php(502): CodeIgniter\CodeIgniter->runController(Object(App\Controllers\Admin))
 9 SYSTEMPATH\CodeIgniter.php(361): CodeIgniter\CodeIgniter->handleRequest(null, Object(Config\Cache), false)
10 FCPATH\index.php(79): CodeIgniter\CodeIgniter->run()
11 SYSTEMPATH\Commands\Server\rewrite.php(47): require_once('D:\\Udin\\SMP 1\\web\\pengumuman_kelulusan\\public\\index.php')
CRITICAL - 2024-02-17 09:15:23 --> Undefined variable $title
in APPPATH\Views\layout\template.php on line 15.
 1 APPPATH\Views\layout\template.php(15): CodeIgniter\Debug\Exceptions->errorHandler(2, 'Undefined variable $title', 'D:\\Udin\\SMP 1\\web\\pengumuman_kelulusan\\app\\Views\\layout\\template.php', 15)
 2 SYSTEMPATH\View\View.php(228): include('D:\\Udin\\SMP 1\\web\\pengumuman_kelulusan\\app\\Views\\layout\\template.php')
 3 SYSTEMPATH\View\View.php(231): CodeIgniter\View\View->CodeIgniter\View\{closure}()
 4 SYSTEMPATH\View\View.php(244): CodeIgniter\View\View->render('layout/template', [], true)
 5 SYSTEMPATH\Common.php(1190): CodeIgniter\View\View->render('input_admin_view', [], true)
 6 APPPATH\Controllers\Admin.php(23): view('input_admin_view')
 7 SYSTEMPATH\CodeIgniter.php(942): App\Controllers\Admin->input()
 8 SYSTEMPATH\CodeIgniter.php(502): CodeIgniter\CodeIgniter->runController(Object(App\Controllers\Admin))
 9 SYSTEMPATH\CodeIgniter.php(361): CodeIgniter\CodeIgniter->handleRequest(null, Object(Config\Cache), false)
10 FCPATH\index.php(79): CodeIgniter\CodeIgniter->run()
11 SYSTEMPATH\Commands\Server\rewrite.php(47): require_once('D:\\Udin\\SMP 1\\web\\pengumuman_kelulusan\\public\\index.php')
CRITICAL - 2024-02-17 09:15:25 --> Undefined variable $title
in APPPATH\Views\layout\template.php on line 15.
 1 APPPATH\Views\layout\template.php(15): CodeIgniter\Debug\Exceptions->errorHandler(2, 'Undefined variable $title', 'D:\\Udin\\SMP 1\\web\\pengumuman_kelulusan\\app\\Views\\layout\\template.php', 15)
 2 SYSTEMPATH\View\View.php(228): include('D:\\Udin\\SMP 1\\web\\pengumuman_kelulusan\\app\\Views\\layout\\template.php')
 3 SYSTEMPATH\View\View.php(231): CodeIgniter\View\View->CodeIgniter\View\{closure}()
 4 SYSTEMPATH\View\View.php(244): CodeIgniter\View\View->render('layout/template', [], true)
 5 SYSTEMPATH\Common.php(1190): CodeIgniter\View\View->render('input_admin_view', [], true)
 6 APPPATH\Controllers\Admin.php(23): view('input_admin_view')
 7 SYSTEMPATH\CodeIgniter.php(942): App\Controllers\Admin->input()
 8 SYSTEMPATH\CodeIgniter.php(502): CodeIgniter\CodeIgniter->runController(Object(App\Controllers\Admin))
 9 SYSTEMPATH\CodeIgniter.php(361): CodeIgniter\CodeIgniter->handleRequest(null, Object(Config\Cache), false)
10 FCPATH\index.php(79): CodeIgniter\CodeIgniter->run()
11 SYSTEMPATH\Commands\Server\rewrite.php(47): require_once('D:\\Udin\\SMP 1\\web\\pengumuman_kelulusan\\public\\index.php')
CRITICAL - 2024-02-17 09:15:43 --> Undefined variable $title
in APPPATH\Views\layout\template.php on line 15.
 1 APPPATH\Views\layout\template.php(15): CodeIgniter\Debug\Exceptions->errorHandler(2, 'Undefined variable $title', 'D:\\Udin\\SMP 1\\web\\pengumuman_kelulusan\\app\\Views\\layout\\template.php', 15)
 2 SYSTEMPATH\View\View.php(228): include('D:\\Udin\\SMP 1\\web\\pengumuman_kelulusan\\app\\Views\\layout\\template.php')
 3 SYSTEMPATH\View\View.php(231): CodeIgniter\View\View->CodeIgniter\View\{closure}()
 4 SYSTEMPATH\View\View.php(244): CodeIgniter\View\View->render('layout/template', [], true)
 5 SYSTEMPATH\Common.php(1190): CodeIgniter\View\View->render('input_admin_view', [], true)
 6 APPPATH\Controllers\Admin.php(23): view('input_admin_view')
 7 SYSTEMPATH\CodeIgniter.php(942): App\Controllers\Admin->input()
 8 SYSTEMPATH\CodeIgniter.php(502): CodeIgniter\CodeIgniter->runController(Object(App\Controllers\Admin))
 9 SYSTEMPATH\CodeIgniter.php(361): CodeIgniter\CodeIgniter->handleRequest(null, Object(Config\Cache), false)
10 FCPATH\index.php(79): CodeIgniter\CodeIgniter->run()
11 SYSTEMPATH\Commands\Server\rewrite.php(47): require_once('D:\\Udin\\SMP 1\\web\\pengumuman_kelulusan\\public\\index.php')
CRITICAL - 2024-02-17 09:15:44 --> Undefined variable $title
in APPPATH\Views\layout\template.php on line 15.
 1 APPPATH\Views\layout\template.php(15): CodeIgniter\Debug\Exceptions->errorHandler(2, 'Undefined variable $title', 'D:\\Udin\\SMP 1\\web\\pengumuman_kelulusan\\app\\Views\\layout\\template.php', 15)
 2 SYSTEMPATH\View\View.php(228): include('D:\\Udin\\SMP 1\\web\\pengumuman_kelulusan\\app\\Views\\layout\\template.php')
 3 SYSTEMPATH\View\View.php(231): CodeIgniter\View\View->CodeIgniter\View\{closure}()
 4 SYSTEMPATH\View\View.php(244): CodeIgniter\View\View->render('layout/template', [], true)
 5 SYSTEMPATH\Common.php(1190): CodeIgniter\View\View->render('input_admin_view', [], true)
 6 APPPATH\Controllers\Admin.php(23): view('input_admin_view')
 7 SYSTEMPATH\CodeIgniter.php(942): App\Controllers\Admin->input()
 8 SYSTEMPATH\CodeIgniter.php(502): CodeIgniter\CodeIgniter->runController(Object(App\Controllers\Admin))
 9 SYSTEMPATH\CodeIgniter.php(361): CodeIgniter\CodeIgniter->handleRequest(null, Object(Config\Cache), false)
10 FCPATH\index.php(79): CodeIgniter\CodeIgniter->run()
11 SYSTEMPATH\Commands\Server\rewrite.php(47): require_once('D:\\Udin\\SMP 1\\web\\pengumuman_kelulusan\\public\\index.php')
ERROR - 2024-02-17 09:16:31 --> mysqli_sql_exception: Column 'nisn' cannot be null in D:\Udin\SMP 1\web\pengumuman_kelulusan\system\Database\MySQLi\Connection.php:306
Stack trace:
#0 D:\Udin\SMP 1\web\pengumuman_kelulusan\system\Database\MySQLi\Connection.php(306): mysqli->query('INSERT INTO `us...', 0)
#1 D:\Udin\SMP 1\web\pengumuman_kelulusan\system\Database\BaseConnection.php(693): CodeIgniter\Database\MySQLi\Connection->execute('INSERT INTO `us...')
#2 D:\Udin\SMP 1\web\pengumuman_kelulusan\system\Database\BaseConnection.php(607): CodeIgniter\Database\BaseConnection->simpleQuery('INSERT INTO `us...')
#3 D:\Udin\SMP 1\web\pengumuman_kelulusan\system\Database\BaseBuilder.php(2308): CodeIgniter\Database\BaseConnection->query('INSERT INTO `us...', Array, false)
#4 D:\Udin\SMP 1\web\pengumuman_kelulusan\system\Model.php(319): CodeIgniter\Database\BaseBuilder->insert()
#5 D:\Udin\SMP 1\web\pengumuman_kelulusan\system\BaseModel.php(788): CodeIgniter\Model->doInsert(Array)
#6 D:\Udin\SMP 1\web\pengumuman_kelulusan\system\Model.php(715): CodeIgniter\BaseModel->insert(Array, true)
#7 D:\Udin\SMP 1\web\pengumuman_kelulusan\app\Controllers\Admin.php(43): CodeIgniter\Model->insert(Array)
#8 D:\Udin\SMP 1\web\pengumuman_kelulusan\system\CodeIgniter.php(942): App\Controllers\Admin->simpan()
#9 D:\Udin\SMP 1\web\pengumuman_kelulusan\system\CodeIgniter.php(502): CodeIgniter\CodeIgniter->runController(Object(App\Controllers\Admin))
#10 D:\Udin\SMP 1\web\pengumuman_kelulusan\system\CodeIgniter.php(361): CodeIgniter\CodeIgniter->handleRequest(NULL, Object(Config\Cache), false)
#11 D:\Udin\SMP 1\web\pengumuman_kelulusan\public\index.php(79): CodeIgniter\CodeIgniter->run()
#12 D:\Udin\SMP 1\web\pengumuman_kelulusan\system\Commands\Server\rewrite.php(47): require_once('D:\\Udin\\SMP 1\\w...')
#13 {main}
CRITICAL - 2024-02-17 09:16:31 --> Column 'nisn' cannot be null
in SYSTEMPATH\Database\BaseConnection.php on line 647.
 1 SYSTEMPATH\Database\BaseBuilder.php(2308): CodeIgniter\Database\BaseConnection->query('INSERT INTO `user` (`nisn`, `nis`, `nama_lengkap`, `kelas`, `tempat_lahir`, `tanggal_lahir`, `berkas`) VALUES (:nisn:, :nis:, :nama_lengkap:, :kelas:, :tempat_lahir:, :tanggal_lahir:, :berkas:)', [...], false)
 2 SYSTEMPATH\Model.php(319): CodeIgniter\Database\BaseBuilder->insert()
 3 SYSTEMPATH\BaseModel.php(788): CodeIgniter\Model->doInsert([...])
 4 SYSTEMPATH\Model.php(715): CodeIgniter\BaseModel->insert([...], true)
 5 APPPATH\Controllers\Admin.php(43): CodeIgniter\Model->insert([...])
 6 SYSTEMPATH\CodeIgniter.php(942): App\Controllers\Admin->simpan()
 7 SYSTEMPATH\CodeIgniter.php(502): CodeIgniter\CodeIgniter->runController(Object(App\Controllers\Admin))
 8 SYSTEMPATH\CodeIgniter.php(361): CodeIgniter\CodeIgniter->handleRequest(null, Object(Config\Cache), false)
 9 FCPATH\index.php(79): CodeIgniter\CodeIgniter->run()
10 SYSTEMPATH\Commands\Server\rewrite.php(47): require_once('D:\\Udin\\SMP 1\\web\\pengumuman_kelulusan\\public\\index.php')
ERROR - 2024-02-17 09:17:11 --> mysqli_sql_exception: Column 'nis' cannot be null in D:\Udin\SMP 1\web\pengumuman_kelulusan\system\Database\MySQLi\Connection.php:306
Stack trace:
#0 D:\Udin\SMP 1\web\pengumuman_kelulusan\system\Database\MySQLi\Connection.php(306): mysqli->query('INSERT INTO `us...', 0)
#1 D:\Udin\SMP 1\web\pengumuman_kelulusan\system\Database\BaseConnection.php(693): CodeIgniter\Database\MySQLi\Connection->execute('INSERT INTO `us...')
#2 D:\Udin\SMP 1\web\pengumuman_kelulusan\system\Database\BaseConnection.php(607): CodeIgniter\Database\BaseConnection->simpleQuery('INSERT INTO `us...')
#3 D:\Udin\SMP 1\web\pengumuman_kelulusan\system\Database\BaseBuilder.php(2308): CodeIgniter\Database\BaseConnection->query('INSERT INTO `us...', Array, false)
#4 D:\Udin\SMP 1\web\pengumuman_kelulusan\system\Model.php(319): CodeIgniter\Database\BaseBuilder->insert()
#5 D:\Udin\SMP 1\web\pengumuman_kelulusan\system\BaseModel.php(788): CodeIgniter\Model->doInsert(Array)
#6 D:\Udin\SMP 1\web\pengumuman_kelulusan\system\Model.php(715): CodeIgniter\BaseModel->insert(Array, true)
#7 D:\Udin\SMP 1\web\pengumuman_kelulusan\app\Controllers\Admin.php(42): CodeIgniter\Model->insert(Array)
#8 D:\Udin\SMP 1\web\pengumuman_kelulusan\system\CodeIgniter.php(942): App\Controllers\Admin->simpan()
#9 D:\Udin\SMP 1\web\pengumuman_kelulusan\system\CodeIgniter.php(502): CodeIgniter\CodeIgniter->runController(Object(App\Controllers\Admin))
#10 D:\Udin\SMP 1\web\pengumuman_kelulusan\system\CodeIgniter.php(361): CodeIgniter\CodeIgniter->handleRequest(NULL, Object(Config\Cache), false)
#11 D:\Udin\SMP 1\web\pengumuman_kelulusan\public\index.php(79): CodeIgniter\CodeIgniter->run()
#12 D:\Udin\SMP 1\web\pengumuman_kelulusan\system\Commands\Server\rewrite.php(47): require_once('D:\\Udin\\SMP 1\\w...')
#13 {main}
CRITICAL - 2024-02-17 09:17:11 --> Column 'nis' cannot be null
in SYSTEMPATH\Database\BaseConnection.php on line 647.
 1 SYSTEMPATH\Database\BaseBuilder.php(2308): CodeIgniter\Database\BaseConnection->query('INSERT INTO `user` (`nis`, `nama_lengkap`, `kelas`, `tempat_lahir`, `tanggal_lahir`, `berkas`) VALUES (:nis:, :nama_lengkap:, :kelas:, :tempat_lahir:, :tanggal_lahir:, :berkas:)', [...], false)
 2 SYSTEMPATH\Model.php(319): CodeIgniter\Database\BaseBuilder->insert()
 3 SYSTEMPATH\BaseModel.php(788): CodeIgniter\Model->doInsert([...])
 4 SYSTEMPATH\Model.php(715): CodeIgniter\BaseModel->insert([...], true)
 5 APPPATH\Controllers\Admin.php(42): CodeIgniter\Model->insert([...])
 6 SYSTEMPATH\CodeIgniter.php(942): App\Controllers\Admin->simpan()
 7 SYSTEMPATH\CodeIgniter.php(502): CodeIgniter\CodeIgniter->runController(Object(App\Controllers\Admin))
 8 SYSTEMPATH\CodeIgniter.php(361): CodeIgniter\CodeIgniter->handleRequest(null, Object(Config\Cache), false)
 9 FCPATH\index.php(79): CodeIgniter\CodeIgniter->run()
10 SYSTEMPATH\Commands\Server\rewrite.php(47): require_once('D:\\Udin\\SMP 1\\web\\pengumuman_kelulusan\\public\\index.php')
ERROR - 2024-02-17 09:17:58 --> mysqli_sql_exception: Column 'nisn' cannot be null in D:\Udin\SMP 1\web\pengumuman_kelulusan\system\Database\MySQLi\Connection.php:306
Stack trace:
#0 D:\Udin\SMP 1\web\pengumuman_kelulusan\system\Database\MySQLi\Connection.php(306): mysqli->query('INSERT INTO `us...', 0)
#1 D:\Udin\SMP 1\web\pengumuman_kelulusan\system\Database\BaseConnection.php(693): CodeIgniter\Database\MySQLi\Connection->execute('INSERT INTO `us...')
#2 D:\Udin\SMP 1\web\pengumuman_kelulusan\system\Database\BaseConnection.php(607): CodeIgniter\Database\BaseConnection->simpleQuery('INSERT INTO `us...')
#3 D:\Udin\SMP 1\web\pengumuman_kelulusan\system\Database\BaseBuilder.php(2308): CodeIgniter\Database\BaseConnection->query('INSERT INTO `us...', Array, false)
#4 D:\Udin\SMP 1\web\pengumuman_kelulusan\system\Model.php(319): CodeIgniter\Database\BaseBuilder->insert()
#5 D:\Udin\SMP 1\web\pengumuman_kelulusan\system\BaseModel.php(788): CodeIgniter\Model->doInsert(Array)
#6 D:\Udin\SMP 1\web\pengumuman_kelulusan\system\Model.php(715): CodeIgniter\BaseModel->insert(Array, true)
#7 D:\Udin\SMP 1\web\pengumuman_kelulusan\app\Controllers\Admin.php(43): CodeIgniter\Model->insert(Array)
#8 D:\Udin\SMP 1\web\pengumuman_kelulusan\system\CodeIgniter.php(942): App\Controllers\Admin->simpan()
#9 D:\Udin\SMP 1\web\pengumuman_kelulusan\system\CodeIgniter.php(502): CodeIgniter\CodeIgniter->runController(Object(App\Controllers\Admin))
#10 D:\Udin\SMP 1\web\pengumuman_kelulusan\system\CodeIgniter.php(361): CodeIgniter\CodeIgniter->handleRequest(NULL, Object(Config\Cache), false)
#11 D:\Udin\SMP 1\web\pengumuman_kelulusan\public\index.php(79): CodeIgniter\CodeIgniter->run()
#12 D:\Udin\SMP 1\web\pengumuman_kelulusan\system\Commands\Server\rewrite.php(47): require_once('D:\\Udin\\SMP 1\\w...')
#13 {main}
CRITICAL - 2024-02-17 09:17:58 --> Column 'nisn' cannot be null
in SYSTEMPATH\Database\BaseConnection.php on line 647.
 1 SYSTEMPATH\Database\BaseBuilder.php(2308): CodeIgniter\Database\BaseConnection->query('INSERT INTO `user` (`nisn`, `nis`, `nama_lengkap`, `kelas`, `tempat_lahir`, `tanggal_lahir`, `berkas`) VALUES (:nisn:, :nis:, :nama_lengkap:, :kelas:, :tempat_lahir:, :tanggal_lahir:, :berkas:)', [...], false)
 2 SYSTEMPATH\Model.php(319): CodeIgniter\Database\BaseBuilder->insert()
 3 SYSTEMPATH\BaseModel.php(788): CodeIgniter\Model->doInsert([...])
 4 SYSTEMPATH\Model.php(715): CodeIgniter\BaseModel->insert([...], true)
 5 APPPATH\Controllers\Admin.php(43): CodeIgniter\Model->insert([...])
 6 SYSTEMPATH\CodeIgniter.php(942): App\Controllers\Admin->simpan()
 7 SYSTEMPATH\CodeIgniter.php(502): CodeIgniter\CodeIgniter->runController(Object(App\Controllers\Admin))
 8 SYSTEMPATH\CodeIgniter.php(361): CodeIgniter\CodeIgniter->handleRequest(null, Object(Config\Cache), false)
 9 FCPATH\index.php(79): CodeIgniter\CodeIgniter->run()
10 SYSTEMPATH\Commands\Server\rewrite.php(47): require_once('D:\\Udin\\SMP 1\\web\\pengumuman_kelulusan\\public\\index.php')
ERROR - 2024-02-17 09:18:40 --> mysqli_sql_exception: Column 'nisn' cannot be null in D:\Udin\SMP 1\web\pengumuman_kelulusan\system\Database\MySQLi\Connection.php:306
Stack trace:
#0 D:\Udin\SMP 1\web\pengumuman_kelulusan\system\Database\MySQLi\Connection.php(306): mysqli->query('INSERT INTO `us...', 0)
#1 D:\Udin\SMP 1\web\pengumuman_kelulusan\system\Database\BaseConnection.php(693): CodeIgniter\Database\MySQLi\Connection->execute('INSERT INTO `us...')
#2 D:\Udin\SMP 1\web\pengumuman_kelulusan\system\Database\BaseConnection.php(607): CodeIgniter\Database\BaseConnection->simpleQuery('INSERT INTO `us...')
#3 D:\Udin\SMP 1\web\pengumuman_kelulusan\system\Database\BaseBuilder.php(2308): CodeIgniter\Database\BaseConnection->query('INSERT INTO `us...', Array, false)
#4 D:\Udin\SMP 1\web\pengumuman_kelulusan\system\Model.php(319): CodeIgniter\Database\BaseBuilder->insert()
#5 D:\Udin\SMP 1\web\pengumuman_kelulusan\system\BaseModel.php(788): CodeIgniter\Model->doInsert(Array)
#6 D:\Udin\SMP 1\web\pengumuman_kelulusan\system\Model.php(715): CodeIgniter\BaseModel->insert(Array, true)
#7 D:\Udin\SMP 1\web\pengumuman_kelulusan\app\Controllers\Admin.php(43): CodeIgniter\Model->insert(Array)
#8 D:\Udin\SMP 1\web\pengumuman_kelulusan\system\CodeIgniter.php(942): App\Controllers\Admin->simpan()
#9 D:\Udin\SMP 1\web\pengumuman_kelulusan\system\CodeIgniter.php(502): CodeIgniter\CodeIgniter->runController(Object(App\Controllers\Admin))
#10 D:\Udin\SMP 1\web\pengumuman_kelulusan\system\CodeIgniter.php(361): CodeIgniter\CodeIgniter->handleRequest(NULL, Object(Config\Cache), false)
#11 D:\Udin\SMP 1\web\pengumuman_kelulusan\public\index.php(79): CodeIgniter\CodeIgniter->run()
#12 D:\Udin\SMP 1\web\pengumuman_kelulusan\system\Commands\Server\rewrite.php(47): require_once('D:\\Udin\\SMP 1\\w...')
#13 {main}
CRITICAL - 2024-02-17 09:18:40 --> Column 'nisn' cannot be null
in SYSTEMPATH\Database\BaseConnection.php on line 647.
 1 SYSTEMPATH\Database\BaseBuilder.php(2308): CodeIgniter\Database\BaseConnection->query('INSERT INTO `user` (`nisn`, `nis`, `nama_lengkap`, `kelas`, `tempat_lahir`, `tanggal_lahir`, `berkas`) VALUES (:nisn:, :nis:, :nama_lengkap:, :kelas:, :tempat_lahir:, :tanggal_lahir:, :berkas:)', [...], false)
 2 SYSTEMPATH\Model.php(319): CodeIgniter\Database\BaseBuilder->insert()
 3 SYSTEMPATH\BaseModel.php(788): CodeIgniter\Model->doInsert([...])
 4 SYSTEMPATH\Model.php(715): CodeIgniter\BaseModel->insert([...], true)
 5 APPPATH\Controllers\Admin.php(43): CodeIgniter\Model->insert([...])
 6 SYSTEMPATH\CodeIgniter.php(942): App\Controllers\Admin->simpan()
 7 SYSTEMPATH\CodeIgniter.php(502): CodeIgniter\CodeIgniter->runController(Object(App\Controllers\Admin))
 8 SYSTEMPATH\CodeIgniter.php(361): CodeIgniter\CodeIgniter->handleRequest(null, Object(Config\Cache), false)
 9 FCPATH\index.php(79): CodeIgniter\CodeIgniter->run()
10 SYSTEMPATH\Commands\Server\rewrite.php(47): require_once('D:\\Udin\\SMP 1\\web\\pengumuman_kelulusan\\public\\index.php')
ERROR - 2024-02-17 09:18:44 --> mysqli_sql_exception: Column 'nisn' cannot be null in D:\Udin\SMP 1\web\pengumuman_kelulusan\system\Database\MySQLi\Connection.php:306
Stack trace:
#0 D:\Udin\SMP 1\web\pengumuman_kelulusan\system\Database\MySQLi\Connection.php(306): mysqli->query('INSERT INTO `us...', 0)
#1 D:\Udin\SMP 1\web\pengumuman_kelulusan\system\Database\BaseConnection.php(693): CodeIgniter\Database\MySQLi\Connection->execute('INSERT INTO `us...')
#2 D:\Udin\SMP 1\web\pengumuman_kelulusan\system\Database\BaseConnection.php(607): CodeIgniter\Database\BaseConnection->simpleQuery('INSERT INTO `us...')
#3 D:\Udin\SMP 1\web\pengumuman_kelulusan\system\Database\BaseBuilder.php(2308): CodeIgniter\Database\BaseConnection->query('INSERT INTO `us...', Array, false)
#4 D:\Udin\SMP 1\web\pengumuman_kelulusan\system\Model.php(319): CodeIgniter\Database\BaseBuilder->insert()
#5 D:\Udin\SMP 1\web\pengumuman_kelulusan\system\BaseModel.php(788): CodeIgniter\Model->doInsert(Array)
#6 D:\Udin\SMP 1\web\pengumuman_kelulusan\system\Model.php(715): CodeIgniter\BaseModel->insert(Array, true)
#7 D:\Udin\SMP 1\web\pengumuman_kelulusan\app\Controllers\Admin.php(43): CodeIgniter\Model->insert(Array)
#8 D:\Udin\SMP 1\web\pengumuman_kelulusan\system\CodeIgniter.php(942): App\Controllers\Admin->simpan()
#9 D:\Udin\SMP 1\web\pengumuman_kelulusan\system\CodeIgniter.php(502): CodeIgniter\CodeIgniter->runController(Object(App\Controllers\Admin))
#10 D:\Udin\SMP 1\web\pengumuman_kelulusan\system\CodeIgniter.php(361): CodeIgniter\CodeIgniter->handleRequest(NULL, Object(Config\Cache), false)
#11 D:\Udin\SMP 1\web\pengumuman_kelulusan\public\index.php(79): CodeIgniter\CodeIgniter->run()
#12 D:\Udin\SMP 1\web\pengumuman_kelulusan\system\Commands\Server\rewrite.php(47): require_once('D:\\Udin\\SMP 1\\w...')
#13 {main}
CRITICAL - 2024-02-17 09:18:44 --> Column 'nisn' cannot be null
in SYSTEMPATH\Database\BaseConnection.php on line 647.
 1 SYSTEMPATH\Database\BaseBuilder.php(2308): CodeIgniter\Database\BaseConnection->query('INSERT INTO `user` (`nisn`, `nis`, `nama_lengkap`, `kelas`, `tempat_lahir`, `tanggal_lahir`, `berkas`) VALUES (:nisn:, :nis:, :nama_lengkap:, :kelas:, :tempat_lahir:, :tanggal_lahir:, :berkas:)', [...], false)
 2 SYSTEMPATH\Model.php(319): CodeIgniter\Database\BaseBuilder->insert()
 3 SYSTEMPATH\BaseModel.php(788): CodeIgniter\Model->doInsert([...])
 4 SYSTEMPATH\Model.php(715): CodeIgniter\BaseModel->insert([...], true)
 5 APPPATH\Controllers\Admin.php(43): CodeIgniter\Model->insert([...])
 6 SYSTEMPATH\CodeIgniter.php(942): App\Controllers\Admin->simpan()
 7 SYSTEMPATH\CodeIgniter.php(502): CodeIgniter\CodeIgniter->runController(Object(App\Controllers\Admin))
 8 SYSTEMPATH\CodeIgniter.php(361): CodeIgniter\CodeIgniter->handleRequest(null, Object(Config\Cache), false)
 9 FCPATH\index.php(79): CodeIgniter\CodeIgniter->run()
10 SYSTEMPATH\Commands\Server\rewrite.php(47): require_once('D:\\Udin\\SMP 1\\web\\pengumuman_kelulusan\\public\\index.php')
ERROR - 2024-02-17 09:21:09 --> mysqli_sql_exception: Column 'nisn' cannot be null in D:\Udin\SMP 1\web\pengumuman_kelulusan\system\Database\MySQLi\Connection.php:306
Stack trace:
#0 D:\Udin\SMP 1\web\pengumuman_kelulusan\system\Database\MySQLi\Connection.php(306): mysqli->query('INSERT INTO `us...', 0)
#1 D:\Udin\SMP 1\web\pengumuman_kelulusan\system\Database\BaseConnection.php(693): CodeIgniter\Database\MySQLi\Connection->execute('INSERT INTO `us...')
#2 D:\Udin\SMP 1\web\pengumuman_kelulusan\system\Database\BaseConnection.php(607): CodeIgniter\Database\BaseConnection->simpleQuery('INSERT INTO `us...')
#3 D:\Udin\SMP 1\web\pengumuman_kelulusan\system\Database\BaseBuilder.php(2308): CodeIgniter\Database\BaseConnection->query('INSERT INTO `us...', Array, false)
#4 D:\Udin\SMP 1\web\pengumuman_kelulusan\system\Model.php(319): CodeIgniter\Database\BaseBuilder->insert()
#5 D:\Udin\SMP 1\web\pengumuman_kelulusan\system\BaseModel.php(788): CodeIgniter\Model->doInsert(Array)
#6 D:\Udin\SMP 1\web\pengumuman_kelulusan\system\Model.php(715): CodeIgniter\BaseModel->insert(Array, true)
#7 D:\Udin\SMP 1\web\pengumuman_kelulusan\app\Controllers\Admin.php(44): CodeIgniter\Model->insert(Array)
#8 D:\Udin\SMP 1\web\pengumuman_kelulusan\system\CodeIgniter.php(942): App\Controllers\Admin->simpan()
#9 D:\Udin\SMP 1\web\pengumuman_kelulusan\system\CodeIgniter.php(502): CodeIgniter\CodeIgniter->runController(Object(App\Controllers\Admin))
#10 D:\Udin\SMP 1\web\pengumuman_kelulusan\system\CodeIgniter.php(361): CodeIgniter\CodeIgniter->handleRequest(NULL, Object(Config\Cache), false)
#11 D:\Udin\SMP 1\web\pengumuman_kelulusan\public\index.php(79): CodeIgniter\CodeIgniter->run()
#12 D:\Udin\SMP 1\web\pengumuman_kelulusan\system\Commands\Server\rewrite.php(47): require_once('D:\\Udin\\SMP 1\\w...')
#13 {main}
CRITICAL - 2024-02-17 09:21:09 --> Column 'nisn' cannot be null
in SYSTEMPATH\Database\BaseConnection.php on line 647.
 1 SYSTEMPATH\Database\BaseBuilder.php(2308): CodeIgniter\Database\BaseConnection->query('INSERT INTO `user` (`nisn`, `nis`, `nama_lengkap`, `kelas`, `tempat_lahir`, `tanggal_lahir`, `berkas`) VALUES (:nisn:, :nis:, :nama_lengkap:, :kelas:, :tempat_lahir:, :tanggal_lahir:, :berkas:)', [...], false)
 2 SYSTEMPATH\Model.php(319): CodeIgniter\Database\BaseBuilder->insert()
 3 SYSTEMPATH\BaseModel.php(788): CodeIgniter\Model->doInsert([...])
 4 SYSTEMPATH\Model.php(715): CodeIgniter\BaseModel->insert([...], true)
 5 APPPATH\Controllers\Admin.php(44): CodeIgniter\Model->insert([...])
 6 SYSTEMPATH\CodeIgniter.php(942): App\Controllers\Admin->simpan()
 7 SYSTEMPATH\CodeIgniter.php(502): CodeIgniter\CodeIgniter->runController(Object(App\Controllers\Admin))
 8 SYSTEMPATH\CodeIgniter.php(361): CodeIgniter\CodeIgniter->handleRequest(null, Object(Config\Cache), false)
 9 FCPATH\index.php(79): CodeIgniter\CodeIgniter->run()
10 SYSTEMPATH\Commands\Server\rewrite.php(47): require_once('D:\\Udin\\SMP 1\\web\\pengumuman_kelulusan\\public\\index.php')
ERROR - 2024-02-17 09:23:39 --> mysqli_sql_exception: Column 'nisn' cannot be null in D:\Udin\SMP 1\web\pengumuman_kelulusan\system\Database\MySQLi\Connection.php:306
Stack trace:
#0 D:\Udin\SMP 1\web\pengumuman_kelulusan\system\Database\MySQLi\Connection.php(306): mysqli->query('INSERT INTO `us...', 0)
#1 D:\Udin\SMP 1\web\pengumuman_kelulusan\system\Database\BaseConnection.php(693): CodeIgniter\Database\MySQLi\Connection->execute('INSERT INTO `us...')
#2 D:\Udin\SMP 1\web\pengumuman_kelulusan\system\Database\BaseConnection.php(607): CodeIgniter\Database\BaseConnection->simpleQuery('INSERT INTO `us...')
#3 D:\Udin\SMP 1\web\pengumuman_kelulusan\system\Database\BaseBuilder.php(2308): CodeIgniter\Database\BaseConnection->query('INSERT INTO `us...', Array, false)
#4 D:\Udin\SMP 1\web\pengumuman_kelulusan\system\Model.php(319): CodeIgniter\Database\BaseBuilder->insert()
#5 D:\Udin\SMP 1\web\pengumuman_kelulusan\system\BaseModel.php(788): CodeIgniter\Model->doInsert(Array)
#6 D:\Udin\SMP 1\web\pengumuman_kelulusan\system\Model.php(715): CodeIgniter\BaseModel->insert(Array, true)
#7 D:\Udin\SMP 1\web\pengumuman_kelulusan\app\Controllers\Admin.php(44): CodeIgniter\Model->insert(Array)
#8 D:\Udin\SMP 1\web\pengumuman_kelulusan\system\CodeIgniter.php(942): App\Controllers\Admin->simpan()
#9 D:\Udin\SMP 1\web\pengumuman_kelulusan\system\CodeIgniter.php(502): CodeIgniter\CodeIgniter->runController(Object(App\Controllers\Admin))
#10 D:\Udin\SMP 1\web\pengumuman_kelulusan\system\CodeIgniter.php(361): CodeIgniter\CodeIgniter->handleRequest(NULL, Object(Config\Cache), false)
#11 D:\Udin\SMP 1\web\pengumuman_kelulusan\public\index.php(79): CodeIgniter\CodeIgniter->run()
#12 D:\Udin\SMP 1\web\pengumuman_kelulusan\system\Commands\Server\rewrite.php(47): require_once('D:\\Udin\\SMP 1\\w...')
#13 {main}
CRITICAL - 2024-02-17 09:23:39 --> Column 'nisn' cannot be null
in SYSTEMPATH\Database\BaseConnection.php on line 647.
 1 SYSTEMPATH\Database\BaseBuilder.php(2308): CodeIgniter\Database\BaseConnection->query('INSERT INTO `user` (`nisn`, `nis`, `nama_lengkap`, `kelas`, `tempat_lahir`, `tanggal_lahir`, `berkas`) VALUES (:nisn:, :nis:, :nama_lengkap:, :kelas:, :tempat_lahir:, :tanggal_lahir:, :berkas:)', [...], false)
 2 SYSTEMPATH\Model.php(319): CodeIgniter\Database\BaseBuilder->insert()
 3 SYSTEMPATH\BaseModel.php(788): CodeIgniter\Model->doInsert([...])
 4 SYSTEMPATH\Model.php(715): CodeIgniter\BaseModel->insert([...], true)
 5 APPPATH\Controllers\Admin.php(44): CodeIgniter\Model->insert([...])
 6 SYSTEMPATH\CodeIgniter.php(942): App\Controllers\Admin->simpan()
 7 SYSTEMPATH\CodeIgniter.php(502): CodeIgniter\CodeIgniter->runController(Object(App\Controllers\Admin))
 8 SYSTEMPATH\CodeIgniter.php(361): CodeIgniter\CodeIgniter->handleRequest(null, Object(Config\Cache), false)
 9 FCPATH\index.php(79): CodeIgniter\CodeIgniter->run()
10 SYSTEMPATH\Commands\Server\rewrite.php(47): require_once('D:\\Udin\\SMP 1\\web\\pengumuman_kelulusan\\public\\index.php')
ERROR - 2024-02-17 09:24:28 --> mysqli_sql_exception: Column 'nisn' cannot be null in D:\Udin\SMP 1\web\pengumuman_kelulusan\system\Database\MySQLi\Connection.php:306
Stack trace:
#0 D:\Udin\SMP 1\web\pengumuman_kelulusan\system\Database\MySQLi\Connection.php(306): mysqli->query('INSERT INTO `us...', 0)
#1 D:\Udin\SMP 1\web\pengumuman_kelulusan\system\Database\BaseConnection.php(693): CodeIgniter\Database\MySQLi\Connection->execute('INSERT INTO `us...')
#2 D:\Udin\SMP 1\web\pengumuman_kelulusan\system\Database\BaseConnection.php(607): CodeIgniter\Database\BaseConnection->simpleQuery('INSERT INTO `us...')
#3 D:\Udin\SMP 1\web\pengumuman_kelulusan\system\Database\BaseBuilder.php(2308): CodeIgniter\Database\BaseConnection->query('INSERT INTO `us...', Array, false)
#4 D:\Udin\SMP 1\web\pengumuman_kelulusan\system\Model.php(319): CodeIgniter\Database\BaseBuilder->insert()
#5 D:\Udin\SMP 1\web\pengumuman_kelulusan\system\BaseModel.php(788): CodeIgniter\Model->doInsert(Array)
#6 D:\Udin\SMP 1\web\pengumuman_kelulusan\system\Model.php(715): CodeIgniter\BaseModel->insert(Array, true)
#7 D:\Udin\SMP 1\web\pengumuman_kelulusan\app\Controllers\Admin.php(44): CodeIgniter\Model->insert(Array)
#8 D:\Udin\SMP 1\web\pengumuman_kelulusan\system\CodeIgniter.php(942): App\Controllers\Admin->simpan()
#9 D:\Udin\SMP 1\web\pengumuman_kelulusan\system\CodeIgniter.php(502): CodeIgniter\CodeIgniter->runController(Object(App\Controllers\Admin))
#10 D:\Udin\SMP 1\web\pengumuman_kelulusan\system\CodeIgniter.php(361): CodeIgniter\CodeIgniter->handleRequest(NULL, Object(Config\Cache), false)
#11 D:\Udin\SMP 1\web\pengumuman_kelulusan\public\index.php(79): CodeIgniter\CodeIgniter->run()
#12 D:\Udin\SMP 1\web\pengumuman_kelulusan\system\Commands\Server\rewrite.php(47): require_once('D:\\Udin\\SMP 1\\w...')
#13 {main}
CRITICAL - 2024-02-17 09:24:28 --> Column 'nisn' cannot be null
in SYSTEMPATH\Database\BaseConnection.php on line 647.
 1 SYSTEMPATH\Database\BaseBuilder.php(2308): CodeIgniter\Database\BaseConnection->query('INSERT INTO `user` (`nisn`, `nis`, `nama_lengkap`, `kelas`, `tempat_lahir`, `tanggal_lahir`, `berkas`) VALUES (:nisn:, :nis:, :nama_lengkap:, :kelas:, :tempat_lahir:, :tanggal_lahir:, :berkas:)', [...], false)
 2 SYSTEMPATH\Model.php(319): CodeIgniter\Database\BaseBuilder->insert()
 3 SYSTEMPATH\BaseModel.php(788): CodeIgniter\Model->doInsert([...])
 4 SYSTEMPATH\Model.php(715): CodeIgniter\BaseModel->insert([...], true)
 5 APPPATH\Controllers\Admin.php(44): CodeIgniter\Model->insert([...])
 6 SYSTEMPATH\CodeIgniter.php(942): App\Controllers\Admin->simpan()
 7 SYSTEMPATH\CodeIgniter.php(502): CodeIgniter\CodeIgniter->runController(Object(App\Controllers\Admin))
 8 SYSTEMPATH\CodeIgniter.php(361): CodeIgniter\CodeIgniter->handleRequest(null, Object(Config\Cache), false)
 9 FCPATH\index.php(79): CodeIgniter\CodeIgniter->run()
10 SYSTEMPATH\Commands\Server\rewrite.php(47): require_once('D:\\Udin\\SMP 1\\web\\pengumuman_kelulusan\\public\\index.php')
ERROR - 2024-02-17 09:24:52 --> mysqli_sql_exception: Column 'nisn' cannot be null in D:\Udin\SMP 1\web\pengumuman_kelulusan\system\Database\MySQLi\Connection.php:306
Stack trace:
#0 D:\Udin\SMP 1\web\pengumuman_kelulusan\system\Database\MySQLi\Connection.php(306): mysqli->query('INSERT INTO `us...', 0)
#1 D:\Udin\SMP 1\web\pengumuman_kelulusan\system\Database\BaseConnection.php(693): CodeIgniter\Database\MySQLi\Connection->execute('INSERT INTO `us...')
#2 D:\Udin\SMP 1\web\pengumuman_kelulusan\system\Database\BaseConnection.php(607): CodeIgniter\Database\BaseConnection->simpleQuery('INSERT INTO `us...')
#3 D:\Udin\SMP 1\web\pengumuman_kelulusan\system\Database\BaseBuilder.php(2308): CodeIgniter\Database\BaseConnection->query('INSERT INTO `us...', Array, false)
#4 D:\Udin\SMP 1\web\pengumuman_kelulusan\system\Model.php(319): CodeIgniter\Database\BaseBuilder->insert()
#5 D:\Udin\SMP 1\web\pengumuman_kelulusan\system\BaseModel.php(788): CodeIgniter\Model->doInsert(Array)
#6 D:\Udin\SMP 1\web\pengumuman_kelulusan\system\Model.php(715): CodeIgniter\BaseModel->insert(Array, true)
#7 D:\Udin\SMP 1\web\pengumuman_kelulusan\app\Controllers\Admin.php(44): CodeIgniter\Model->insert(Array)
#8 D:\Udin\SMP 1\web\pengumuman_kelulusan\system\CodeIgniter.php(942): App\Controllers\Admin->simpan()
#9 D:\Udin\SMP 1\web\pengumuman_kelulusan\system\CodeIgniter.php(502): CodeIgniter\CodeIgniter->runController(Object(App\Controllers\Admin))
#10 D:\Udin\SMP 1\web\pengumuman_kelulusan\system\CodeIgniter.php(361): CodeIgniter\CodeIgniter->handleRequest(NULL, Object(Config\Cache), false)
#11 D:\Udin\SMP 1\web\pengumuman_kelulusan\public\index.php(79): CodeIgniter\CodeIgniter->run()
#12 D:\Udin\SMP 1\web\pengumuman_kelulusan\system\Commands\Server\rewrite.php(47): require_once('D:\\Udin\\SMP 1\\w...')
#13 {main}
CRITICAL - 2024-02-17 09:24:52 --> Column 'nisn' cannot be null
in SYSTEMPATH\Database\BaseConnection.php on line 647.
 1 SYSTEMPATH\Database\BaseBuilder.php(2308): CodeIgniter\Database\BaseConnection->query('INSERT INTO `user` (`nisn`, `nis`, `nama_lengkap`, `kelas`, `tempat_lahir`, `tanggal_lahir`, `berkas`) VALUES (:nisn:, :nis:, :nama_lengkap:, :kelas:, :tempat_lahir:, :tanggal_lahir:, :berkas:)', [...], false)
 2 SYSTEMPATH\Model.php(319): CodeIgniter\Database\BaseBuilder->insert()
 3 SYSTEMPATH\BaseModel.php(788): CodeIgniter\Model->doInsert([...])
 4 SYSTEMPATH\Model.php(715): CodeIgniter\BaseModel->insert([...], true)
 5 APPPATH\Controllers\Admin.php(44): CodeIgniter\Model->insert([...])
 6 SYSTEMPATH\CodeIgniter.php(942): App\Controllers\Admin->simpan()
 7 SYSTEMPATH\CodeIgniter.php(502): CodeIgniter\CodeIgniter->runController(Object(App\Controllers\Admin))
 8 SYSTEMPATH\CodeIgniter.php(361): CodeIgniter\CodeIgniter->handleRequest(null, Object(Config\Cache), false)
 9 FCPATH\index.php(79): CodeIgniter\CodeIgniter->run()
10 SYSTEMPATH\Commands\Server\rewrite.php(47): require_once('D:\\Udin\\SMP 1\\web\\pengumuman_kelulusan\\public\\index.php')
INFO - 2024-02-17 09:47:28 --> Session: Class initialized using 'CodeIgniter\Session\Handlers\FileHandler' driver.
INFO - 2024-02-17 09:47:44 --> Session: Class initialized using 'CodeIgniter\Session\Handlers\FileHandler' driver.
INFO - 2024-02-17 09:49:28 --> Session: Class initialized using 'CodeIgniter\Session\Handlers\FileHandler' driver.
INFO - 2024-02-17 09:49:47 --> Session: Class initialized using 'CodeIgniter\Session\Handlers\FileHandler' driver.
INFO - 2024-02-17 09:49:48 --> Session: Class initialized using 'CodeIgniter\Session\Handlers\FileHandler' driver.
INFO - 2024-02-17 09:49:50 --> Session: Class initialized using 'CodeIgniter\Session\Handlers\FileHandler' driver.
INFO - 2024-02-17 09:50:06 --> Session: Class initialized using 'CodeIgniter\Session\Handlers\FileHandler' driver.
INFO - 2024-02-17 09:50:10 --> Session: Class initialized using 'CodeIgniter\Session\Handlers\FileHandler' driver.
INFO - 2024-02-17 09:50:10 --> Session: Class initialized using 'CodeIgniter\Session\Handlers\FileHandler' driver.
INFO - 2024-02-17 09:50:16 --> Session: Class initialized using 'CodeIgniter\Session\Handlers\FileHandler' driver.
INFO - 2024-02-17 09:50:16 --> Session: Class initialized using 'CodeIgniter\Session\Handlers\FileHandler' driver.
INFO - 2024-02-17 09:50:23 --> Session: Class initialized using 'CodeIgniter\Session\Handlers\FileHandler' driver.
INFO - 2024-02-17 09:50:23 --> Session: Class initialized using 'CodeIgniter\Session\Handlers\FileHandler' driver.
INFO - 2024-02-17 09:50:50 --> Session: Class initialized using 'CodeIgniter\Session\Handlers\FileHandler' driver.
INFO - 2024-02-17 09:50:54 --> Session: Class initialized using 'CodeIgniter\Session\Handlers\FileHandler' driver.
INFO - 2024-02-17 09:50:56 --> Session: Class initialized using 'CodeIgniter\Session\Handlers\FileHandler' driver.
INFO - 2024-02-17 09:50:56 --> Session: Class initialized using 'CodeIgniter\Session\Handlers\FileHandler' driver.
INFO - 2024-02-17 09:50:59 --> Session: Class initialized using 'CodeIgniter\Session\Handlers\FileHandler' driver.
INFO - 2024-02-17 09:51:07 --> Session: Class initialized using 'CodeIgniter\Session\Handlers\FileHandler' driver.
INFO - 2024-02-17 09:51:08 --> Session: Class initialized using 'CodeIgniter\Session\Handlers\FileHandler' driver.
INFO - 2024-02-17 10:15:16 --> Session: Class initialized using 'CodeIgniter\Session\Handlers\FileHandler' driver.
INFO - 2024-02-17 10:19:43 --> Session: Class initialized using 'CodeIgniter\Session\Handlers\FileHandler' driver.
INFO - 2024-02-17 10:19:54 --> Session: Class initialized using 'CodeIgniter\Session\Handlers\FileHandler' driver.
INFO - 2024-02-17 10:29:48 --> Session: Class initialized using 'CodeIgniter\Session\Handlers\FileHandler' driver.
INFO - 2024-02-17 10:40:36 --> Session: Class initialized using 'CodeIgniter\Session\Handlers\FileHandler' driver.
INFO - 2024-02-17 10:40:45 --> Session: Class initialized using 'CodeIgniter\Session\Handlers\FileHandler' driver.
CRITICAL - 2024-02-17 10:42:10 --> Trying to access array offset on value of type null
in APPPATH\Views\detail_admin_view.php on line 6.
 1 APPPATH\Views\detail_admin_view.php(6): CodeIgniter\Debug\Exceptions->errorHandler(2, 'Trying to access array offset on value of type null', 'D:\\Udin\\SMP 1\\web\\pengumuman_kelulusan\\app\\Views\\detail_admin_view.php', 6)
 2 SYSTEMPATH\View\View.php(228): include('D:\\Udin\\SMP 1\\web\\pengumuman_kelulusan\\app\\Views\\detail_admin_view.php')
 3 SYSTEMPATH\View\View.php(231): CodeIgniter\View\View->CodeIgniter\View\{closure}()
 4 SYSTEMPATH\Common.php(1190): CodeIgniter\View\View->render('detail_admin_view', [], true)
 5 APPPATH\Controllers\Admin.php(65): view('detail_admin_view', [...])
 6 SYSTEMPATH\CodeIgniter.php(942): App\Controllers\Admin->detail('www.google.com')
 7 SYSTEMPATH\CodeIgniter.php(502): CodeIgniter\CodeIgniter->runController(Object(App\Controllers\Admin))
 8 SYSTEMPATH\CodeIgniter.php(361): CodeIgniter\CodeIgniter->handleRequest(null, Object(Config\Cache), false)
 9 FCPATH\index.php(79): CodeIgniter\CodeIgniter->run()
10 SYSTEMPATH\Commands\Server\rewrite.php(47): require_once('D:\\Udin\\SMP 1\\web\\pengumuman_kelulusan\\public\\index.php')
INFO - 2024-02-17 10:42:52 --> Session: Class initialized using 'CodeIgniter\Session\Handlers\FileHandler' driver.
INFO - 2024-02-17 10:47:36 --> Session: Class initialized using 'CodeIgniter\Session\Handlers\FileHandler' driver.
CRITICAL - 2024-02-17 10:47:38 --> Invalid file: "edit_admin_view.php"
in SYSTEMPATH\Exceptions\FrameworkException.php on line 39.
 1 SYSTEMPATH\View\View.php(216): CodeIgniter\Exceptions\FrameworkException::forInvalidFile('edit_admin_view.php')
 2 SYSTEMPATH\Common.php(1190): CodeIgniter\View\View->render('edit_admin_view', [], true)
 3 APPPATH\Controllers\Admin.php(77): view('edit_admin_view', [...])
 4 SYSTEMPATH\CodeIgniter.php(942): App\Controllers\Admin->edit('1')
 5 SYSTEMPATH\CodeIgniter.php(502): CodeIgniter\CodeIgniter->runController(Object(App\Controllers\Admin))
 6 SYSTEMPATH\CodeIgniter.php(361): CodeIgniter\CodeIgniter->handleRequest(null, Object(Config\Cache), false)
 7 FCPATH\index.php(79): CodeIgniter\CodeIgniter->run()
 8 SYSTEMPATH\Commands\Server\rewrite.php(47): require_once('D:\\Udin\\SMP 1\\web\\pengumuman_kelulusan\\public\\index.php')
INFO - 2024-02-17 10:48:09 --> Session: Class initialized using 'CodeIgniter\Session\Handlers\FileHandler' driver.
CRITICAL - 2024-02-17 10:57:03 --> syntax error, unexpected token ";"
in APPPATH\Views\edit_admin_view.php on line 24.
 1 SYSTEMPATH\View\View.php(231): CodeIgniter\View\View->CodeIgniter\View\{closure}()
 2 SYSTEMPATH\Common.php(1190): CodeIgniter\View\View->render('edit_admin_view', [], true)
 3 APPPATH\Controllers\Admin.php(80): view('edit_admin_view', [...])
 4 SYSTEMPATH\CodeIgniter.php(942): App\Controllers\Admin->edit('1')
 5 SYSTEMPATH\CodeIgniter.php(502): CodeIgniter\CodeIgniter->runController(Object(App\Controllers\Admin))
 6 SYSTEMPATH\CodeIgniter.php(361): CodeIgniter\CodeIgniter->handleRequest(null, Object(Config\Cache), false)
 7 FCPATH\index.php(79): CodeIgniter\CodeIgniter->run()
 8 SYSTEMPATH\Commands\Server\rewrite.php(47): require_once('D:\\Udin\\SMP 1\\web\\pengumuman_kelulusan\\public\\index.php')
CRITICAL - 2024-02-17 11:01:58 --> syntax error, unexpected token "}"
in APPPATH\Controllers\Admin.php on line 98.
 1 SYSTEMPATH\Router\Router.php(514): CodeIgniter\Router\AutoRouter->getRoute('admin/edit/1', 'get')
 2 SYSTEMPATH\Router\Router.php(210): CodeIgniter\Router\Router->autoRoute('admin/edit/1')
 3 SYSTEMPATH\CodeIgniter.php(823): CodeIgniter\Router\Router->handle('admin/edit/1')
 4 SYSTEMPATH\CodeIgniter.php(450): CodeIgniter\CodeIgniter->tryToRouteIt(Object(CodeIgniter\Router\RouteCollection))
 5 SYSTEMPATH\CodeIgniter.php(361): CodeIgniter\CodeIgniter->handleRequest(null, Object(Config\Cache), false)
 6 FCPATH\index.php(79): CodeIgniter\CodeIgniter->run()
 7 SYSTEMPATH\Commands\Server\rewrite.php(47): require_once('D:\\Udin\\SMP 1\\web\\pengumuman_kelulusan\\public\\index.php')
INFO - 2024-02-17 11:02:12 --> Session: Class initialized using 'CodeIgniter\Session\Handlers\FileHandler' driver.
INFO - 2024-02-17 11:02:19 --> Session: Class initialized using 'CodeIgniter\Session\Handlers\FileHandler' driver.
INFO - 2024-02-17 11:03:56 --> Session: Class initialized using 'CodeIgniter\Session\Handlers\FileHandler' driver.
INFO - 2024-02-17 11:03:56 --> Session: Class initialized using 'CodeIgniter\Session\Handlers\FileHandler' driver.
INFO - 2024-02-17 11:04:01 --> Session: Class initialized using 'CodeIgniter\Session\Handlers\FileHandler' driver.
INFO - 2024-02-17 11:04:09 --> Session: Class initialized using 'CodeIgniter\Session\Handlers\FileHandler' driver.
INFO - 2024-02-17 11:04:09 --> Session: Class initialized using 'CodeIgniter\Session\Handlers\FileHandler' driver.
INFO - 2024-02-17 11:06:43 --> Session: Class initialized using 'CodeIgniter\Session\Handlers\FileHandler' driver.
INFO - 2024-02-17 11:06:51 --> Session: Class initialized using 'CodeIgniter\Session\Handlers\FileHandler' driver.
CRITICAL - 2024-02-17 11:06:51 --> CodeIgniter\HTTP\RedirectResponse::to(): Argument #2 ($code) must be of type ?int, array given, called in D:\Udin\SMP 1\web\pengumuman_kelulusan\app\Controllers\Admin.php on line 103
in SYSTEMPATH\HTTP\RedirectResponse.php on line 34.
 1 APPPATH\Controllers\Admin.php(103): CodeIgniter\HTTP\RedirectResponse->to('admin/dashboard', [...])
 2 SYSTEMPATH\CodeIgniter.php(942): App\Controllers\Admin->update()
 3 SYSTEMPATH\CodeIgniter.php(502): CodeIgniter\CodeIgniter->runController(Object(App\Controllers\Admin))
 4 SYSTEMPATH\CodeIgniter.php(361): CodeIgniter\CodeIgniter->handleRequest(null, Object(Config\Cache), false)
 5 FCPATH\index.php(79): CodeIgniter\CodeIgniter->run()
 6 SYSTEMPATH\Commands\Server\rewrite.php(47): require_once('D:\\Udin\\SMP 1\\web\\pengumuman_kelulusan\\public\\index.php')
INFO - 2024-02-17 11:07:08 --> Session: Class initialized using 'CodeIgniter\Session\Handlers\FileHandler' driver.
INFO - 2024-02-17 11:07:08 --> Session: Class initialized using 'CodeIgniter\Session\Handlers\FileHandler' driver.
INFO - 2024-02-17 11:08:34 --> Session: Class initialized using 'CodeIgniter\Session\Handlers\FileHandler' driver.
INFO - 2024-02-17 11:08:48 --> Session: Class initialized using 'CodeIgniter\Session\Handlers\FileHandler' driver.
INFO - 2024-02-17 11:08:48 --> Session: Class initialized using 'CodeIgniter\Session\Handlers\FileHandler' driver.
INFO - 2024-02-17 11:09:02 --> Session: Class initialized using 'CodeIgniter\Session\Handlers\FileHandler' driver.
INFO - 2024-02-17 11:09:42 --> Session: Class initialized using 'CodeIgniter\Session\Handlers\FileHandler' driver.
INFO - 2024-02-17 11:09:49 --> Session: Class initialized using 'CodeIgniter\Session\Handlers\FileHandler' driver.
INFO - 2024-02-17 11:09:49 --> Session: Class initialized using 'CodeIgniter\Session\Handlers\FileHandler' driver.
INFO - 2024-02-17 11:20:25 --> Session: Class initialized using 'CodeIgniter\Session\Handlers\FileHandler' driver.
INFO - 2024-02-17 11:25:34 --> Session: Class initialized using 'CodeIgniter\Session\Handlers\FileHandler' driver.
INFO - 2024-02-17 11:25:34 --> Session: Class initialized using 'CodeIgniter\Session\Handlers\FileHandler' driver.
INFO - 2024-02-17 11:28:46 --> Session: Class initialized using 'CodeIgniter\Session\Handlers\FileHandler' driver.
INFO - 2024-02-17 11:28:54 --> Session: Class initialized using 'CodeIgniter\Session\Handlers\FileHandler' driver.
INFO - 2024-02-17 11:28:54 --> Session: Class initialized using 'CodeIgniter\Session\Handlers\FileHandler' driver.
INFO - 2024-02-17 11:33:06 --> Session: Class initialized using 'CodeIgniter\Session\Handlers\FileHandler' driver.
INFO - 2024-02-17 11:33:20 --> Session: Class initialized using 'CodeIgniter\Session\Handlers\FileHandler' driver.
INFO - 2024-02-17 11:33:20 --> Session: Class initialized using 'CodeIgniter\Session\Handlers\FileHandler' driver.
INFO - 2024-02-17 11:34:21 --> Session: Class initialized using 'CodeIgniter\Session\Handlers\FileHandler' driver.
INFO - 2024-02-17 11:34:28 --> Session: Class initialized using 'CodeIgniter\Session\Handlers\FileHandler' driver.
INFO - 2024-02-17 11:34:28 --> Session: Class initialized using 'CodeIgniter\Session\Handlers\FileHandler' driver.
INFO - 2024-02-17 11:35:15 --> Session: Class initialized using 'CodeIgniter\Session\Handlers\FileHandler' driver.
INFO - 2024-02-17 11:35:24 --> Session: Class initialized using 'CodeIgniter\Session\Handlers\FileHandler' driver.
INFO - 2024-02-17 11:35:24 --> Session: Class initialized using 'CodeIgniter\Session\Handlers\FileHandler' driver.
INFO - 2024-02-17 11:35:28 --> Session: Class initialized using 'CodeIgniter\Session\Handlers\FileHandler' driver.
INFO - 2024-02-17 11:37:35 --> Session: Class initialized using 'CodeIgniter\Session\Handlers\FileHandler' driver.
INFO - 2024-02-17 11:37:43 --> Session: Class initialized using 'CodeIgniter\Session\Handlers\FileHandler' driver.
INFO - 2024-02-17 11:37:44 --> Session: Class initialized using 'CodeIgniter\Session\Handlers\FileHandler' driver.
INFO - 2024-02-17 11:40:07 --> Session: Class initialized using 'CodeIgniter\Session\Handlers\FileHandler' driver.
INFO - 2024-02-17 11:40:15 --> Session: Class initialized using 'CodeIgniter\Session\Handlers\FileHandler' driver.
INFO - 2024-02-17 11:40:44 --> Session: Class initialized using 'CodeIgniter\Session\Handlers\FileHandler' driver.
INFO - 2024-02-17 11:40:46 --> Session: Class initialized using 'CodeIgniter\Session\Handlers\FileHandler' driver.
INFO - 2024-02-17 11:40:54 --> Session: Class initialized using 'CodeIgniter\Session\Handlers\FileHandler' driver.
INFO - 2024-02-17 11:40:54 --> Session: Class initialized using 'CodeIgniter\Session\Handlers\FileHandler' driver.
INFO - 2024-02-17 11:54:05 --> Session: Class initialized using 'CodeIgniter\Session\Handlers\FileHandler' driver.
INFO - 2024-02-17 11:56:53 --> Session: Class initialized using 'CodeIgniter\Session\Handlers\FileHandler' driver.
INFO - 2024-02-17 11:57:54 --> Session: Class initialized using 'CodeIgniter\Session\Handlers\FileHandler' driver.
INFO - 2024-02-17 12:05:06 --> Session: Class initialized using 'CodeIgniter\Session\Handlers\FileHandler' driver.
INFO - 2024-02-17 12:05:07 --> Session: Class initialized using 'CodeIgniter\Session\Handlers\FileHandler' driver.
INFO - 2024-02-17 12:05:11 --> Session: Class initialized using 'CodeIgniter\Session\Handlers\FileHandler' driver.
INFO - 2024-02-17 12:05:12 --> Session: Class initialized using 'CodeIgniter\Session\Handlers\FileHandler' driver.
INFO - 2024-02-17 12:05:15 --> Session: Class initialized using 'CodeIgniter\Session\Handlers\FileHandler' driver.
INFO - 2024-02-17 12:05:16 --> Session: Class initialized using 'CodeIgniter\Session\Handlers\FileHandler' driver.
INFO - 2024-02-17 12:05:20 --> Session: Class initialized using 'CodeIgniter\Session\Handlers\FileHandler' driver.
INFO - 2024-02-17 12:05:20 --> Session: Class initialized using 'CodeIgniter\Session\Handlers\FileHandler' driver.
INFO - 2024-02-17 12:05:35 --> Session: Class initialized using 'CodeIgniter\Session\Handlers\FileHandler' driver.
INFO - 2024-02-17 12:05:36 --> Session: Class initialized using 'CodeIgniter\Session\Handlers\FileHandler' driver.
INFO - 2024-02-17 13:34:05 --> Session: Class initialized using 'CodeIgniter\Session\Handlers\FileHandler' driver.
INFO - 2024-02-17 13:35:18 --> Session: Class initialized using 'CodeIgniter\Session\Handlers\FileHandler' driver.
INFO - 2024-02-17 13:35:19 --> Session: Class initialized using 'CodeIgniter\Session\Handlers\FileHandler' driver.
INFO - 2024-02-17 13:35:34 --> Session: Class initialized using 'CodeIgniter\Session\Handlers\FileHandler' driver.
INFO - 2024-02-17 13:35:38 --> Session: Class initialized using 'CodeIgniter\Session\Handlers\FileHandler' driver.
INFO - 2024-02-17 13:35:38 --> Session: Class initialized using 'CodeIgniter\Session\Handlers\FileHandler' driver.
INFO - 2024-02-17 23:48:46 --> Session: Class initialized using 'CodeIgniter\Session\Handlers\FileHandler' driver.
INFO - 2024-02-17 23:54:04 --> Session: Class initialized using 'CodeIgniter\Session\Handlers\FileHandler' driver.
CRITICAL - 2024-02-17 23:54:11 --> Trying to access array offset on value of type null
in APPPATH\Views\edit_admin_view.php on line 12.
 1 APPPATH\Views\edit_admin_view.php(12): CodeIgniter\Debug\Exceptions->errorHandler(2, 'Trying to access array offset on value of type null', 'D:\\Udin\\SMP 1\\web\\pengumuman_kelulusan\\app\\Views\\edit_admin_view.php', 12)
 2 SYSTEMPATH\View\View.php(228): include('D:\\Udin\\SMP 1\\web\\pengumuman_kelulusan\\app\\Views\\edit_admin_view.php')
 3 SYSTEMPATH\View\View.php(231): CodeIgniter\View\View->CodeIgniter\View\{closure}()
 4 SYSTEMPATH\Common.php(1190): CodeIgniter\View\View->render('edit_admin_view', [], true)
 5 APPPATH\Controllers\Admin.php(80): view('edit_admin_view', [...])
 6 SYSTEMPATH\CodeIgniter.php(942): App\Controllers\Admin->edit('admin', 'update')
 7 SYSTEMPATH\CodeIgniter.php(502): CodeIgniter\CodeIgniter->runController(Object(App\Controllers\Admin))
 8 SYSTEMPATH\CodeIgniter.php(361): CodeIgniter\CodeIgniter->handleRequest(null, Object(Config\Cache), false)
 9 FCPATH\index.php(79): CodeIgniter\CodeIgniter->run()
10 SYSTEMPATH\Commands\Server\rewrite.php(47): require_once('D:\\Udin\\SMP 1\\web\\pengumuman_kelulusan\\public\\index.php')
CRITICAL - 2024-02-17 23:54:49 --> Trying to access array offset on value of type null
in APPPATH\Views\edit_admin_view.php on line 12.
 1 APPPATH\Views\edit_admin_view.php(12): CodeIgniter\Debug\Exceptions->errorHandler(2, 'Trying to access array offset on value of type null', 'D:\\Udin\\SMP 1\\web\\pengumuman_kelulusan\\app\\Views\\edit_admin_view.php', 12)
 2 SYSTEMPATH\View\View.php(228): include('D:\\Udin\\SMP 1\\web\\pengumuman_kelulusan\\app\\Views\\edit_admin_view.php')
 3 SYSTEMPATH\View\View.php(231): CodeIgniter\View\View->CodeIgniter\View\{closure}()
 4 SYSTEMPATH\Common.php(1190): CodeIgniter\View\View->render('edit_admin_view', [], true)
 5 APPPATH\Controllers\Admin.php(80): view('edit_admin_view', [...])
 6 SYSTEMPATH\CodeIgniter.php(942): App\Controllers\Admin->edit('admin', 'update')
 7 SYSTEMPATH\CodeIgniter.php(502): CodeIgniter\CodeIgniter->runController(Object(App\Controllers\Admin))
 8 SYSTEMPATH\CodeIgniter.php(361): CodeIgniter\CodeIgniter->handleRequest(null, Object(Config\Cache), false)
 9 FCPATH\index.php(79): CodeIgniter\CodeIgniter->run()
10 SYSTEMPATH\Commands\Server\rewrite.php(47): require_once('D:\\Udin\\SMP 1\\web\\pengumuman_kelulusan\\public\\index.php')
INFO - 2024-02-17 23:55:07 --> Session: Class initialized using 'CodeIgniter\Session\Handlers\FileHandler' driver.
INFO - 2024-02-17 23:56:29 --> Session: Class initialized using 'CodeIgniter\Session\Handlers\FileHandler' driver.
INFO - 2024-02-17 23:56:30 --> Session: Class initialized using 'CodeIgniter\Session\Handlers\FileHandler' driver.
INFO - 2024-02-17 23:56:41 --> Session: Class initialized using 'CodeIgniter\Session\Handlers\FileHandler' driver.
INFO - 2024-02-17 23:56:41 --> Session: Class initialized using 'CodeIgniter\Session\Handlers\FileHandler' driver.
INFO - 2024-02-17 23:57:21 --> Session: Class initialized using 'CodeIgniter\Session\Handlers\FileHandler' driver.
INFO - 2024-02-17 23:57:21 --> Session: Class initialized using 'CodeIgniter\Session\Handlers\FileHandler' driver.
INFO - 2024-02-17 23:58:02 --> Session: Class initialized using 'CodeIgniter\Session\Handlers\FileHandler' driver.
INFO - 2024-02-17 23:58:09 --> Session: Class initialized using 'CodeIgniter\Session\Handlers\FileHandler' driver.
INFO - 2024-02-17 23:58:09 --> Session: Class initialized using 'CodeIgniter\Session\Handlers\FileHandler' driver.
